{"F:\\work\\ai-job-assistant\\src\\background\\anthropic-client.js": {"path":"F:\\work\\ai-job-assistant\\src\\background\\anthropic-client.js","statementMap":{"0":{"start":{"line":15,"column":23},"end":{"line":15,"column":53}},"1":{"start":{"line":16,"column":26},"end":{"line":16,"column":38}},"2":{"start":{"line":19,"column":21},"end":{"line":19,"column":58}},"3":{"start":{"line":20,"column":22},"end":{"line":20,"column":65}},"4":{"start":{"line":22,"column":19},"end":{"line":26,"column":3}},"5":{"start":{"line":29,"column":2},"end":{"line":33,"column":3}},"6":{"start":{"line":30,"column":4},"end":{"line":30,"column":55}},"7":{"start":{"line":32,"column":4},"end":{"line":32,"column":90}},"8":{"start":{"line":35,"column":2},"end":{"line":35,"column":75}},"9":{"start":{"line":39,"column":16},"end":{"line":39,"column":60}},"10":{"start":{"line":40,"column":20},"end":{"line":40,"column":50}},"11":{"start":{"line":41,"column":19},"end":{"line":45,"column":3}},"12":{"start":{"line":48,"column":2},"end":{"line":52,"column":3}},"13":{"start":{"line":49,"column":4},"end":{"line":49,"column":55}},"14":{"start":{"line":51,"column":4},"end":{"line":51,"column":90}},"15":{"start":{"line":53,"column":2},"end":{"line":53,"column":51}},"16":{"start":{"line":57,"column":16},"end":{"line":57,"column":41}},"17":{"start":{"line":58,"column":25},"end":{"line":58,"column":56}},"18":{"start":{"line":59,"column":22},"end":{"line":61,"column":56}},"19":{"start":{"line":62,"column":20},"end":{"line":62,"column":39}},"20":{"start":{"line":63,"column":19},"end":{"line":67,"column":3}},"21":{"start":{"line":68,"column":2},"end":{"line":68,"column":68}},"22":{"start":{"line":72,"column":2},"end":{"line":81,"column":3}},"23":{"start":{"line":73,"column":4},"end":{"line":77,"column":6}},"24":{"start":{"line":78,"column":4},"end":{"line":78,"column":27}},"25":{"start":{"line":80,"column":4},"end":{"line":80,"column":48}},"26":{"start":{"line":85,"column":17},"end":{"line":85,"column":95}},"27":{"start":{"line":86,"column":15},"end":{"line":86,"column":42}},"28":{"start":{"line":87,"column":19},"end":{"line":91,"column":3}},"29":{"start":{"line":93,"column":2},"end":{"line":97,"column":3}},"30":{"start":{"line":94,"column":4},"end":{"line":94,"column":55}},"31":{"start":{"line":96,"column":4},"end":{"line":96,"column":90}},"32":{"start":{"line":98,"column":2},"end":{"line":98,"column":51}},"33":{"start":{"line":102,"column":102},"end":{"line":102,"column":111}},"34":{"start":{"line":104,"column":2},"end":{"line":106,"column":3}},"35":{"start":{"line":105,"column":4},"end":{"line":105,"column":79}},"36":{"start":{"line":108,"column":14},"end":{"line":108,"column":42}},"37":{"start":{"line":109,"column":15},"end":{"line":115,"column":3}},"38":{"start":{"line":118,"column":16},"end":{"line":118,"column":17}},"39":{"start":{"line":119,"column":21},"end":{"line":119,"column":22}},"40":{"start":{"line":121,"column":2},"end":{"line":158,"column":3}},"41":{"start":{"line":122,"column":4},"end":{"line":157,"column":5}},"42":{"start":{"line":123,"column":6},"end":{"line":131,"column":9}},"43":{"start":{"line":133,"column":6},"end":{"line":133,"column":29}},"44":{"start":{"line":133,"column":23},"end":{"line":133,"column":29}},"45":{"start":{"line":135,"column":28},"end":{"line":135,"column":105}},"46":{"start":{"line":136,"column":6},"end":{"line":141,"column":7}},"47":{"start":{"line":137,"column":23},"end":{"line":137,"column":73}},"48":{"start":{"line":138,"column":8},"end":{"line":138,"column":56}},"49":{"start":{"line":138,"column":33},"end":{"line":138,"column":54}},"50":{"start":{"line":139,"column":8},"end":{"line":139,"column":18}},"51":{"start":{"line":140,"column":8},"end":{"line":140,"column":17}},"52":{"start":{"line":143,"column":24},"end":{"line":143,"column":63}},"53":{"start":{"line":143,"column":59},"end":{"line":143,"column":61}},"54":{"start":{"line":144,"column":27},"end":{"line":144,"column":80}},"55":{"start":{"line":145,"column":23},"end":{"line":145,"column":58}},"56":{"start":{"line":146,"column":6},"end":{"line":146,"column":89}},"57":{"start":{"line":146,"column":35},"end":{"line":146,"column":89}},"58":{"start":{"line":147,"column":6},"end":{"line":147,"column":117}},"59":{"start":{"line":147,"column":35},"end":{"line":147,"column":117}},"60":{"start":{"line":148,"column":6},"end":{"line":148,"column":54}},"61":{"start":{"line":150,"column":6},"end":{"line":150,"column":51}},"62":{"start":{"line":150,"column":41},"end":{"line":150,"column":51}},"63":{"start":{"line":151,"column":6},"end":{"line":155,"column":7}},"64":{"start":{"line":152,"column":8},"end":{"line":152,"column":18}},"65":{"start":{"line":153,"column":8},"end":{"line":153,"column":54}},"66":{"start":{"line":153,"column":33},"end":{"line":153,"column":52}},"67":{"start":{"line":154,"column":8},"end":{"line":154,"column":17}},"68":{"start":{"line":156,"column":6},"end":{"line":156,"column":111}},"69":{"start":{"line":160,"column":15},"end":{"line":160,"column":36}},"70":{"start":{"line":162,"column":20},"end":{"line":162,"column":64}},"71":{"start":{"line":162,"column":46},"end":{"line":162,"column":63}},"72":{"start":{"line":163,"column":2},"end":{"line":165,"column":3}},"73":{"start":{"line":164,"column":4},"end":{"line":164,"column":77}},"74":{"start":{"line":167,"column":2},"end":{"line":174,"column":4}},"75":{"start":{"line":179,"column":2},"end":{"line":179,"column":31}},"76":{"start":{"line":179,"column":16},"end":{"line":179,"column":31}},"77":{"start":{"line":180,"column":21},"end":{"line":180,"column":66}},"78":{"start":{"line":181,"column":2},"end":{"line":181,"column":46}},"79":{"start":{"line":181,"column":18},"end":{"line":181,"column":46}},"80":{"start":{"line":182,"column":19},"end":{"line":182,"column":47}},"81":{"start":{"line":183,"column":2},"end":{"line":183,"column":35}},"82":{"start":{"line":183,"column":16},"end":{"line":183,"column":35}},"83":{"start":{"line":184,"column":2},"end":{"line":184,"column":17}},"84":{"start":{"line":188,"column":2},"end":{"line":203,"column":4}},"85":{"start":{"line":206,"column":32},"end":{"line":206,"column":73}},"86":{"start":{"line":207,"column":28},"end":{"line":207,"column":77}},"87":{"start":{"line":211,"column":4},"end":{"line":211,"column":19}},"88":{"start":{"line":212,"column":4},"end":{"line":212,"column":33}},"89":{"start":{"line":213,"column":4},"end":{"line":213,"column":21}}},"fnMap":{"0":{"name":"analyzeJobAnthropic","decl":{"start":{"line":18,"column":22},"end":{"line":18,"column":41}},"loc":{"start":{"line":18,"column":74},"end":{"line":36,"column":1}},"line":18},"1":{"name":"parseResumeAnthropic","decl":{"start":{"line":38,"column":22},"end":{"line":38,"column":42}},"loc":{"start":{"line":38,"column":82},"end":{"line":54,"column":1}},"line":38},"2":{"name":"generateCoverLetterAnthropic","decl":{"start":{"line":56,"column":22},"end":{"line":56,"column":50}},"loc":{"start":{"line":56,"column":107},"end":{"line":69,"column":1}},"line":56},"3":{"name":"testAnthropicKey","decl":{"start":{"line":71,"column":22},"end":{"line":71,"column":38}},"loc":{"start":{"line":71,"column":50},"end":{"line":82,"column":1}},"line":71},"4":{"name":"planSmartFormFillAnthropic","decl":{"start":{"line":84,"column":22},"end":{"line":84,"column":48}},"loc":{"start":{"line":84,"column":83},"end":{"line":99,"column":1}},"line":84},"5":{"name":"callAnthropic","decl":{"start":{"line":101,"column":15},"end":{"line":101,"column":28}},"loc":{"start":{"line":101,"column":64},"end":{"line":175,"column":1}},"line":101},"6":{"name":"(anonymous_6)","decl":{"start":{"line":138,"column":26},"end":{"line":138,"column":27}},"loc":{"start":{"line":138,"column":33},"end":{"line":138,"column":54}},"line":138},"7":{"name":"(anonymous_7)","decl":{"start":{"line":143,"column":52},"end":{"line":143,"column":53}},"loc":{"start":{"line":143,"column":59},"end":{"line":143,"column":61}},"line":143},"8":{"name":"(anonymous_8)","decl":{"start":{"line":153,"column":26},"end":{"line":153,"column":27}},"loc":{"start":{"line":153,"column":33},"end":{"line":153,"column":52}},"line":153},"9":{"name":"(anonymous_9)","decl":{"start":{"line":162,"column":39},"end":{"line":162,"column":40}},"loc":{"start":{"line":162,"column":46},"end":{"line":162,"column":63}},"line":162},"10":{"name":"extractJson","decl":{"start":{"line":178,"column":9},"end":{"line":178,"column":20}},"loc":{"start":{"line":178,"column":30},"end":{"line":185,"column":1}},"line":178},"11":{"name":"validateAnalysisResult","decl":{"start":{"line":187,"column":9},"end":{"line":187,"column":31}},"loc":{"start":{"line":187,"column":40},"end":{"line":204,"column":1}},"line":187},"12":{"name":"clamp","decl":{"start":{"line":206,"column":9},"end":{"line":206,"column":14}},"loc":{"start":{"line":206,"column":30},"end":{"line":206,"column":75}},"line":206},"13":{"name":"ensureArray","decl":{"start":{"line":207,"column":9},"end":{"line":207,"column":20}},"loc":{"start":{"line":207,"column":26},"end":{"line":207,"column":79}},"line":207},"14":{"name":"(anonymous_14)","decl":{"start":{"line":210,"column":2},"end":{"line":210,"column":3}},"loc":{"start":{"line":210,"column":29},"end":{"line":214,"column":3}},"line":210}},"branchMap":{"0":{"loc":{"start":{"line":38,"column":66},"end":{"line":38,"column":80}},"type":"default-arg","locations":[{"start":{"line":38,"column":78},"end":{"line":38,"column":80}}],"line":38},"1":{"loc":{"start":{"line":56,"column":90},"end":{"line":56,"column":105}},"type":"default-arg","locations":[{"start":{"line":56,"column":103},"end":{"line":56,"column":105}}],"line":56},"2":{"loc":{"start":{"line":58,"column":25},"end":{"line":58,"column":56}},"type":"binary-expr","locations":[{"start":{"line":58,"column":25},"end":{"line":58,"column":50}},{"start":{"line":58,"column":54},"end":{"line":58,"column":56}}],"line":58},"3":{"loc":{"start":{"line":59,"column":22},"end":{"line":61,"column":56}},"type":"cond-expr","locations":[{"start":{"line":60,"column":6},"end":{"line":60,"column":77}},{"start":{"line":61,"column":6},"end":{"line":61,"column":56}}],"line":59},"4":{"loc":{"start":{"line":62,"column":20},"end":{"line":62,"column":39}},"type":"cond-expr","locations":[{"start":{"line":62,"column":28},"end":{"line":62,"column":32}},{"start":{"line":62,"column":35},"end":{"line":62,"column":39}}],"line":62},"5":{"loc":{"start":{"line":84,"column":67},"end":{"line":84,"column":81}},"type":"default-arg","locations":[{"start":{"line":84,"column":79},"end":{"line":84,"column":81}}],"line":84},"6":{"loc":{"start":{"line":90,"column":53},"end":{"line":90,"column":81}},"type":"binary-expr","locations":[{"start":{"line":90,"column":53},"end":{"line":90,"column":73}},{"start":{"line":90,"column":77},"end":{"line":90,"column":81}}],"line":90},"7":{"loc":{"start":{"line":102,"column":24},"end":{"line":102,"column":60}},"type":"default-arg","locations":[{"start":{"line":102,"column":41},"end":{"line":102,"column":60}}],"line":102},"8":{"loc":{"start":{"line":102,"column":62},"end":{"line":102,"column":78}},"type":"default-arg","locations":[{"start":{"line":102,"column":74},"end":{"line":102,"column":78}}],"line":102},"9":{"loc":{"start":{"line":102,"column":80},"end":{"line":102,"column":97}},"type":"default-arg","locations":[{"start":{"line":102,"column":94},"end":{"line":102,"column":97}}],"line":102},"10":{"loc":{"start":{"line":104,"column":2},"end":{"line":106,"column":3}},"type":"if","locations":[{"start":{"line":104,"column":2},"end":{"line":106,"column":3}},{"start":{},"end":{}}],"line":104},"11":{"loc":{"start":{"line":133,"column":6},"end":{"line":133,"column":29}},"type":"if","locations":[{"start":{"line":133,"column":6},"end":{"line":133,"column":29}},{"start":{},"end":{}}],"line":133},"12":{"loc":{"start":{"line":135,"column":28},"end":{"line":135,"column":105}},"type":"binary-expr","locations":[{"start":{"line":135,"column":28},"end":{"line":135,"column":51}},{"start":{"line":135,"column":56},"end":{"line":135,"column":78}},{"start":{"line":135,"column":82},"end":{"line":135,"column":104}}],"line":135},"13":{"loc":{"start":{"line":136,"column":6},"end":{"line":141,"column":7}},"type":"if","locations":[{"start":{"line":136,"column":6},"end":{"line":141,"column":7}},{"start":{},"end":{}}],"line":136},"14":{"loc":{"start":{"line":136,"column":10},"end":{"line":136,"column":47}},"type":"binary-expr","locations":[{"start":{"line":136,"column":10},"end":{"line":136,"column":23}},{"start":{"line":136,"column":27},"end":{"line":136,"column":47}}],"line":136},"15":{"loc":{"start":{"line":144,"column":27},"end":{"line":144,"column":80}},"type":"binary-expr","locations":[{"start":{"line":144,"column":27},"end":{"line":144,"column":51}},{"start":{"line":144,"column":55},"end":{"line":144,"column":80}}],"line":144},"16":{"loc":{"start":{"line":146,"column":6},"end":{"line":146,"column":89}},"type":"if","locations":[{"start":{"line":146,"column":6},"end":{"line":146,"column":89}},{"start":{},"end":{}}],"line":146},"17":{"loc":{"start":{"line":147,"column":6},"end":{"line":147,"column":117}},"type":"if","locations":[{"start":{"line":147,"column":6},"end":{"line":147,"column":117}},{"start":{},"end":{}}],"line":147},"18":{"loc":{"start":{"line":150,"column":6},"end":{"line":150,"column":51}},"type":"if","locations":[{"start":{"line":150,"column":6},"end":{"line":150,"column":51}},{"start":{},"end":{}}],"line":150},"19":{"loc":{"start":{"line":151,"column":6},"end":{"line":155,"column":7}},"type":"if","locations":[{"start":{"line":151,"column":6},"end":{"line":155,"column":7}},{"start":{},"end":{}}],"line":151},"20":{"loc":{"start":{"line":163,"column":2},"end":{"line":165,"column":3}},"type":"if","locations":[{"start":{"line":163,"column":2},"end":{"line":165,"column":3}},{"start":{},"end":{}}],"line":163},"21":{"loc":{"start":{"line":170,"column":21},"end":{"line":170,"column":50}},"type":"binary-expr","locations":[{"start":{"line":170,"column":21},"end":{"line":170,"column":45}},{"start":{"line":170,"column":49},"end":{"line":170,"column":50}}],"line":170},"22":{"loc":{"start":{"line":171,"column":25},"end":{"line":171,"column":55}},"type":"binary-expr","locations":[{"start":{"line":171,"column":25},"end":{"line":171,"column":50}},{"start":{"line":171,"column":54},"end":{"line":171,"column":55}}],"line":171},"23":{"loc":{"start":{"line":172,"column":21},"end":{"line":172,"column":50}},"type":"binary-expr","locations":[{"start":{"line":172,"column":21},"end":{"line":172,"column":45}},{"start":{"line":172,"column":49},"end":{"line":172,"column":50}}],"line":172},"24":{"loc":{"start":{"line":172,"column":55},"end":{"line":172,"column":85}},"type":"binary-expr","locations":[{"start":{"line":172,"column":55},"end":{"line":172,"column":80}},{"start":{"line":172,"column":84},"end":{"line":172,"column":85}}],"line":172},"25":{"loc":{"start":{"line":179,"column":2},"end":{"line":179,"column":31}},"type":"if","locations":[{"start":{"line":179,"column":2},"end":{"line":179,"column":31}},{"start":{},"end":{}}],"line":179},"26":{"loc":{"start":{"line":181,"column":2},"end":{"line":181,"column":46}},"type":"if","locations":[{"start":{"line":181,"column":2},"end":{"line":181,"column":46}},{"start":{},"end":{}}],"line":181},"27":{"loc":{"start":{"line":183,"column":2},"end":{"line":183,"column":35}},"type":"if","locations":[{"start":{"line":183,"column":2},"end":{"line":183,"column":35}},{"start":{},"end":{}}],"line":183},"28":{"loc":{"start":{"line":189,"column":23},"end":{"line":189,"column":54}},"type":"binary-expr","locations":[{"start":{"line":189,"column":23},"end":{"line":189,"column":49}},{"start":{"line":189,"column":53},"end":{"line":189,"column":54}}],"line":189},"29":{"loc":{"start":{"line":192,"column":20},"end":{"line":194,"column":18}},"type":"cond-expr","locations":[{"start":{"line":193,"column":8},"end":{"line":193,"column":29}},{"start":{"line":194,"column":8},"end":{"line":194,"column":18}}],"line":192},"30":{"loc":{"start":{"line":195,"column":19},"end":{"line":195,"column":62}},"type":"binary-expr","locations":[{"start":{"line":195,"column":19},"end":{"line":195,"column":32}},{"start":{"line":195,"column":36},"end":{"line":195,"column":62}}],"line":195},"31":{"loc":{"start":{"line":196,"column":22},"end":{"line":196,"column":57}},"type":"binary-expr","locations":[{"start":{"line":196,"column":22},"end":{"line":196,"column":38}},{"start":{"line":196,"column":42},"end":{"line":196,"column":57}}],"line":196},"32":{"loc":{"start":{"line":197,"column":20},"end":{"line":197,"column":55}},"type":"binary-expr","locations":[{"start":{"line":197,"column":20},"end":{"line":197,"column":34}},{"start":{"line":197,"column":38},"end":{"line":197,"column":55}}],"line":197},"33":{"loc":{"start":{"line":199,"column":29},"end":{"line":199,"column":58}},"type":"binary-expr","locations":[{"start":{"line":199,"column":29},"end":{"line":199,"column":52}},{"start":{"line":199,"column":56},"end":{"line":199,"column":58}}],"line":199},"34":{"loc":{"start":{"line":200,"column":18},"end":{"line":200,"column":45}},"type":"binary-expr","locations":[{"start":{"line":200,"column":18},"end":{"line":200,"column":37}},{"start":{"line":200,"column":41},"end":{"line":200,"column":45}}],"line":200},"35":{"loc":{"start":{"line":201,"column":21},"end":{"line":201,"column":55}},"type":"binary-expr","locations":[{"start":{"line":201,"column":21},"end":{"line":201,"column":36}},{"start":{"line":201,"column":40},"end":{"line":201,"column":55}}],"line":201},"36":{"loc":{"start":{"line":202,"column":21},"end":{"line":202,"column":51}},"type":"binary-expr","locations":[{"start":{"line":202,"column":21},"end":{"line":202,"column":36}},{"start":{"line":202,"column":40},"end":{"line":202,"column":51}}],"line":202},"37":{"loc":{"start":{"line":207,"column":35},"end":{"line":207,"column":76}},"type":"cond-expr","locations":[{"start":{"line":207,"column":56},"end":{"line":207,"column":71}},{"start":{"line":207,"column":74},"end":{"line":207,"column":76}}],"line":207}},"s":{"0":6,"1":6,"2":2,"3":2,"4":2,"5":1,"6":1,"7":0,"8":1,"9":0,"10":0,"11":0,"12":0,"13":0,"14":0,"15":0,"16":0,"17":0,"18":0,"19":0,"20":0,"21":0,"22":2,"23":2,"24":0,"25":2,"26":1,"27":1,"28":1,"29":1,"30":1,"31":0,"32":1,"33":5,"34":5,"35":1,"36":4,"37":4,"38":4,"39":4,"40":4,"41":4,"42":4,"43":4,"44":3,"45":1,"46":1,"47":0,"48":0,"49":0,"50":0,"51":0,"52":1,"53":0,"54":1,"55":1,"56":1,"57":1,"58":0,"59":0,"60":0,"61":1,"62":1,"63":0,"64":0,"65":0,"66":0,"67":0,"68":0,"69":3,"70":3,"71":3,"72":3,"73":1,"74":2,"75":2,"76":0,"77":2,"78":2,"79":2,"80":0,"81":0,"82":0,"83":0,"84":1,"85":1,"86":3,"87":3,"88":3,"89":3},"f":{"0":2,"1":0,"2":0,"3":2,"4":1,"5":5,"6":0,"7":0,"8":0,"9":3,"10":2,"11":1,"12":1,"13":3,"14":3},"b":{"0":[0],"1":[0],"2":[0,0],"3":[0,0],"4":[0,0],"5":[0],"6":[1,0],"7":[1],"8":[1],"9":[1],"10":[1,4],"11":[3,1],"12":[1,1,0],"13":[0,1],"14":[1,0],"15":[1,0],"16":[1,0],"17":[0,0],"18":[1,0],"19":[0,0],"20":[1,2],"21":[2,0],"22":[2,0],"23":[2,0],"24":[2,0],"25":[0,2],"26":[2,0],"27":[0,0],"28":[1,0],"29":[0,1],"30":[1,1],"31":[1,1],"32":[1,1],"33":[1,1],"34":[1,1],"35":[1,1],"36":[1,1],"37":[0,3]},"_coverageSchema":"1a1c01bbd47fc00a2c39e90264f33305004495a9","hash":"7b06c50f66aa428e403e6bd0ce4d7d99a5d194d3"}
,"F:\\work\\ai-job-assistant\\src\\background\\gemini-client.js": {"path":"F:\\work\\ai-job-assistant\\src\\background\\gemini-client.js","statementMap":{"0":{"start":{"line":15,"column":20},"end":{"line":15,"column":70}},"1":{"start":{"line":18,"column":14},"end":{"line":18,"column":35}},"2":{"start":{"line":20,"column":4},"end":{"line":22,"column":53}},"3":{"start":{"line":24,"column":4},"end":{"line":25,"column":57}},"4":{"start":{"line":26,"column":2},"end":{"line":26,"column":41}},"5":{"start":{"line":26,"column":29},"end":{"line":26,"column":41}},"6":{"start":{"line":27,"column":2},"end":{"line":27,"column":49}},"7":{"start":{"line":31,"column":2},"end":{"line":31,"column":53}},"8":{"start":{"line":35,"column":14},"end":{"line":35,"column":74}},"9":{"start":{"line":36,"column":15},"end":{"line":36,"column":50}},"10":{"start":{"line":37,"column":2},"end":{"line":41,"column":3}},"11":{"start":{"line":38,"column":22},"end":{"line":38,"column":57}},"12":{"start":{"line":38,"column":53},"end":{"line":38,"column":55}},"13":{"start":{"line":39,"column":21},"end":{"line":39,"column":93}},"14":{"start":{"line":40,"column":4},"end":{"line":40,"column":49}},"15":{"start":{"line":42,"column":15},"end":{"line":42,"column":50}},"16":{"start":{"line":42,"column":46},"end":{"line":42,"column":48}},"17":{"start":{"line":43,"column":17},"end":{"line":43,"column":63}},"18":{"start":{"line":44,"column":2},"end":{"line":49,"column":6}},"19":{"start":{"line":44,"column":28},"end":{"line":49,"column":3}},"20":{"start":{"line":53,"column":34},"end":{"line":53,"column":105}},"21":{"start":{"line":53,"column":41},"end":{"line":53,"column":105}},"22":{"start":{"line":54,"column":20},"end":{"line":54,"column":87}},"23":{"start":{"line":54,"column":49},"end":{"line":54,"column":86}},"24":{"start":{"line":55,"column":2},"end":{"line":55,"column":35}},"25":{"start":{"line":55,"column":25},"end":{"line":55,"column":35}},"26":{"start":{"line":57,"column":17},"end":{"line":67,"column":3}},"27":{"start":{"line":69,"column":2},"end":{"line":72,"column":3}},"28":{"start":{"line":70,"column":16},"end":{"line":70,"column":76}},"29":{"start":{"line":70,"column":38},"end":{"line":70,"column":75}},"30":{"start":{"line":71,"column":4},"end":{"line":71,"column":35}},"31":{"start":{"line":71,"column":19},"end":{"line":71,"column":35}},"32":{"start":{"line":74,"column":2},"end":{"line":74,"column":27}},"33":{"start":{"line":78,"column":21},"end":{"line":78,"column":58}},"34":{"start":{"line":79,"column":22},"end":{"line":79,"column":65}},"35":{"start":{"line":81,"column":19},"end":{"line":88,"column":3}},"36":{"start":{"line":91,"column":2},"end":{"line":95,"column":3}},"37":{"start":{"line":92,"column":4},"end":{"line":92,"column":55}},"38":{"start":{"line":94,"column":4},"end":{"line":94,"column":84}},"39":{"start":{"line":97,"column":2},"end":{"line":97,"column":75}},"40":{"start":{"line":101,"column":16},"end":{"line":101,"column":60}},"41":{"start":{"line":102,"column":20},"end":{"line":102,"column":50}},"42":{"start":{"line":103,"column":19},"end":{"line":110,"column":3}},"43":{"start":{"line":113,"column":2},"end":{"line":117,"column":3}},"44":{"start":{"line":114,"column":4},"end":{"line":114,"column":55}},"45":{"start":{"line":116,"column":4},"end":{"line":116,"column":84}},"46":{"start":{"line":118,"column":2},"end":{"line":118,"column":51}},"47":{"start":{"line":122,"column":16},"end":{"line":122,"column":41}},"48":{"start":{"line":123,"column":25},"end":{"line":123,"column":56}},"49":{"start":{"line":124,"column":17},"end":{"line":126,"column":56}},"50":{"start":{"line":127,"column":20},"end":{"line":127,"column":39}},"51":{"start":{"line":128,"column":19},"end":{"line":131,"column":3}},"52":{"start":{"line":132,"column":2},"end":{"line":132,"column":68}},"53":{"start":{"line":136,"column":17},"end":{"line":136,"column":95}},"54":{"start":{"line":137,"column":15},"end":{"line":137,"column":42}},"55":{"start":{"line":138,"column":19},"end":{"line":145,"column":3}},"56":{"start":{"line":148,"column":2},"end":{"line":152,"column":3}},"57":{"start":{"line":149,"column":4},"end":{"line":149,"column":55}},"58":{"start":{"line":151,"column":4},"end":{"line":151,"column":84}},"59":{"start":{"line":153,"column":2},"end":{"line":153,"column":51}},"60":{"start":{"line":157,"column":2},"end":{"line":165,"column":3}},"61":{"start":{"line":158,"column":4},"end":{"line":161,"column":6}},"62":{"start":{"line":162,"column":4},"end":{"line":162,"column":27}},"63":{"start":{"line":164,"column":4},"end":{"line":164,"column":48}},"64":{"start":{"line":169,"column":14},"end":{"line":169,"column":16}},"65":{"start":{"line":170,"column":2},"end":{"line":175,"column":3}},"66":{"start":{"line":171,"column":17},"end":{"line":171,"column":91}},"67":{"start":{"line":172,"column":17},"end":{"line":172,"column":41}},"68":{"start":{"line":173,"column":4},"end":{"line":173,"column":24}},"69":{"start":{"line":173,"column":15},"end":{"line":173,"column":24}},"70":{"start":{"line":174,"column":4},"end":{"line":174,"column":42}},"71":{"start":{"line":176,"column":2},"end":{"line":176,"column":13}},"72":{"start":{"line":180,"column":95},"end":{"line":180,"column":104}},"73":{"start":{"line":182,"column":2},"end":{"line":184,"column":3}},"74":{"start":{"line":183,"column":4},"end":{"line":183,"column":73}},"75":{"start":{"line":186,"column":15},"end":{"line":193,"column":3}},"76":{"start":{"line":195,"column":20},"end":{"line":203,"column":3}},"77":{"start":{"line":196,"column":16},"end":{"line":196,"column":123}},"78":{"start":{"line":197,"column":21},"end":{"line":201,"column":6}},"79":{"start":{"line":202,"column":4},"end":{"line":202,"column":20}},"80":{"start":{"line":206,"column":16},"end":{"line":206,"column":17}},"81":{"start":{"line":207,"column":21},"end":{"line":207,"column":22}},"82":{"start":{"line":208,"column":16},"end":{"line":208,"column":70}},"83":{"start":{"line":209,"column":27},"end":{"line":209,"column":32}},"84":{"start":{"line":211,"column":2},"end":{"line":251,"column":3}},"85":{"start":{"line":212,"column":4},"end":{"line":250,"column":5}},"86":{"start":{"line":213,"column":6},"end":{"line":213,"column":42}},"87":{"start":{"line":215,"column":6},"end":{"line":215,"column":29}},"88":{"start":{"line":215,"column":23},"end":{"line":215,"column":29}},"89":{"start":{"line":217,"column":28},"end":{"line":217,"column":105}},"90":{"start":{"line":218,"column":6},"end":{"line":223,"column":7}},"91":{"start":{"line":219,"column":23},"end":{"line":219,"column":73}},"92":{"start":{"line":220,"column":8},"end":{"line":220,"column":56}},"93":{"start":{"line":220,"column":33},"end":{"line":220,"column":54}},"94":{"start":{"line":221,"column":8},"end":{"line":221,"column":18}},"95":{"start":{"line":222,"column":8},"end":{"line":222,"column":17}},"96":{"start":{"line":225,"column":24},"end":{"line":225,"column":63}},"97":{"start":{"line":225,"column":59},"end":{"line":225,"column":61}},"98":{"start":{"line":226,"column":27},"end":{"line":226,"column":80}},"99":{"start":{"line":227,"column":23},"end":{"line":227,"column":58}},"100":{"start":{"line":229,"column":6},"end":{"line":237,"column":7}},"101":{"start":{"line":230,"column":8},"end":{"line":230,"column":34}},"102":{"start":{"line":231,"column":23},"end":{"line":231,"column":66}},"103":{"start":{"line":231,"column":63},"end":{"line":231,"column":65}},"104":{"start":{"line":232,"column":25},"end":{"line":232,"column":52}},"105":{"start":{"line":233,"column":8},"end":{"line":236,"column":9}},"106":{"start":{"line":234,"column":10},"end":{"line":234,"column":29}},"107":{"start":{"line":235,"column":10},"end":{"line":235,"column":19}},"108":{"start":{"line":239,"column":6},"end":{"line":239,"column":113}},"109":{"start":{"line":239,"column":62},"end":{"line":239,"column":113}},"110":{"start":{"line":240,"column":6},"end":{"line":240,"column":114}},"111":{"start":{"line":240,"column":35},"end":{"line":240,"column":114}},"112":{"start":{"line":241,"column":6},"end":{"line":241,"column":51}},"113":{"start":{"line":243,"column":6},"end":{"line":243,"column":48}},"114":{"start":{"line":243,"column":38},"end":{"line":243,"column":48}},"115":{"start":{"line":244,"column":6},"end":{"line":248,"column":7}},"116":{"start":{"line":245,"column":8},"end":{"line":245,"column":18}},"117":{"start":{"line":246,"column":8},"end":{"line":246,"column":54}},"118":{"start":{"line":246,"column":33},"end":{"line":246,"column":52}},"119":{"start":{"line":247,"column":8},"end":{"line":247,"column":17}},"120":{"start":{"line":249,"column":6},"end":{"line":249,"column":105}},"121":{"start":{"line":253,"column":15},"end":{"line":253,"column":54}},"122":{"start":{"line":253,"column":50},"end":{"line":253,"column":52}},"123":{"start":{"line":254,"column":15},"end":{"line":254,"column":94}},"124":{"start":{"line":254,"column":65},"end":{"line":254,"column":78}},"125":{"start":{"line":255,"column":2},"end":{"line":257,"column":3}},"126":{"start":{"line":256,"column":4},"end":{"line":256,"column":71}},"127":{"start":{"line":259,"column":16},"end":{"line":263,"column":3}},"128":{"start":{"line":265,"column":2},"end":{"line":265,"column":34}},"129":{"start":{"line":269,"column":2},"end":{"line":284,"column":4}},"130":{"start":{"line":287,"column":32},"end":{"line":287,"column":73}},"131":{"start":{"line":288,"column":28},"end":{"line":288,"column":77}},"132":{"start":{"line":292,"column":2},"end":{"line":292,"column":31}},"133":{"start":{"line":292,"column":16},"end":{"line":292,"column":31}},"134":{"start":{"line":293,"column":21},"end":{"line":293,"column":66}},"135":{"start":{"line":294,"column":2},"end":{"line":294,"column":46}},"136":{"start":{"line":294,"column":18},"end":{"line":294,"column":46}},"137":{"start":{"line":295,"column":19},"end":{"line":295,"column":47}},"138":{"start":{"line":296,"column":2},"end":{"line":296,"column":35}},"139":{"start":{"line":296,"column":16},"end":{"line":296,"column":35}},"140":{"start":{"line":297,"column":2},"end":{"line":297,"column":17}},"141":{"start":{"line":302,"column":4},"end":{"line":302,"column":19}},"142":{"start":{"line":303,"column":4},"end":{"line":303,"column":30}},"143":{"start":{"line":304,"column":4},"end":{"line":304,"column":21}}},"fnMap":{"0":{"name":"looksLikeMissingModelError","decl":{"start":{"line":17,"column":9},"end":{"line":17,"column":35}},"loc":{"start":{"line":17,"column":53},"end":{"line":28,"column":1}},"line":17},"1":{"name":"stripModelsPrefix","decl":{"start":{"line":30,"column":9},"end":{"line":30,"column":26}},"loc":{"start":{"line":30,"column":33},"end":{"line":32,"column":1}},"line":30},"2":{"name":"listModels","decl":{"start":{"line":34,"column":15},"end":{"line":34,"column":25}},"loc":{"start":{"line":34,"column":37},"end":{"line":50,"column":1}},"line":34},"3":{"name":"(anonymous_3)","decl":{"start":{"line":38,"column":46},"end":{"line":38,"column":47}},"loc":{"start":{"line":38,"column":53},"end":{"line":38,"column":55}},"line":38},"4":{"name":"(anonymous_4)","decl":{"start":{"line":42,"column":39},"end":{"line":42,"column":40}},"loc":{"start":{"line":42,"column":46},"end":{"line":42,"column":48}},"line":42},"5":{"name":"(anonymous_5)","decl":{"start":{"line":44,"column":20},"end":{"line":44,"column":21}},"loc":{"start":{"line":44,"column":28},"end":{"line":49,"column":3}},"line":44},"6":{"name":"pickFallbackModelId","decl":{"start":{"line":52,"column":9},"end":{"line":52,"column":28}},"loc":{"start":{"line":52,"column":37},"end":{"line":75,"column":1}},"line":52},"7":{"name":"(anonymous_7)","decl":{"start":{"line":53,"column":34},"end":{"line":53,"column":35}},"loc":{"start":{"line":53,"column":41},"end":{"line":53,"column":105}},"line":53},"8":{"name":"(anonymous_8)","decl":{"start":{"line":54,"column":42},"end":{"line":54,"column":43}},"loc":{"start":{"line":54,"column":49},"end":{"line":54,"column":86}},"line":54},"9":{"name":"(anonymous_9)","decl":{"start":{"line":70,"column":31},"end":{"line":70,"column":32}},"loc":{"start":{"line":70,"column":38},"end":{"line":70,"column":75}},"line":70},"10":{"name":"analyzeJobGemini","decl":{"start":{"line":77,"column":22},"end":{"line":77,"column":38}},"loc":{"start":{"line":77,"column":71},"end":{"line":98,"column":1}},"line":77},"11":{"name":"parseResumeGemini","decl":{"start":{"line":100,"column":22},"end":{"line":100,"column":39}},"loc":{"start":{"line":100,"column":79},"end":{"line":119,"column":1}},"line":100},"12":{"name":"generateCoverLetterGemini","decl":{"start":{"line":121,"column":22},"end":{"line":121,"column":47}},"loc":{"start":{"line":121,"column":104},"end":{"line":133,"column":1}},"line":121},"13":{"name":"planSmartFormFillGemini","decl":{"start":{"line":135,"column":22},"end":{"line":135,"column":45}},"loc":{"start":{"line":135,"column":80},"end":{"line":154,"column":1}},"line":135},"14":{"name":"testGeminiKey","decl":{"start":{"line":156,"column":22},"end":{"line":156,"column":35}},"loc":{"start":{"line":156,"column":47},"end":{"line":166,"column":1}},"line":156},"15":{"name":"toGeminiContents","decl":{"start":{"line":168,"column":9},"end":{"line":168,"column":25}},"loc":{"start":{"line":168,"column":36},"end":{"line":177,"column":1}},"line":168},"16":{"name":"callGemini","decl":{"start":{"line":179,"column":15},"end":{"line":179,"column":25}},"loc":{"start":{"line":179,"column":59},"end":{"line":266,"column":1}},"line":179},"17":{"name":"(anonymous_17)","decl":{"start":{"line":195,"column":20},"end":{"line":195,"column":21}},"loc":{"start":{"line":195,"column":39},"end":{"line":203,"column":3}},"line":195},"18":{"name":"(anonymous_18)","decl":{"start":{"line":220,"column":26},"end":{"line":220,"column":27}},"loc":{"start":{"line":220,"column":33},"end":{"line":220,"column":54}},"line":220},"19":{"name":"(anonymous_19)","decl":{"start":{"line":225,"column":52},"end":{"line":225,"column":53}},"loc":{"start":{"line":225,"column":59},"end":{"line":225,"column":61}},"line":225},"20":{"name":"(anonymous_20)","decl":{"start":{"line":231,"column":57},"end":{"line":231,"column":58}},"loc":{"start":{"line":231,"column":63},"end":{"line":231,"column":65}},"line":231},"21":{"name":"(anonymous_21)","decl":{"start":{"line":246,"column":26},"end":{"line":246,"column":27}},"loc":{"start":{"line":246,"column":33},"end":{"line":246,"column":52}},"line":246},"22":{"name":"(anonymous_22)","decl":{"start":{"line":253,"column":43},"end":{"line":253,"column":44}},"loc":{"start":{"line":253,"column":50},"end":{"line":253,"column":52}},"line":253},"23":{"name":"(anonymous_23)","decl":{"start":{"line":254,"column":58},"end":{"line":254,"column":59}},"loc":{"start":{"line":254,"column":65},"end":{"line":254,"column":78}},"line":254},"24":{"name":"validateAnalysisResult","decl":{"start":{"line":268,"column":9},"end":{"line":268,"column":31}},"loc":{"start":{"line":268,"column":40},"end":{"line":285,"column":1}},"line":268},"25":{"name":"clamp","decl":{"start":{"line":287,"column":9},"end":{"line":287,"column":14}},"loc":{"start":{"line":287,"column":30},"end":{"line":287,"column":75}},"line":287},"26":{"name":"ensureArray","decl":{"start":{"line":288,"column":9},"end":{"line":288,"column":20}},"loc":{"start":{"line":288,"column":26},"end":{"line":288,"column":79}},"line":288},"27":{"name":"extractJson","decl":{"start":{"line":291,"column":9},"end":{"line":291,"column":20}},"loc":{"start":{"line":291,"column":30},"end":{"line":298,"column":1}},"line":291},"28":{"name":"(anonymous_28)","decl":{"start":{"line":301,"column":2},"end":{"line":301,"column":3}},"loc":{"start":{"line":301,"column":29},"end":{"line":305,"column":3}},"line":301}},"branchMap":{"0":{"loc":{"start":{"line":18,"column":21},"end":{"line":18,"column":34}},"type":"binary-expr","locations":[{"start":{"line":18,"column":21},"end":{"line":18,"column":28}},{"start":{"line":18,"column":32},"end":{"line":18,"column":34}}],"line":18},"1":{"loc":{"start":{"line":20,"column":4},"end":{"line":22,"column":53}},"type":"binary-expr","locations":[{"start":{"line":20,"column":4},"end":{"line":20,"column":40}},{"start":{"line":21,"column":7},"end":{"line":21,"column":35}},{"start":{"line":22,"column":7},"end":{"line":22,"column":53}}],"line":20},"2":{"loc":{"start":{"line":24,"column":4},"end":{"line":25,"column":57}},"type":"binary-expr","locations":[{"start":{"line":24,"column":4},"end":{"line":24,"column":49}},{"start":{"line":25,"column":7},"end":{"line":25,"column":57}}],"line":24},"3":{"loc":{"start":{"line":26,"column":2},"end":{"line":26,"column":41}},"type":"if","locations":[{"start":{"line":26,"column":2},"end":{"line":26,"column":41}},{"start":{},"end":{}}],"line":26},"4":{"loc":{"start":{"line":27,"column":9},"end":{"line":27,"column":48}},"type":"binary-expr","locations":[{"start":{"line":27,"column":9},"end":{"line":27,"column":23}},{"start":{"line":27,"column":27},"end":{"line":27,"column":48}}],"line":27},"5":{"loc":{"start":{"line":31,"column":16},"end":{"line":31,"column":26}},"type":"binary-expr","locations":[{"start":{"line":31,"column":16},"end":{"line":31,"column":20}},{"start":{"line":31,"column":24},"end":{"line":31,"column":26}}],"line":31},"6":{"loc":{"start":{"line":37,"column":2},"end":{"line":41,"column":3}},"type":"if","locations":[{"start":{"line":37,"column":2},"end":{"line":41,"column":3}},{"start":{},"end":{}}],"line":37},"7":{"loc":{"start":{"line":39,"column":28},"end":{"line":39,"column":77}},"type":"binary-expr","locations":[{"start":{"line":39,"column":28},"end":{"line":39,"column":52}},{"start":{"line":39,"column":56},"end":{"line":39,"column":77}}],"line":39},"8":{"loc":{"start":{"line":43,"column":17},"end":{"line":43,"column":63}},"type":"cond-expr","locations":[{"start":{"line":43,"column":47},"end":{"line":43,"column":58}},{"start":{"line":43,"column":61},"end":{"line":43,"column":63}}],"line":43},"9":{"loc":{"start":{"line":46,"column":24},"end":{"line":46,"column":44}},"type":"binary-expr","locations":[{"start":{"line":46,"column":24},"end":{"line":46,"column":38}},{"start":{"line":46,"column":42},"end":{"line":46,"column":44}}],"line":46},"10":{"loc":{"start":{"line":47,"column":32},"end":{"line":47,"column":112}},"type":"cond-expr","locations":[{"start":{"line":47,"column":79},"end":{"line":47,"column":107}},{"start":{"line":47,"column":110},"end":{"line":47,"column":112}}],"line":47},"11":{"loc":{"start":{"line":48,"column":24},"end":{"line":48,"column":44}},"type":"binary-expr","locations":[{"start":{"line":48,"column":24},"end":{"line":48,"column":38}},{"start":{"line":48,"column":42},"end":{"line":48,"column":44}}],"line":48},"12":{"loc":{"start":{"line":53,"column":42},"end":{"line":53,"column":76}},"type":"binary-expr","locations":[{"start":{"line":53,"column":42},"end":{"line":53,"column":70}},{"start":{"line":53,"column":74},"end":{"line":53,"column":76}}],"line":53},"13":{"loc":{"start":{"line":54,"column":21},"end":{"line":54,"column":33}},"type":"binary-expr","locations":[{"start":{"line":54,"column":21},"end":{"line":54,"column":27}},{"start":{"line":54,"column":31},"end":{"line":54,"column":33}}],"line":54},"14":{"loc":{"start":{"line":54,"column":49},"end":{"line":54,"column":86}},"type":"binary-expr","locations":[{"start":{"line":54,"column":49},"end":{"line":54,"column":56}},{"start":{"line":54,"column":60},"end":{"line":54,"column":86}}],"line":54},"15":{"loc":{"start":{"line":55,"column":2},"end":{"line":55,"column":35}},"type":"if","locations":[{"start":{"line":55,"column":2},"end":{"line":55,"column":35}},{"start":{},"end":{}}],"line":55},"16":{"loc":{"start":{"line":70,"column":38},"end":{"line":70,"column":75}},"type":"binary-expr","locations":[{"start":{"line":70,"column":38},"end":{"line":70,"column":51}},{"start":{"line":70,"column":55},"end":{"line":70,"column":75}}],"line":70},"17":{"loc":{"start":{"line":71,"column":4},"end":{"line":71,"column":35}},"type":"if","locations":[{"start":{"line":71,"column":4},"end":{"line":71,"column":35}},{"start":{},"end":{}}],"line":71},"18":{"loc":{"start":{"line":100,"column":63},"end":{"line":100,"column":77}},"type":"default-arg","locations":[{"start":{"line":100,"column":75},"end":{"line":100,"column":77}}],"line":100},"19":{"loc":{"start":{"line":121,"column":87},"end":{"line":121,"column":102}},"type":"default-arg","locations":[{"start":{"line":121,"column":100},"end":{"line":121,"column":102}}],"line":121},"20":{"loc":{"start":{"line":123,"column":25},"end":{"line":123,"column":56}},"type":"binary-expr","locations":[{"start":{"line":123,"column":25},"end":{"line":123,"column":50}},{"start":{"line":123,"column":54},"end":{"line":123,"column":56}}],"line":123},"21":{"loc":{"start":{"line":124,"column":17},"end":{"line":126,"column":56}},"type":"cond-expr","locations":[{"start":{"line":125,"column":6},"end":{"line":125,"column":77}},{"start":{"line":126,"column":6},"end":{"line":126,"column":56}}],"line":124},"22":{"loc":{"start":{"line":127,"column":20},"end":{"line":127,"column":39}},"type":"cond-expr","locations":[{"start":{"line":127,"column":28},"end":{"line":127,"column":32}},{"start":{"line":127,"column":35},"end":{"line":127,"column":39}}],"line":127},"23":{"loc":{"start":{"line":135,"column":64},"end":{"line":135,"column":78}},"type":"default-arg","locations":[{"start":{"line":135,"column":76},"end":{"line":135,"column":78}}],"line":135},"24":{"loc":{"start":{"line":143,"column":53},"end":{"line":143,"column":81}},"type":"binary-expr","locations":[{"start":{"line":143,"column":53},"end":{"line":143,"column":73}},{"start":{"line":143,"column":77},"end":{"line":143,"column":81}}],"line":143},"25":{"loc":{"start":{"line":170,"column":18},"end":{"line":170,"column":32}},"type":"binary-expr","locations":[{"start":{"line":170,"column":18},"end":{"line":170,"column":26}},{"start":{"line":170,"column":30},"end":{"line":170,"column":32}}],"line":170},"26":{"loc":{"start":{"line":171,"column":17},"end":{"line":171,"column":91}},"type":"cond-expr","locations":[{"start":{"line":171,"column":40},"end":{"line":171,"column":46}},{"start":{"line":171,"column":49},"end":{"line":171,"column":91}}],"line":171},"27":{"loc":{"start":{"line":171,"column":49},"end":{"line":171,"column":91}},"type":"cond-expr","locations":[{"start":{"line":171,"column":75},"end":{"line":171,"column":82}},{"start":{"line":171,"column":85},"end":{"line":171,"column":91}}],"line":171},"28":{"loc":{"start":{"line":172,"column":24},"end":{"line":172,"column":40}},"type":"binary-expr","locations":[{"start":{"line":172,"column":24},"end":{"line":172,"column":34}},{"start":{"line":172,"column":38},"end":{"line":172,"column":40}}],"line":172},"29":{"loc":{"start":{"line":173,"column":4},"end":{"line":173,"column":24}},"type":"if","locations":[{"start":{"line":173,"column":4},"end":{"line":173,"column":24}},{"start":{},"end":{}}],"line":173},"30":{"loc":{"start":{"line":179,"column":47},"end":{"line":179,"column":57}},"type":"default-arg","locations":[{"start":{"line":179,"column":55},"end":{"line":179,"column":57}}],"line":179},"31":{"loc":{"start":{"line":180,"column":21},"end":{"line":180,"column":53}},"type":"default-arg","locations":[{"start":{"line":180,"column":35},"end":{"line":180,"column":53}}],"line":180},"32":{"loc":{"start":{"line":180,"column":55},"end":{"line":180,"column":71}},"type":"default-arg","locations":[{"start":{"line":180,"column":67},"end":{"line":180,"column":71}}],"line":180},"33":{"loc":{"start":{"line":180,"column":73},"end":{"line":180,"column":90}},"type":"default-arg","locations":[{"start":{"line":180,"column":87},"end":{"line":180,"column":90}}],"line":180},"34":{"loc":{"start":{"line":182,"column":2},"end":{"line":184,"column":3}},"type":"if","locations":[{"start":{"line":182,"column":2},"end":{"line":184,"column":3}},{"start":{},"end":{}}],"line":182},"35":{"loc":{"start":{"line":191,"column":10},"end":{"line":191,"column":85}},"type":"cond-expr","locations":[{"start":{"line":191,"column":36},"end":{"line":191,"column":80}},{"start":{"line":191,"column":83},"end":{"line":191,"column":85}}],"line":191},"36":{"loc":{"start":{"line":208,"column":16},"end":{"line":208,"column":70}},"type":"binary-expr","locations":[{"start":{"line":208,"column":16},"end":{"line":208,"column":48}},{"start":{"line":208,"column":52},"end":{"line":208,"column":70}}],"line":208},"37":{"loc":{"start":{"line":208,"column":23},"end":{"line":208,"column":40}},"type":"binary-expr","locations":[{"start":{"line":208,"column":23},"end":{"line":208,"column":34}},{"start":{"line":208,"column":38},"end":{"line":208,"column":40}}],"line":208},"38":{"loc":{"start":{"line":215,"column":6},"end":{"line":215,"column":29}},"type":"if","locations":[{"start":{"line":215,"column":6},"end":{"line":215,"column":29}},{"start":{},"end":{}}],"line":215},"39":{"loc":{"start":{"line":217,"column":28},"end":{"line":217,"column":105}},"type":"binary-expr","locations":[{"start":{"line":217,"column":28},"end":{"line":217,"column":51}},{"start":{"line":217,"column":56},"end":{"line":217,"column":78}},{"start":{"line":217,"column":82},"end":{"line":217,"column":104}}],"line":217},"40":{"loc":{"start":{"line":218,"column":6},"end":{"line":223,"column":7}},"type":"if","locations":[{"start":{"line":218,"column":6},"end":{"line":223,"column":7}},{"start":{},"end":{}}],"line":218},"41":{"loc":{"start":{"line":218,"column":10},"end":{"line":218,"column":47}},"type":"binary-expr","locations":[{"start":{"line":218,"column":10},"end":{"line":218,"column":23}},{"start":{"line":218,"column":27},"end":{"line":218,"column":47}}],"line":218},"42":{"loc":{"start":{"line":226,"column":27},"end":{"line":226,"column":80}},"type":"binary-expr","locations":[{"start":{"line":226,"column":27},"end":{"line":226,"column":51}},{"start":{"line":226,"column":55},"end":{"line":226,"column":80}}],"line":226},"43":{"loc":{"start":{"line":229,"column":6},"end":{"line":237,"column":7}},"type":"if","locations":[{"start":{"line":229,"column":6},"end":{"line":237,"column":7}},{"start":{},"end":{}}],"line":229},"44":{"loc":{"start":{"line":229,"column":10},"end":{"line":229,"column":86}},"type":"binary-expr","locations":[{"start":{"line":229,"column":10},"end":{"line":229,"column":29}},{"start":{"line":229,"column":33},"end":{"line":229,"column":86}}],"line":229},"45":{"loc":{"start":{"line":233,"column":8},"end":{"line":236,"column":9}},"type":"if","locations":[{"start":{"line":233,"column":8},"end":{"line":236,"column":9}},{"start":{},"end":{}}],"line":233},"46":{"loc":{"start":{"line":233,"column":12},"end":{"line":233,"column":44}},"type":"binary-expr","locations":[{"start":{"line":233,"column":12},"end":{"line":233,"column":20}},{"start":{"line":233,"column":24},"end":{"line":233,"column":44}}],"line":233},"47":{"loc":{"start":{"line":239,"column":6},"end":{"line":239,"column":113}},"type":"if","locations":[{"start":{"line":239,"column":6},"end":{"line":239,"column":113}},{"start":{},"end":{}}],"line":239},"48":{"loc":{"start":{"line":239,"column":10},"end":{"line":239,"column":60}},"type":"binary-expr","locations":[{"start":{"line":239,"column":10},"end":{"line":239,"column":33}},{"start":{"line":239,"column":37},"end":{"line":239,"column":60}}],"line":239},"49":{"loc":{"start":{"line":240,"column":6},"end":{"line":240,"column":114}},"type":"if","locations":[{"start":{"line":240,"column":6},"end":{"line":240,"column":114}},{"start":{},"end":{}}],"line":240},"50":{"loc":{"start":{"line":243,"column":6},"end":{"line":243,"column":48}},"type":"if","locations":[{"start":{"line":243,"column":6},"end":{"line":243,"column":48}},{"start":{},"end":{}}],"line":243},"51":{"loc":{"start":{"line":244,"column":6},"end":{"line":248,"column":7}},"type":"if","locations":[{"start":{"line":244,"column":6},"end":{"line":248,"column":7}},{"start":{},"end":{}}],"line":244},"52":{"loc":{"start":{"line":254,"column":15},"end":{"line":254,"column":94}},"type":"binary-expr","locations":[{"start":{"line":254,"column":15},"end":{"line":254,"column":88}},{"start":{"line":254,"column":92},"end":{"line":254,"column":94}}],"line":254},"53":{"loc":{"start":{"line":254,"column":65},"end":{"line":254,"column":78}},"type":"binary-expr","locations":[{"start":{"line":254,"column":65},"end":{"line":254,"column":72}},{"start":{"line":254,"column":76},"end":{"line":254,"column":78}}],"line":254},"54":{"loc":{"start":{"line":255,"column":2},"end":{"line":257,"column":3}},"type":"if","locations":[{"start":{"line":255,"column":2},"end":{"line":257,"column":3}},{"start":{},"end":{}}],"line":255},"55":{"loc":{"start":{"line":260,"column":19},"end":{"line":260,"column":61}},"type":"binary-expr","locations":[{"start":{"line":260,"column":19},"end":{"line":260,"column":56}},{"start":{"line":260,"column":60},"end":{"line":260,"column":61}}],"line":260},"56":{"loc":{"start":{"line":261,"column":23},"end":{"line":261,"column":69}},"type":"binary-expr","locations":[{"start":{"line":261,"column":23},"end":{"line":261,"column":64}},{"start":{"line":261,"column":68},"end":{"line":261,"column":69}}],"line":261},"57":{"loc":{"start":{"line":262,"column":18},"end":{"line":262,"column":59}},"type":"binary-expr","locations":[{"start":{"line":262,"column":18},"end":{"line":262,"column":54}},{"start":{"line":262,"column":58},"end":{"line":262,"column":59}}],"line":262},"58":{"loc":{"start":{"line":270,"column":23},"end":{"line":270,"column":54}},"type":"binary-expr","locations":[{"start":{"line":270,"column":23},"end":{"line":270,"column":49}},{"start":{"line":270,"column":53},"end":{"line":270,"column":54}}],"line":270},"59":{"loc":{"start":{"line":273,"column":20},"end":{"line":275,"column":18}},"type":"cond-expr","locations":[{"start":{"line":274,"column":8},"end":{"line":274,"column":29}},{"start":{"line":275,"column":8},"end":{"line":275,"column":18}}],"line":273},"60":{"loc":{"start":{"line":276,"column":19},"end":{"line":276,"column":62}},"type":"binary-expr","locations":[{"start":{"line":276,"column":19},"end":{"line":276,"column":32}},{"start":{"line":276,"column":36},"end":{"line":276,"column":62}}],"line":276},"61":{"loc":{"start":{"line":277,"column":22},"end":{"line":277,"column":57}},"type":"binary-expr","locations":[{"start":{"line":277,"column":22},"end":{"line":277,"column":38}},{"start":{"line":277,"column":42},"end":{"line":277,"column":57}}],"line":277},"62":{"loc":{"start":{"line":278,"column":20},"end":{"line":278,"column":55}},"type":"binary-expr","locations":[{"start":{"line":278,"column":20},"end":{"line":278,"column":34}},{"start":{"line":278,"column":38},"end":{"line":278,"column":55}}],"line":278},"63":{"loc":{"start":{"line":280,"column":29},"end":{"line":280,"column":58}},"type":"binary-expr","locations":[{"start":{"line":280,"column":29},"end":{"line":280,"column":52}},{"start":{"line":280,"column":56},"end":{"line":280,"column":58}}],"line":280},"64":{"loc":{"start":{"line":281,"column":18},"end":{"line":281,"column":45}},"type":"binary-expr","locations":[{"start":{"line":281,"column":18},"end":{"line":281,"column":37}},{"start":{"line":281,"column":41},"end":{"line":281,"column":45}}],"line":281},"65":{"loc":{"start":{"line":282,"column":21},"end":{"line":282,"column":55}},"type":"binary-expr","locations":[{"start":{"line":282,"column":21},"end":{"line":282,"column":36}},{"start":{"line":282,"column":40},"end":{"line":282,"column":55}}],"line":282},"66":{"loc":{"start":{"line":283,"column":21},"end":{"line":283,"column":51}},"type":"binary-expr","locations":[{"start":{"line":283,"column":21},"end":{"line":283,"column":36}},{"start":{"line":283,"column":40},"end":{"line":283,"column":51}}],"line":283},"67":{"loc":{"start":{"line":288,"column":35},"end":{"line":288,"column":76}},"type":"cond-expr","locations":[{"start":{"line":288,"column":56},"end":{"line":288,"column":71}},{"start":{"line":288,"column":74},"end":{"line":288,"column":76}}],"line":288},"68":{"loc":{"start":{"line":292,"column":2},"end":{"line":292,"column":31}},"type":"if","locations":[{"start":{"line":292,"column":2},"end":{"line":292,"column":31}},{"start":{},"end":{}}],"line":292},"69":{"loc":{"start":{"line":294,"column":2},"end":{"line":294,"column":46}},"type":"if","locations":[{"start":{"line":294,"column":2},"end":{"line":294,"column":46}},{"start":{},"end":{}}],"line":294},"70":{"loc":{"start":{"line":296,"column":2},"end":{"line":296,"column":35}},"type":"if","locations":[{"start":{"line":296,"column":2},"end":{"line":296,"column":35}},{"start":{},"end":{}}],"line":296}},"s":{"0":7,"1":2,"2":2,"3":2,"4":2,"5":0,"6":2,"7":1,"8":1,"9":1,"10":1,"11":0,"12":0,"13":0,"14":0,"15":1,"16":0,"17":1,"18":1,"19":1,"20":1,"21":1,"22":1,"23":1,"24":1,"25":0,"26":1,"27":1,"28":1,"29":1,"30":1,"31":1,"32":0,"33":2,"34":2,"35":2,"36":1,"37":1,"38":0,"39":1,"40":0,"41":0,"42":0,"43":0,"44":0,"45":0,"46":0,"47":0,"48":0,"49":0,"50":0,"51":0,"52":0,"53":0,"54":0,"55":0,"56":0,"57":0,"58":0,"59":0,"60":2,"61":2,"62":1,"63":1,"64":3,"65":3,"66":4,"67":4,"68":4,"69":0,"70":4,"71":3,"72":4,"73":4,"74":1,"75":3,"76":3,"77":4,"78":4,"79":4,"80":3,"81":3,"82":3,"83":3,"84":3,"85":4,"86":4,"87":4,"88":2,"89":2,"90":2,"91":0,"92":0,"93":0,"94":0,"95":0,"96":2,"97":0,"98":2,"99":2,"100":2,"101":1,"102":1,"103":0,"104":1,"105":1,"106":1,"107":1,"108":1,"109":1,"110":0,"111":0,"112":0,"113":1,"114":1,"115":0,"116":0,"117":0,"118":0,"119":0,"120":0,"121":2,"122":0,"123":2,"124":2,"125":2,"126":0,"127":2,"128":2,"129":1,"130":1,"131":3,"132":1,"133":0,"134":1,"135":1,"136":0,"137":1,"138":1,"139":1,"140":0,"141":2,"142":2,"143":2},"f":{"0":2,"1":1,"2":1,"3":0,"4":0,"5":1,"6":1,"7":1,"8":1,"9":1,"10":2,"11":0,"12":0,"13":0,"14":2,"15":3,"16":4,"17":4,"18":0,"19":0,"20":0,"21":0,"22":0,"23":2,"24":1,"25":1,"26":3,"27":1,"28":2},"b":{"0":[2,0],"1":[2,1,1],"2":[2,2],"3":[0,2],"4":[2,1],"5":[1,0],"6":[0,1],"7":[0,0],"8":[1,0],"9":[1,0],"10":[1,0],"11":[1,0],"12":[1,0],"13":[1,0],"14":[1,1],"15":[0,1],"16":[1,1],"17":[1,0],"18":[0],"19":[0],"20":[0,0],"21":[0,0],"22":[0,0],"23":[0],"24":[0,0],"25":[3,0],"26":[1,3],"27":[0,3],"28":[4,0],"29":[0,4],"30":[2],"31":[0],"32":[0],"33":[0],"34":[1,3],"35":[1,2],"36":[3,0],"37":[3,0],"38":[2,2],"39":[2,2,0],"40":[0,2],"41":[2,0],"42":[2,0],"43":[1,1],"44":[2,2],"45":[1,0],"46":[1,1],"47":[1,0],"48":[1,1],"49":[0,0],"50":[1,0],"51":[0,0],"52":[2,0],"53":[2,0],"54":[0,2],"55":[2,0],"56":[2,0],"57":[2,0],"58":[1,0],"59":[0,1],"60":[1,1],"61":[1,1],"62":[1,1],"63":[1,1],"64":[1,1],"65":[1,1],"66":[1,1],"67":[0,3],"68":[0,1],"69":[0,1],"70":[1,0]},"_coverageSchema":"1a1c01bbd47fc00a2c39e90264f33305004495a9","hash":"89b24c4f90d74cfe479a8b2440e39c99661b8a88"}
,"F:\\work\\ai-job-assistant\\src\\background\\local-analyzer.js": {"path":"F:\\work\\ai-job-assistant\\src\\background\\local-analyzer.js","statementMap":{"0":{"start":{"line":7,"column":17},"end":{"line":38,"column":1}},"1":{"start":{"line":41,"column":25},"end":{"line":41,"column":27}},"2":{"start":{"line":42,"column":0},"end":{"line":46,"column":1}},"3":{"start":{"line":43,"column":2},"end":{"line":45,"column":3}},"4":{"start":{"line":44,"column":4},"end":{"line":44,"column":38}},"5":{"start":{"line":49,"column":19},"end":{"line":63,"column":2}},"6":{"start":{"line":66,"column":24},"end":{"line":75,"column":1}},"7":{"start":{"line":82,"column":20},"end":{"line":82,"column":42}},"8":{"start":{"line":83,"column":24},"end":{"line":83,"column":53}},"9":{"start":{"line":85,"column":22},"end":{"line":85,"column":55}},"10":{"start":{"line":86,"column":21},"end":{"line":86,"column":58}},"11":{"start":{"line":89,"column":18},"end":{"line":89,"column":20}},"12":{"start":{"line":90,"column":18},"end":{"line":90,"column":20}},"13":{"start":{"line":92,"column":2},"end":{"line":114,"column":3}},"14":{"start":{"line":93,"column":19},"end":{"line":93,"column":32}},"15":{"start":{"line":94,"column":23},"end":{"line":94,"column":57}},"16":{"start":{"line":97,"column":6},"end":{"line":107,"column":76}},"17":{"start":{"line":100,"column":27},"end":{"line":100,"column":53}},"18":{"start":{"line":101,"column":8},"end":{"line":104,"column":83}},"19":{"start":{"line":107,"column":45},"end":{"line":107,"column":75}},"20":{"start":{"line":109,"column":4},"end":{"line":113,"column":5}},"21":{"start":{"line":110,"column":6},"end":{"line":110,"column":43}},"22":{"start":{"line":112,"column":6},"end":{"line":112,"column":43}},"23":{"start":{"line":117,"column":22},"end":{"line":117,"column":68}},"24":{"start":{"line":117,"column":57},"end":{"line":117,"column":64}},"25":{"start":{"line":118,"column":24},"end":{"line":118,"column":74}},"26":{"start":{"line":118,"column":59},"end":{"line":118,"column":70}},"27":{"start":{"line":119,"column":19},"end":{"line":119,"column":88}},"28":{"start":{"line":120,"column":21},"end":{"line":120,"column":43}},"29":{"start":{"line":123,"column":20},"end":{"line":126,"column":75}},"30":{"start":{"line":124,"column":20},"end":{"line":124,"column":37}},"31":{"start":{"line":126,"column":26},"end":{"line":126,"column":74}},"32":{"start":{"line":129,"column":24},"end":{"line":132,"column":46}},"33":{"start":{"line":130,"column":20},"end":{"line":130,"column":37}},"34":{"start":{"line":132,"column":26},"end":{"line":132,"column":45}},"35":{"start":{"line":135,"column":23},"end":{"line":135,"column":33}},"36":{"start":{"line":136,"column":15},"end":{"line":136,"column":72}},"37":{"start":{"line":137,"column":2},"end":{"line":143,"column":3}},"38":{"start":{"line":138,"column":4},"end":{"line":138,"column":29}},"39":{"start":{"line":139,"column":4},"end":{"line":139,"column":79}},"40":{"start":{"line":140,"column":9},"end":{"line":143,"column":3}},"41":{"start":{"line":141,"column":4},"end":{"line":141,"column":28}},"42":{"start":{"line":142,"column":4},"end":{"line":142,"column":85}},"43":{"start":{"line":146,"column":67},"end":{"line":146,"column":90}},"44":{"start":{"line":148,"column":2},"end":{"line":162,"column":4}},"45":{"start":{"line":156,"column":60},"end":{"line":156,"column":74}},"46":{"start":{"line":166,"column":2},"end":{"line":170,"column":55}},"47":{"start":{"line":170,"column":19},"end":{"line":170,"column":53}},"48":{"start":{"line":174,"column":17},"end":{"line":174,"column":19}},"49":{"start":{"line":176,"column":17},"end":{"line":176,"column":38}},"50":{"start":{"line":177,"column":2},"end":{"line":181,"column":3}},"51":{"start":{"line":178,"column":4},"end":{"line":180,"column":5}},"52":{"start":{"line":179,"column":6},"end":{"line":179,"column":114}},"53":{"start":{"line":179,"column":36},"end":{"line":179,"column":114}},"54":{"start":{"line":183,"column":2},"end":{"line":185,"column":3}},"55":{"start":{"line":184,"column":4},"end":{"line":184,"column":87}},"56":{"start":{"line":187,"column":2},"end":{"line":189,"column":3}},"57":{"start":{"line":188,"column":4},"end":{"line":188,"column":85}},"58":{"start":{"line":191,"column":2},"end":{"line":193,"column":3}},"59":{"start":{"line":192,"column":4},"end":{"line":192,"column":84}},"60":{"start":{"line":195,"column":2},"end":{"line":200,"column":3}},"61":{"start":{"line":196,"column":4},"end":{"line":196,"column":88}},"62":{"start":{"line":196,"column":19},"end":{"line":196,"column":88}},"63":{"start":{"line":197,"column":4},"end":{"line":199,"column":5}},"64":{"start":{"line":198,"column":6},"end":{"line":198,"column":75}},"65":{"start":{"line":201,"column":2},"end":{"line":201,"column":66}},"66":{"start":{"line":201,"column":30},"end":{"line":201,"column":64}},"67":{"start":{"line":205,"column":16},"end":{"line":205,"column":38}},"68":{"start":{"line":208,"column":17},"end":{"line":208,"column":19}},"69":{"start":{"line":209,"column":2},"end":{"line":211,"column":3}},"70":{"start":{"line":210,"column":4},"end":{"line":210,"column":41}},"71":{"start":{"line":214,"column":2},"end":{"line":219,"column":3}},"72":{"start":{"line":214,"column":15},"end":{"line":214,"column":16}},"73":{"start":{"line":215,"column":19},"end":{"line":215,"column":50}},"74":{"start":{"line":216,"column":4},"end":{"line":218,"column":5}},"75":{"start":{"line":217,"column":6},"end":{"line":217,"column":51}},"76":{"start":{"line":222,"column":18},"end":{"line":227,"column":4}},"77":{"start":{"line":223,"column":4},"end":{"line":223,"column":30}},"78":{"start":{"line":223,"column":17},"end":{"line":223,"column":30}},"79":{"start":{"line":224,"column":4},"end":{"line":224,"column":36}},"80":{"start":{"line":224,"column":23},"end":{"line":224,"column":36}},"81":{"start":{"line":225,"column":4},"end":{"line":225,"column":41}},"82":{"start":{"line":225,"column":28},"end":{"line":225,"column":41}},"83":{"start":{"line":226,"column":4},"end":{"line":226,"column":16}},"84":{"start":{"line":230,"column":17},"end":{"line":243,"column":4}},"85":{"start":{"line":231,"column":17},"end":{"line":231,"column":20}},"86":{"start":{"line":233,"column":4},"end":{"line":241,"column":5}},"87":{"start":{"line":234,"column":18},"end":{"line":234,"column":35}},"88":{"start":{"line":235,"column":6},"end":{"line":240,"column":7}},"89":{"start":{"line":236,"column":24},"end":{"line":236,"column":68}},"90":{"start":{"line":237,"column":8},"end":{"line":239,"column":9}},"91":{"start":{"line":238,"column":10},"end":{"line":238,"column":43}},"92":{"start":{"line":242,"column":4},"end":{"line":242,"column":30}},"93":{"start":{"line":246,"column":2},"end":{"line":248,"column":18}},"94":{"start":{"line":247,"column":20},"end":{"line":247,"column":31}},"95":{"start":{"line":252,"column":16},"end":{"line":252,"column":34}},"96":{"start":{"line":253,"column":18},"end":{"line":253,"column":36}},"97":{"start":{"line":254,"column":16},"end":{"line":254,"column":33}},"98":{"start":{"line":255,"column":17},"end":{"line":255,"column":32}},"99":{"start":{"line":256,"column":17},"end":{"line":256,"column":28}},"100":{"start":{"line":257,"column":21},"end":{"line":257,"column":25}},"101":{"start":{"line":260,"column":2},"end":{"line":263,"column":63}},"102":{"start":{"line":260,"column":38},"end":{"line":260,"column":61}},"103":{"start":{"line":261,"column":7},"end":{"line":263,"column":63}},"104":{"start":{"line":261,"column":39},"end":{"line":261,"column":61}},"105":{"start":{"line":262,"column":7},"end":{"line":263,"column":63}},"106":{"start":{"line":262,"column":41},"end":{"line":262,"column":65}},"107":{"start":{"line":263,"column":7},"end":{"line":263,"column":63}},"108":{"start":{"line":263,"column":40},"end":{"line":263,"column":63}},"109":{"start":{"line":266,"column":2},"end":{"line":267,"column":57}},"110":{"start":{"line":266,"column":32},"end":{"line":266,"column":52}},"111":{"start":{"line":267,"column":7},"end":{"line":267,"column":57}},"112":{"start":{"line":267,"column":37},"end":{"line":267,"column":57}},"113":{"start":{"line":270,"column":22},"end":{"line":270,"column":113}},"114":{"start":{"line":271,"column":2},"end":{"line":271,"column":49}},"115":{"start":{"line":271,"column":19},"end":{"line":271,"column":49}},"116":{"start":{"line":274,"column":16},"end":{"line":274,"column":69}},"117":{"start":{"line":274,"column":44},"end":{"line":274,"column":52}},"118":{"start":{"line":275,"column":2},"end":{"line":280,"column":3}},"119":{"start":{"line":276,"column":4},"end":{"line":279,"column":5}},"120":{"start":{"line":277,"column":6},"end":{"line":277,"column":23}},"121":{"start":{"line":278,"column":6},"end":{"line":278,"column":12}},"122":{"start":{"line":282,"column":2},"end":{"line":282,"column":66}},"123":{"start":{"line":286,"column":2},"end":{"line":286,"column":108}},"124":{"start":{"line":290,"column":2},"end":{"line":290,"column":23}},"125":{"start":{"line":290,"column":12},"end":{"line":290,"column":23}},"126":{"start":{"line":291,"column":2},"end":{"line":291,"column":52}}},"fnMap":{"0":{"name":"analyzeJobLocally","decl":{"start":{"line":81,"column":16},"end":{"line":81,"column":33}},"loc":{"start":{"line":81,"column":52},"end":{"line":163,"column":1}},"line":81},"1":{"name":"(anonymous_1)","decl":{"start":{"line":99,"column":27},"end":{"line":99,"column":28}},"loc":{"start":{"line":99,"column":35},"end":{"line":105,"column":7}},"line":99},"2":{"name":"(anonymous_2)","decl":{"start":{"line":107,"column":36},"end":{"line":107,"column":37}},"loc":{"start":{"line":107,"column":45},"end":{"line":107,"column":75}},"line":107},"3":{"name":"(anonymous_3)","decl":{"start":{"line":117,"column":41},"end":{"line":117,"column":42}},"loc":{"start":{"line":117,"column":57},"end":{"line":117,"column":64}},"line":117},"4":{"name":"(anonymous_4)","decl":{"start":{"line":118,"column":39},"end":{"line":118,"column":40}},"loc":{"start":{"line":118,"column":59},"end":{"line":118,"column":70}},"line":118},"5":{"name":"(anonymous_5)","decl":{"start":{"line":124,"column":10},"end":{"line":124,"column":11}},"loc":{"start":{"line":124,"column":20},"end":{"line":124,"column":37}},"line":124},"6":{"name":"(anonymous_6)","decl":{"start":{"line":126,"column":9},"end":{"line":126,"column":10}},"loc":{"start":{"line":126,"column":26},"end":{"line":126,"column":74}},"line":126},"7":{"name":"(anonymous_7)","decl":{"start":{"line":130,"column":10},"end":{"line":130,"column":11}},"loc":{"start":{"line":130,"column":20},"end":{"line":130,"column":37}},"line":130},"8":{"name":"(anonymous_8)","decl":{"start":{"line":132,"column":9},"end":{"line":132,"column":10}},"loc":{"start":{"line":132,"column":26},"end":{"line":132,"column":45}},"line":132},"9":{"name":"(anonymous_9)","decl":{"start":{"line":156,"column":50},"end":{"line":156,"column":51}},"loc":{"start":{"line":156,"column":60},"end":{"line":156,"column":74}},"line":156},"10":{"name":"extractTokens","decl":{"start":{"line":165,"column":9},"end":{"line":165,"column":22}},"loc":{"start":{"line":165,"column":29},"end":{"line":171,"column":1}},"line":165},"11":{"name":"(anonymous_11)","decl":{"start":{"line":170,"column":12},"end":{"line":170,"column":13}},"loc":{"start":{"line":170,"column":19},"end":{"line":170,"column":53}},"line":170},"12":{"name":"extractProfileTokens","decl":{"start":{"line":173,"column":9},"end":{"line":173,"column":29}},"loc":{"start":{"line":173,"column":39},"end":{"line":202,"column":1}},"line":173},"13":{"name":"(anonymous_13)","decl":{"start":{"line":201,"column":23},"end":{"line":201,"column":24}},"loc":{"start":{"line":201,"column":30},"end":{"line":201,"column":64}},"line":201},"14":{"name":"scoreKeywords","decl":{"start":{"line":204,"column":9},"end":{"line":204,"column":22}},"loc":{"start":{"line":204,"column":41},"end":{"line":249,"column":1}},"line":204},"15":{"name":"(anonymous_15)","decl":{"start":{"line":222,"column":48},"end":{"line":222,"column":49}},"loc":{"start":{"line":222,"column":63},"end":{"line":227,"column":3}},"line":222},"16":{"name":"(anonymous_16)","decl":{"start":{"line":230,"column":29},"end":{"line":230,"column":30}},"loc":{"start":{"line":230,"column":44},"end":{"line":243,"column":3}},"line":230},"17":{"name":"(anonymous_17)","decl":{"start":{"line":247,"column":10},"end":{"line":247,"column":11}},"loc":{"start":{"line":247,"column":20},"end":{"line":247,"column":31}},"line":247},"18":{"name":"extractJobMeta","decl":{"start":{"line":251,"column":9},"end":{"line":251,"column":23}},"loc":{"start":{"line":251,"column":30},"end":{"line":283,"column":1}},"line":251},"19":{"name":"(anonymous_19)","decl":{"start":{"line":274,"column":37},"end":{"line":274,"column":38}},"loc":{"start":{"line":274,"column":44},"end":{"line":274,"column":52}},"line":274},"20":{"name":"normalize","decl":{"start":{"line":285,"column":9},"end":{"line":285,"column":18}},"loc":{"start":{"line":285,"column":24},"end":{"line":287,"column":1}},"line":285},"21":{"name":"capitalize","decl":{"start":{"line":289,"column":9},"end":{"line":289,"column":19}},"loc":{"start":{"line":289,"column":25},"end":{"line":292,"column":1}},"line":289}},"branchMap":{"0":{"loc":{"start":{"line":94,"column":23},"end":{"line":94,"column":57}},"type":"binary-expr","locations":[{"start":{"line":94,"column":23},"end":{"line":94,"column":47}},{"start":{"line":94,"column":51},"end":{"line":94,"column":57}}],"line":94},"1":{"loc":{"start":{"line":97,"column":6},"end":{"line":107,"column":76}},"type":"binary-expr","locations":[{"start":{"line":97,"column":6},"end":{"line":97,"column":28}},{"start":{"line":98,"column":6},"end":{"line":98,"column":32}},{"start":{"line":99,"column":6},"end":{"line":105,"column":8}},{"start":{"line":107,"column":6},"end":{"line":107,"column":76}}],"line":97},"2":{"loc":{"start":{"line":100,"column":27},"end":{"line":100,"column":53}},"type":"binary-expr","locations":[{"start":{"line":100,"column":27},"end":{"line":100,"column":47}},{"start":{"line":100,"column":51},"end":{"line":100,"column":53}}],"line":100},"3":{"loc":{"start":{"line":101,"column":15},"end":{"line":104,"column":82}},"type":"binary-expr","locations":[{"start":{"line":101,"column":15},"end":{"line":101,"column":36}},{"start":{"line":101,"column":40},"end":{"line":101,"column":65}},{"start":{"line":102,"column":15},"end":{"line":102,"column":28}},{"start":{"line":102,"column":32},"end":{"line":102,"column":49}},{"start":{"line":104,"column":16},"end":{"line":104,"column":33}},{"start":{"line":104,"column":38},"end":{"line":104,"column":57}},{"start":{"line":104,"column":61},"end":{"line":104,"column":80}}],"line":101},"4":{"loc":{"start":{"line":107,"column":7},"end":{"line":107,"column":29}},"type":"binary-expr","locations":[{"start":{"line":107,"column":7},"end":{"line":107,"column":23}},{"start":{"line":107,"column":27},"end":{"line":107,"column":29}}],"line":107},"5":{"loc":{"start":{"line":109,"column":4},"end":{"line":113,"column":5}},"type":"if","locations":[{"start":{"line":109,"column":4},"end":{"line":113,"column":5}},{"start":{"line":111,"column":11},"end":{"line":113,"column":5}}],"line":109},"6":{"loc":{"start":{"line":119,"column":19},"end":{"line":119,"column":88}},"type":"cond-expr","locations":[{"start":{"line":119,"column":37},"end":{"line":119,"column":84}},{"start":{"line":119,"column":87},"end":{"line":119,"column":88}}],"line":119},"7":{"loc":{"start":{"line":137,"column":2},"end":{"line":143,"column":3}},"type":"if","locations":[{"start":{"line":137,"column":2},"end":{"line":143,"column":3}},{"start":{"line":140,"column":9},"end":{"line":143,"column":3}}],"line":137},"8":{"loc":{"start":{"line":140,"column":9},"end":{"line":143,"column":3}},"type":"if","locations":[{"start":{"line":140,"column":9},"end":{"line":143,"column":3}},{"start":{},"end":{}}],"line":140},"9":{"loc":{"start":{"line":150,"column":15},"end":{"line":150,"column":85}},"type":"cond-expr","locations":[{"start":{"line":150,"column":38},"end":{"line":150,"column":47}},{"start":{"line":150,"column":50},"end":{"line":150,"column":85}}],"line":150},"10":{"loc":{"start":{"line":170,"column":19},"end":{"line":170,"column":53}},"type":"binary-expr","locations":[{"start":{"line":170,"column":19},"end":{"line":170,"column":31}},{"start":{"line":170,"column":35},"end":{"line":170,"column":53}}],"line":170},"11":{"loc":{"start":{"line":176,"column":17},"end":{"line":176,"column":38}},"type":"binary-expr","locations":[{"start":{"line":176,"column":17},"end":{"line":176,"column":32}},{"start":{"line":176,"column":36},"end":{"line":176,"column":38}}],"line":176},"12":{"loc":{"start":{"line":178,"column":4},"end":{"line":180,"column":5}},"type":"if","locations":[{"start":{"line":178,"column":4},"end":{"line":180,"column":5}},{"start":{},"end":{}}],"line":178},"13":{"loc":{"start":{"line":183,"column":2},"end":{"line":185,"column":3}},"type":"if","locations":[{"start":{"line":183,"column":2},"end":{"line":185,"column":3}},{"start":{},"end":{}}],"line":183},"14":{"loc":{"start":{"line":187,"column":2},"end":{"line":189,"column":3}},"type":"if","locations":[{"start":{"line":187,"column":2},"end":{"line":189,"column":3}},{"start":{},"end":{}}],"line":187},"15":{"loc":{"start":{"line":191,"column":2},"end":{"line":193,"column":3}},"type":"if","locations":[{"start":{"line":191,"column":2},"end":{"line":193,"column":3}},{"start":{},"end":{}}],"line":191},"16":{"loc":{"start":{"line":195,"column":21},"end":{"line":195,"column":46}},"type":"binary-expr","locations":[{"start":{"line":195,"column":21},"end":{"line":195,"column":40}},{"start":{"line":195,"column":44},"end":{"line":195,"column":46}}],"line":195},"17":{"loc":{"start":{"line":196,"column":4},"end":{"line":196,"column":88}},"type":"if","locations":[{"start":{"line":196,"column":4},"end":{"line":196,"column":88}},{"start":{},"end":{}}],"line":196},"18":{"loc":{"start":{"line":197,"column":21},"end":{"line":197,"column":41}},"type":"binary-expr","locations":[{"start":{"line":197,"column":21},"end":{"line":197,"column":35}},{"start":{"line":197,"column":39},"end":{"line":197,"column":41}}],"line":197},"19":{"loc":{"start":{"line":201,"column":30},"end":{"line":201,"column":64}},"type":"binary-expr","locations":[{"start":{"line":201,"column":30},"end":{"line":201,"column":42}},{"start":{"line":201,"column":46},"end":{"line":201,"column":64}}],"line":201},"20":{"loc":{"start":{"line":210,"column":19},"end":{"line":210,"column":35}},"type":"binary-expr","locations":[{"start":{"line":210,"column":19},"end":{"line":210,"column":30}},{"start":{"line":210,"column":34},"end":{"line":210,"column":35}}],"line":210},"21":{"loc":{"start":{"line":216,"column":4},"end":{"line":218,"column":5}},"type":"if","locations":[{"start":{"line":216,"column":4},"end":{"line":218,"column":5}},{"start":{},"end":{}}],"line":216},"22":{"loc":{"start":{"line":216,"column":8},"end":{"line":216,"column":68}},"type":"binary-expr","locations":[{"start":{"line":216,"column":8},"end":{"line":216,"column":34}},{"start":{"line":216,"column":38},"end":{"line":216,"column":68}}],"line":216},"23":{"loc":{"start":{"line":217,"column":24},"end":{"line":217,"column":43}},"type":"binary-expr","locations":[{"start":{"line":217,"column":24},"end":{"line":217,"column":38}},{"start":{"line":217,"column":42},"end":{"line":217,"column":43}}],"line":217},"24":{"loc":{"start":{"line":223,"column":4},"end":{"line":223,"column":30}},"type":"if","locations":[{"start":{"line":223,"column":4},"end":{"line":223,"column":30}},{"start":{},"end":{}}],"line":223},"25":{"loc":{"start":{"line":224,"column":4},"end":{"line":224,"column":36}},"type":"if","locations":[{"start":{"line":224,"column":4},"end":{"line":224,"column":36}},{"start":{},"end":{}}],"line":224},"26":{"loc":{"start":{"line":225,"column":4},"end":{"line":225,"column":41}},"type":"if","locations":[{"start":{"line":225,"column":4},"end":{"line":225,"column":41}},{"start":{},"end":{}}],"line":225},"27":{"loc":{"start":{"line":235,"column":6},"end":{"line":240,"column":7}},"type":"if","locations":[{"start":{"line":235,"column":6},"end":{"line":240,"column":7}},{"start":{},"end":{}}],"line":235},"28":{"loc":{"start":{"line":237,"column":8},"end":{"line":239,"column":9}},"type":"if","locations":[{"start":{"line":237,"column":8},"end":{"line":239,"column":9}},{"start":{},"end":{}}],"line":237},"29":{"loc":{"start":{"line":260,"column":2},"end":{"line":263,"column":63}},"type":"if","locations":[{"start":{"line":260,"column":2},"end":{"line":263,"column":63}},{"start":{"line":261,"column":7},"end":{"line":263,"column":63}}],"line":260},"30":{"loc":{"start":{"line":261,"column":7},"end":{"line":263,"column":63}},"type":"if","locations":[{"start":{"line":261,"column":7},"end":{"line":263,"column":63}},{"start":{"line":262,"column":7},"end":{"line":263,"column":63}}],"line":261},"31":{"loc":{"start":{"line":262,"column":7},"end":{"line":263,"column":63}},"type":"if","locations":[{"start":{"line":262,"column":7},"end":{"line":263,"column":63}},{"start":{"line":263,"column":7},"end":{"line":263,"column":63}}],"line":262},"32":{"loc":{"start":{"line":263,"column":7},"end":{"line":263,"column":63}},"type":"if","locations":[{"start":{"line":263,"column":7},"end":{"line":263,"column":63}},{"start":{},"end":{}}],"line":263},"33":{"loc":{"start":{"line":266,"column":2},"end":{"line":267,"column":57}},"type":"if","locations":[{"start":{"line":266,"column":2},"end":{"line":267,"column":57}},{"start":{"line":267,"column":7},"end":{"line":267,"column":57}}],"line":266},"34":{"loc":{"start":{"line":267,"column":7},"end":{"line":267,"column":57}},"type":"if","locations":[{"start":{"line":267,"column":7},"end":{"line":267,"column":57}},{"start":{},"end":{}}],"line":267},"35":{"loc":{"start":{"line":271,"column":2},"end":{"line":271,"column":49}},"type":"if","locations":[{"start":{"line":271,"column":2},"end":{"line":271,"column":49}},{"start":{},"end":{}}],"line":271},"36":{"loc":{"start":{"line":276,"column":4},"end":{"line":279,"column":5}},"type":"if","locations":[{"start":{"line":276,"column":4},"end":{"line":279,"column":5}},{"start":{},"end":{}}],"line":276},"37":{"loc":{"start":{"line":276,"column":8},"end":{"line":276,"column":74}},"type":"binary-expr","locations":[{"start":{"line":276,"column":8},"end":{"line":276,"column":23}},{"start":{"line":276,"column":27},"end":{"line":276,"column":44}},{"start":{"line":276,"column":48},"end":{"line":276,"column":74}}],"line":276},"38":{"loc":{"start":{"line":286,"column":16},"end":{"line":286,"column":25}},"type":"binary-expr","locations":[{"start":{"line":286,"column":16},"end":{"line":286,"column":19}},{"start":{"line":286,"column":23},"end":{"line":286,"column":25}}],"line":286},"39":{"loc":{"start":{"line":290,"column":2},"end":{"line":290,"column":23}},"type":"if","locations":[{"start":{"line":290,"column":2},"end":{"line":290,"column":23}},{"start":{},"end":{}}],"line":290}},"s":{"0":1,"1":1,"2":1,"3":30,"4":64,"5":1,"6":1,"7":2,"8":2,"9":2,"10":2,"11":2,"12":2,"13":2,"14":13,"15":13,"16":13,"17":51,"18":51,"19":0,"20":13,"21":3,"22":10,"23":2,"24":13,"25":2,"26":3,"27":2,"28":2,"29":2,"30":2,"31":3,"32":2,"33":8,"34":9,"35":2,"36":2,"37":2,"38":0,"39":0,"40":2,"41":1,"42":1,"43":2,"44":2,"45":10,"46":2,"47":18,"48":2,"49":2,"50":2,"51":2,"52":2,"53":5,"54":2,"55":0,"56":2,"57":0,"58":2,"59":1,"60":2,"61":1,"62":1,"63":1,"64":1,"65":2,"66":11,"67":2,"68":2,"69":2,"70":13,"71":2,"72":2,"73":11,"74":11,"75":11,"76":2,"77":24,"78":11,"79":13,"80":0,"81":13,"82":0,"83":13,"84":2,"85":13,"86":13,"87":104,"88":104,"89":104,"90":104,"91":13,"92":13,"93":2,"94":11,"95":2,"96":2,"97":2,"98":2,"99":2,"100":2,"101":2,"102":0,"103":2,"104":0,"105":2,"106":0,"107":2,"108":0,"109":2,"110":1,"111":1,"112":0,"113":2,"114":2,"115":0,"116":2,"117":2,"118":2,"119":2,"120":2,"121":2,"122":2,"123":24,"124":22,"125":0,"126":22},"f":{"0":2,"1":51,"2":0,"3":13,"4":3,"5":2,"6":3,"7":8,"8":9,"9":10,"10":2,"11":18,"12":2,"13":11,"14":2,"15":24,"16":13,"17":11,"18":2,"19":2,"20":24,"21":22},"b":{"0":[13,12],"1":[13,12,11,10],"2":[51,46],"3":[51,51,51,51,51,49,49],"4":[10,10],"5":[3,10],"6":[2,0],"7":[0,2],"8":[1,1],"9":[1,1],"10":[18,18],"11":[2,0],"12":[2,0],"13":[0,2],"14":[0,2],"15":[1,1],"16":[2,1],"17":[1,0],"18":[1,0],"19":[11,11],"20":[13,13],"21":[11,0],"22":[11,11],"23":[11,11],"24":[11,13],"25":[0,13],"26":[0,13],"27":[104,0],"28":[13,91],"29":[0,2],"30":[0,2],"31":[0,2],"32":[0,2],"33":[1,1],"34":[0,1],"35":[0,2],"36":[2,0],"37":[2,2,2],"38":[24,0],"39":[0,22]},"_coverageSchema":"1a1c01bbd47fc00a2c39e90264f33305004495a9","hash":"12d7868ff78b67a3272c7716e7e1941386633522"}
[...]
,"17":{"name":"(anonymous_17)","decl":{"start":{"line":204,"column":23},"end":{"line":204,"column":24}},"loc":{"start":{"line":204,"column":30},"end":{"line":204,"column":61}},"line":204},"18":{"name":"monthYearToIsoDate","decl":{"start":{"line":214,"column":16},"end":{"line":214,"column":34}},"loc":{"start":{"line":214,"column":52},"end":{"line":220,"column":1}},"line":214},"19":{"name":"isoDateToMonthYear","decl":{"start":{"line":223,"column":16},"end":{"line":223,"column":34}},"loc":{"start":{"line":223,"column":40},"end":{"line":229,"column":1}},"line":223},"20":{"name":"truncateText","decl":{"start":{"line":231,"column":16},"end":{"line":231,"column":28}},"loc":{"start":{"line":231,"column":46},"end":{"line":234,"column":1}},"line":231},"21":{"name":"formatDate","decl":{"start":{"line":236,"column":16},"end":{"line":236,"column":26}},"loc":{"start":{"line":236,"column":38},"end":{"line":243,"column":1}},"line":236},"22":{"name":"formatNumber","decl":{"start":{"line":245,"column":16},"end":{"line":245,"column":28}},"loc":{"start":{"line":245,"column":34},"end":{"line":247,"column":1}},"line":245},"23":{"name":"estimateCost","decl":{"start":{"line":249,"column":16},"end":{"line":249,"column":28}},"loc":{"start":{"line":249,"column":79},"end":{"line":253,"column":1}},"line":249},"24":{"name":"debounce","decl":{"start":{"line":255,"column":16},"end":{"line":255,"column":24}},"loc":{"start":{"line":255,"column":36},"end":{"line":261,"column":1}},"line":255},"25":{"name":"(anonymous_25)","decl":{"start":{"line":257,"column":9},"end":{"line":257,"column":10}},"loc":{"start":{"line":257,"column":28},"end":{"line":260,"column":3}},"line":257},"26":{"name":"(anonymous_26)","decl":{"start":{"line":259,"column":23},"end":{"line":259,"column":24}},"loc":{"start":{"line":259,"column":29},"end":{"line":259,"column":49}},"line":259},"27":{"name":"extractDomain","decl":{"start":{"line":263,"column":16},"end":{"line":263,"column":29}},"loc":{"start":{"line":263,"column":35},"end":{"line":269,"column":1}},"line":263},"28":{"name":"sendMessage","decl":{"start":{"line":271,"column":22},"end":{"line":271,"column":33}},"loc":{"start":{"line":271,"column":54},"end":{"line":299,"column":1}},"line":271},"29":{"name":"isExtensionContextInvalidatedError","decl":{"start":{"line":301,"column":9},"end":{"line":301,"column":43}},"loc":{"start":{"line":301,"column":53},"end":{"line":304,"column":1}},"line":301},"30":{"name":"isRetryableMessagingError","decl":{"start":{"line":306,"column":9},"end":{"line":306,"column":34}},"loc":{"start":{"line":306,"column":44},"end":{"line":315,"column":1}},"line":306},"31":{"name":"notifyExtensionContextInvalidated","decl":{"start":{"line":318,"column":9},"end":{"line":318,"column":42}},"loc":{"start":{"line":318,"column":55},"end":{"line":327,"column":1}},"line":318}},"branchMap":{"0":{"loc":{"start":{"line":23,"column":2},"end":{"line":23,"column":57}},"type":"if","locations":[{"start":{"line":23,"column":2},"end":{"line":23,"column":57}},{"start":{},"end":{}}],"line":23},"1":{"loc":{"start":{"line":23,"column":6},"end":{"line":23,"column":45}},"type":"binary-expr","locations":[{"start":{"line":23,"column":6},"end":{"line":23,"column":14}},{"start":{"line":23,"column":18},"end":{"line":23,"column":45}}],"line":23},"2":{"loc":{"start":{"line":27,"column":17},"end":{"line":27,"column":54}},"type":"binary-expr","locations":[{"start":{"line":27,"column":17},"end":{"line":27,"column":47}},{"start":{"line":27,"column":51},"end":{"line":27,"column":54}}],"line":27},"3":{"loc":{"start":{"line":35,"column":23},"end":{"line":35,"column":32}},"type":"binary-expr","locations":[{"start":{"line":35,"column":23},"end":{"line":35,"column":26}},{"start":{"line":35,"column":30},"end":{"line":35,"column":32}}],"line":35},"4":{"loc":{"start":{"line":36,"column":6},"end":{"line":36,"column":45}},"type":"if","locations":[{"start":{"line":36,"column":6},"end":{"line":36,"column":45}},{"start":{},"end":{}}],"line":36},"5":{"loc":{"start":{"line":36,"column":10},"end":{"line":36,"column":34}},"type":"binary-expr","locations":[{"start":{"line":36,"column":10},"end":{"line":36,"column":12}},{"start":{"line":36,"column":16},"end":{"line":36,"column":34}}],"line":36},"6":{"loc":{"start":{"line":38,"column":6},"end":{"line":38,"column":89}},"type":"if","locations":[{"start":{"line":38,"column":6},"end":{"line":38,"column":89}},{"start":{},"end":{}}],"line":38},"7":{"loc":{"start":{"line":38,"column":10},"end":{"line":38,"column":78}},"type":"binary-expr","locations":[{"start":{"line":38,"column":10},"end":{"line":38,"column":33}},{"start":{"line":38,"column":37},"end":{"line":38,"column":56}},{"start":{"line":38,"column":60},"end":{"line":38,"column":78}}],"line":38},"8":{"loc":{"start":{"line":39,"column":33},"end":{"line":39,"column":44}},"type":"binary-expr","locations":[{"start":{"line":39,"column":33},"end":{"line":39,"column":38}},{"start":{"line":39,"column":42},"end":{"line":39,"column":44}}],"line":39},"9":{"loc":{"start":{"line":43,"column":4},"end":{"line":45,"column":5}},"type":"if","locations":[{"start":{"line":43,"column":4},"end":{"line":45,"column":5}},{"start":{},"end":{}}],"line":43},"10":{"loc":{"start":{"line":57,"column":16},"end":{"line":57,"column":23}},"type":"binary-expr","locations":[{"start":{"line":57,"column":16},"end":{"line":57,"column":17}},{"start":{"line":57,"column":21},"end":{"line":57,"column":23}}],"line":57},"11":{"loc":{"start":{"line":69,"column":2},"end":{"line":69,"column":57}},"type":"if","locations":[{"start":{"line":69,"column":2},"end":{"line":69,"column":57}},{"start":{},"end":{}}],"line":69},"12":{"loc":{"start":{"line":69,"column":6},"end":{"line":69,"column":45}},"type":"binary-expr","locations":[{"start":{"line":69,"column":6},"end":{"line":69,"column":14}},{"start":{"line":69,"column":18},"end":{"line":69,"column":45}}],"line":69},"13":{"loc":{"start":{"line":75,"column":4},"end":{"line":75,"column":66}},"type":"if","locations":[{"start":{"line":75,"column":4},"end":{"line":75,"column":66}},{"start":{},"end":{}}],"line":75},"14":{"loc":{"start":{"line":75,"column":8},"end":{"line":75,"column":47}},"type":"binary-expr","locations":[{"start":{"line":75,"column":8},"end":{"line":75,"column":37}},{"start":{"line":75,"column":41},"end":{"line":75,"column":47}}],"line":75},"15":{"loc":{"start":{"line":78,"column":6},"end":{"line":80,"column":34}},"type":"binary-expr","locations":[{"start":{"line":78,"column":6},"end":{"line":78,"column":40}},{"start":{"line":79,"column":6},"end":{"line":79,"column":33}},{"start":{"line":80,"column":6},"end":{"line":80,"column":34}}],"line":78},"16":{"loc":{"start":{"line":81,"column":4},"end":{"line":84,"column":5}},"type":"if","locations":[{"start":{"line":81,"column":4},"end":{"line":84,"column":5}},{"start":{},"end":{}}],"line":81},"17":{"loc":{"start":{"line":81,"column":8},"end":{"line":81,"column":43}},"type":"binary-expr","locations":[{"start":{"line":81,"column":8},"end":{"line":81,"column":37}},{"start":{"line":81,"column":41},"end":{"line":81,"column":43}}],"line":81},"18":{"loc":{"start":{"line":83,"column":13},"end":{"line":83,"column":60}},"type":"cond-expr","locations":[{"start":{"line":83,"column":34},"end":{"line":83,"column":40}},{"start":{"line":83,"column":43},"end":{"line":83,"column":60}}],"line":83},"19":{"loc":{"start":{"line":87,"column":4},"end":{"line":87,"column":65}},"type":"if","locations":[{"start":{"line":87,"column":4},"end":{"line":87,"column":65}},{"start":{},"end":{}}],"line":87},"20":{"loc":{"start":{"line":87,"column":8},"end":{"line":87,"column":38}},"type":"binary-expr","locations":[{"start":{"line":87,"column":8},"end":{"line":87,"column":32}},{"start":{"line":87,"column":36},"end":{"line":87,"column":38}}],"line":87},"21":{"loc":{"start":{"line":90,"column":4},"end":{"line":90,"column":89}},"type":"if","locations":[{"start":{"line":90,"column":4},"end":{"line":90,"column":89}},{"start":{},"end":{}}],"line":90},"22":{"loc":{"start":{"line":90,"column":8},"end":{"line":90,"column":74}},"type":"binary-expr","locations":[{"start":{"line":90,"column":9},"end":{"line":90,"column":39}},{"start":{"line":90,"column":43},"end":{"line":90,"column":67}},{"start":{"line":90,"column":72},"end":{"line":90,"column":74}}],"line":90},"23":{"loc":{"start":{"line":92,"column":4},"end":{"line":95,"column":5}},"type":"if","locations":[{"start":{"line":92,"column":4},"end":{"line":95,"column":5}},{"start":{},"end":{}}],"line":92},"24":{"loc":{"start":{"line":92,"column":8},"end":{"line":92,"column":80}},"type":"binary-expr","locations":[{"start":{"line":92,"column":8},"end":{"line":92,"column":42}},{"start":{"line":92,"column":46},"end":{"line":92,"column":80}}],"line":92},"25":{"loc":{"start":{"line":94,"column":6},"end":{"line":94,"column":55}},"type":"if","locations":[{"start":{"line":94,"column":6},"end":{"line":94,"column":55}},{"start":{},"end":{}}],"line":94},"26":{"loc":{"start":{"line":98,"column":4},"end":{"line":98,"column":98}},"type":"if","locations":[{"start":{"line":98,"column":4},"end":{"line":98,"column":98}},{"start":{},"end":{}}],"line":98},"27":{"loc":{"start":{"line":98,"column":8},"end":{"line":98,"column":82}},"type":"binary-expr","locations":[{"start":{"line":98,"column":8},"end":{"line":98,"column":38}},{"start":{"line":98,"column":42},"end":{"line":98,"column":45}},{"start":{"line":98,"column":49},"end":{"line":98,"column":55}},{"start":{"line":98,"column":59},"end":{"line":98,"column":82}}],"line":98},"28":{"loc":{"start":{"line":101,"column":4},"end":{"line":101,"column":59}},"type":"if","locations":[{"start":{"line":101,"column":4},"end":{"line":101,"column":59}},{"start":{},"end":{}}],"line":101},"29":{"loc":{"start":{"line":101,"column":8},"end":{"line":101,"column":43}},"type":"binary-expr","locations":[{"start":{"line":101,"column":8},"end":{"line":101,"column":36}},{"start":{"line":101,"column":40},"end":{"line":101,"column":43}}],"line":101},"30":{"loc":{"start":{"line":104,"column":4},"end":{"line":104,"column":31}},"type":"if","locations":[{"start":{"line":104,"column":4},"end":{"line":104,"column":31}},{"start":{},"end":{}}],"line":104},"31":{"loc":{"start":{"line":116,"column":2},"end":{"line":116,"column":57}},"type":"if","locations":[{"start":{"line":116,"column":2},"end":{"line":116,"column":57}},{"start":{},"end":{}}],"line":116},"32":{"loc":{"start":{"line":116,"column":6},"end":{"line":116,"column":45}},"type":"binary-expr","locations":[{"start":{"line":116,"column":6},"end":{"line":116,"column":14}},{"start":{"line":116,"column":18},"end":{"line":116,"column":45}}],"line":116},"33":{"loc":{"start":{"line":121,"column":4},"end":{"line":121,"column":40}},"type":"if","locations":[{"start":{"line":121,"column":4},"end":{"line":121,"column":40}},{"start":{},"end":{}}],"line":121},"34":{"loc":{"start":{"line":123,"column":11},"end":{"line":123,"column":36}},"type":"cond-expr","locations":[{"start":{"line":123,"column":18},"end":{"line":123,"column":31}},{"start":{"line":123,"column":34},"end":{"line":123,"column":36}}],"line":123},"35":{"loc":{"start":{"line":133,"column":53},"end":{"line":133,"column":64}},"type":"default-arg","locations":[{"start":{"line":133,"column":62},"end":{"line":133,"column":64}}],"line":133},"36":{"loc":{"start":{"line":134,"column":14},"end":{"line":134,"column":49}},"type":"cond-expr","locations":[{"start":{"line":134,"column":38},"end":{"line":134,"column":44}},{"start":{"line":134,"column":47},"end":{"line":134,"column":49}}],"line":134},"37":{"loc":{"start":{"line":136,"column":23},"end":{"line":136,"column":30}},"type":"binary-expr","locations":[{"start":{"line":136,"column":23},"end":{"line":136,"column":24}},{"start":{"line":136,"column":28},"end":{"line":136,"column":30}}],"line":136},"38":{"loc":{"start":{"line":140,"column":2},"end":{"line":148,"column":3}},"type":"if","locations":[{"start":{"line":140,"column":2},"end":{"line":148,"column":3}},{"start":{},"end":{}}],"line":140},"39":{"loc":{"start":{"line":140,"column":6},"end":{"line":140,"column":21}},"type":"binary-expr","locations":[{"start":{"line":140,"column":6},"end":{"line":140,"column":10}},{"start":{"line":140,"column":14},"end":{"line":140,"column":21}}],"line":140},"40":{"loc":{"start":{"line":169,"column":17},"end":{"line":169,"column":27}},"type":"binary-expr","locations":[{"start":{"line":169,"column":17},"end":{"line":169,"column":21}},{"start":{"line":169,"column":25},"end":{"line":169,"column":27}}],"line":169},"41":{"loc":{"start":{"line":184,"column":40},"end":{"line":184,"column":52}},"type":"default-arg","locations":[{"start":{"line":184,"column":50},"end":{"line":184,"column":52}}],"line":184},"42":{"loc":{"start":{"line":187,"column":19},"end":{"line":187,"column":65}},"type":"cond-expr","locations":[{"start":{"line":187,"column":29},"end":{"line":187,"column":54}},{"start":{"line":187,"column":57},"end":{"line":187,"column":65}}],"line":187},"43":{"loc":{"start":{"line":199,"column":19},"end":{"line":199,"column":28}},"type":"binary-expr","locations":[{"start":{"line":199,"column":19},"end":{"line":199,"column":22}},{"start":{"line":199,"column":26},"end":{"line":199,"column":28}}],"line":199},"44":{"loc":{"start":{"line":215,"column":2},"end":{"line":215,"column":23}},"type":"if","locations":[{"start":{"line":215,"column":2},"end":{"line":215,"column":23}},{"start":{},"end":{}}],"line":215},"45":{"loc":{"start":{"line":217,"column":2},"end":{"line":217,"column":25}},"type":"if","locations":[{"start":{"line":217,"column":2},"end":{"line":217,"column":25}},{"start":{},"end":{}}],"line":217},"46":{"loc":{"start":{"line":224,"column":2},"end":{"line":224,"column":94}},"type":"if","locations":[{"start":{"line":224,"column":2},"end":{"line":224,"column":94}},{"start":{},"end":{}}],"line":224},"47":{"loc":{"start":{"line":224,"column":6},"end":{"line":224,"column":61}},"type":"binary-expr","locations":[{"start":{"line":224,"column":6},"end":{"line":224,"column":10}},{"start":{"line":224,"column":14},"end":{"line":224,"column":61}}],"line":224},"48":{"loc":{"start":{"line":227,"column":2},"end":{"line":227,"column":81}},"type":"if","locations":[{"start":{"line":227,"column":2},"end":{"line":227,"column":81}},{"start":{},"end":{}}],"line":227},"49":{"loc":{"start":{"line":227,"column":6},"end":{"line":227,"column":48}},"type":"binary-expr","locations":[{"start":{"line":227,"column":6},"end":{"line":227,"column":12}},{"start":{"line":227,"column":16},"end":{"line":227,"column":48}}],"line":227},"50":{"loc":{"start":{"line":232,"column":2},"end":{"line":232,"column":44}},"type":"if","locations":[{"start":{"line":232,"column":2},"end":{"line":232,"column":44}},{"start":{},"end":{}}],"line":232},"51":{"loc":{"start":{"line":251,"column":2},"end":{"line":251,"column":23}},"type":"if","locations":[{"start":{"line":251,"column":2},"end":{"line":251,"column":23}},{"start":{},"end":{}}],"line":251},"52":{"loc":{"start":{"line":271,"column":40},"end":{"line":271,"column":52}},"type":"default-arg","locations":[{"start":{"line":271,"column":50},"end":{"line":271,"column":52}}],"line":271},"53":{"loc":{"start":{"line":280,"column":25},"end":{"line":280,"column":50}},"type":"binary-expr","locations":[{"start":{"line":280,"column":25},"end":{"line":280,"column":37}},{"start":{"line":280,"column":41},"end":{"line":280,"column":44}},{"start":{"line":280,"column":48},"end":{"line":280,"column":50}}],"line":280},"54":{"loc":{"start":{"line":282,"column":6},"end":{"line":286,"column":7}},"type":"if","locations":[{"start":{"line":282,"column":6},"end":{"line":286,"column":7}},{"start":{},"end":{}}],"line":282},"55":{"loc":{"start":{"line":288,"column":6},"end":{"line":291,"column":7}},"type":"if","locations":[{"start":{"line":288,"column":6},"end":{"line":291,"column":7}},{"start":{},"end":{}}],"line":288},"56":{"loc":{"start":{"line":288,"column":10},"end":{"line":288,"column":64}},"type":"binary-expr","locations":[{"start":{"line":288,"column":10},"end":{"line":288,"column":30}},{"start":{"line":288,"column":34},"end":{"line":288,"column":64}}],"line":288},"57":{"loc":{"start":{"line":294,"column":38},"end":{"line":294,"column":61}},"type":"binary-expr","locations":[{"start":{"line":294,"column":38},"end":{"line":294,"column":41}},{"start":{"line":294,"column":45},"end":{"line":294,"column":61}}],"line":294},"58":{"loc":{"start":{"line":302,"column":19},"end":{"line":302,"column":32}},"type":"binary-expr","locations":[{"start":{"line":302,"column":19},"end":{"line":302,"column":26}},{"start":{"line":302,"column":30},"end":{"line":302,"column":32}}],"line":302},"59":{"loc":{"start":{"line":303,"column":9},"end":{"line":303,"column":89}},"type":"binary-expr","locations":[{"start":{"line":303,"column":9},"end":{"line":303,"column":52}},{"start":{"line":303,"column":56},"end":{"line":303,"column":89}}],"line":303},"60":{"loc":{"start":{"line":307,"column":19},"end":{"line":307,"column":32}},"type":"binary-expr","locations":[{"start":{"line":307,"column":19},"end":{"line":307,"column":26}},{"start":{"line":307,"column":30},"end":{"line":307,"column":32}}],"line":307},"61":{"loc":{"start":{"line":309,"column":4},"end":{"line":313,"column":35}},"type":"binary-expr","locations":[{"start":{"line":309,"column":4},"end":{"line":309,"column":48}},{"start":{"line":310,"column":4},"end":{"line":310,"column":46}},{"start":{"line":311,"column":4},"end":{"line":311,"column":41}},{"start":{"line":312,"column":4},"end":{"line":312,"column":37}},{"start":{"line":313,"column":4},"end":{"line":313,"column":35}}],"line":309},"62":{"loc":{"start":{"line":319,"column":2},"end":{"line":319,"column":42}},"type":"if","locations":[{"start":{"line":319,"column":2},"end":{"line":319,"column":42}},{"start":{},"end":{}}],"line":319}},"s":{"0":1,"1":1,"2":0,"3":0,"4":9,"5":0,"6":9,"7":9,"8":9,"9":9,"10":9,"11":9,"12":9,"13":7,"14":7,"15":6,"16":1,"17":0,"18":1,"19":9,"20":0,"21":9,"22":8,"23":1,"24":1,"25":1,"26":0,"27":9,"28":13,"29":0,"30":13,"31":13,"32":13,"33":13,"34":13,"35":6,"36":7,"37":7,"38":0,"39":0,"40":7,"41":7,"42":0,"43":7,"44":7,"45":1,"46":6,"47":1,"48":1,"49":1,"50":5,"51":5,"52":1,"53":4,"54":4,"55":0,"56":4,"57":4,"58":0,"59":4,"60":0,"61":7,"62":0,"63":7,"64":7,"65":7,"66":7,"67":7,"68":3,"69":4,"70":4,"71":0,"72":3,"73":3,"74":1,"75":0,"76":3,"77":1,"78":1,"79":1,"80":1,"81":2,"82":11,"83":0,"84":0,"85":0,"86":0,"87":0,"88":0,"89":0,"90":0,"91":0,"92":0,"93":0,"94":0,"95":0,"96":0,"97":1,"98":1,"99":1,"100":1,"101":1,"102":1,"103":32,"104":11,"105":1,"106":0,"107":1,"108":1,"109":0,"110":1,"111":1,"112":2,"113":1,"114":1,"115":1,"116":1,"117":0,"118":1,"119":2,"120":1,"121":1,"122":0,"123":0,"124":0,"125":1,"126":1,"127":0,"128":1,"129":1,"130":2,"131":2,"132":1,"133":0,"134":0,"135":0,"136":2,"137":2,"138":2,"139":2,"140":3,"141":3,"142":2,"143":2,"144":1,"145":1,"146":1,"147":1,"148":1,"149":1,"150":0,"151":0,"152":0,"153":2,"154":2,"155":1,"156":1,"157":11,"158":1,"159":0,"160":1,"161":1,"162":1},"f":{"0":1,"1":1,"2":0,"3":0,"4":9,"5":0,"6":1,"7":9,"8":13,"9":7,"10":3,"11":1,"12":0,"13":0,"14":0,"15":0,"16":1,"17":32,"18":1,"19":2,"20":2,"21":0,"22":0,"23":1,"24":1,"25":2,"26":1,"27":0,"28":2,"29":2,"30":1,"31":1},"b":{"0":[0,9],"1":[9,9],"2":[9,0],"3":[7,0],"4":[6,1],"5":[7,7],"6":[0,1],"7":[1,1,1],"8":[1,0],"9":[8,1],"10":[9,1],"11":[0,13],"12":[13,13],"13":[6,7],"14":[13,6],"15":[7,7,7],"16":[0,7],"17":[7,0],"18":[0,0],"19":[0,7],"20":[7,0],"21":[1,6],"22":[7,6,1],"23":[1,5],"24":[6,6],"25":[1,0],"26":[1,4],"27":[5,1,1,1],"28":[0,4],"29":[4,0],"30":[0,4],"31":[0,7],"32":[7,7],"33":[3,4],"34":[4,0],"35":[0],"36":[3,0],"37":[1,0],"38":[1,2],"39":[3,1],"40":[0,0],"41":[0],"42":[0,0],"43":[1,0],"44":[0,1],"45":[0,1],"46":[1,1],"47":[2,2],"48":[0,1],"49":[1,1],"50":[1,1],"51":[0,1],"52":[1],"53":[2,0,0],"54":[1,1],"55":[1,0],"56":[1,1],"57":[0,0],"58":[2,0],"59":[2,1],"60":[1,0],"61":[1,0,0,0,0],"62":[0,1]},"_coverageSchema":"1a1c01bbd47fc00a2c39e90264f33305004495a9","hash":"eabfb618f5540bfc675f5cedeae3426ce228c7a8"}
}
