TN:
SF:src\background\anthropic-client.js
FN:21,analyzeJobAnthropic
FN:41,parseResumeAnthropic
FN:59,generateCoverLetterAnthropic
FN:74,testAnthropicKey
FN:87,planSmartFormFillAnthropic
FN:104,generateTailoredResumeAnthropic
FN:119,callAnthropic
FN:156,(anonymous_7)
FN:161,(anonymous_8)
FN:171,(anonymous_9)
FN:180,(anonymous_10)
FN:196,extractJson
FN:205,validateAnalysisResult
FN:225,clamp
FN:226,ensureArray
FN:229,(anonymous_15)
FNF:16
FNH:11
FNDA:2,analyzeJobAnthropic
FNDA:0,parseResumeAnthropic
FNDA:0,generateCoverLetterAnthropic
FNDA:2,testAnthropicKey
FNDA:1,planSmartFormFillAnthropic
FNDA:1,generateTailoredResumeAnthropic
FNDA:6,callAnthropic
FNDA:0,(anonymous_7)
FNDA:0,(anonymous_8)
FNDA:0,(anonymous_9)
FNDA:4,(anonymous_10)
FNDA:3,extractJson
FNDA:1,validateAnalysisResult
FNDA:1,clamp
FNDA:3,ensureArray
FNDA:3,(anonymous_15)
DA:18,8
DA:19,8
DA:22,2
DA:23,2
DA:25,2
DA:32,1
DA:33,1
DA:35,0
DA:38,1
DA:42,0
DA:43,0
DA:44,0
DA:51,0
DA:52,0
DA:54,0
DA:56,0
DA:60,0
DA:61,0
DA:62,0
DA:65,0
DA:66,0
DA:71,0
DA:75,2
DA:76,2
DA:81,0
DA:83,2
DA:88,1
DA:89,1
DA:90,1
DA:96,1
DA:97,1
DA:99,0
DA:101,1
DA:105,1
DA:111,1
DA:112,1
DA:114,0
DA:116,1
DA:120,6
DA:122,6
DA:123,1
DA:126,5
DA:127,5
DA:136,5
DA:137,5
DA:139,5
DA:140,5
DA:141,5
DA:151,5
DA:153,1
DA:154,1
DA:155,0
DA:156,0
DA:157,0
DA:158,0
DA:161,1
DA:162,1
DA:163,1
DA:164,1
DA:165,0
DA:166,0
DA:168,1
DA:169,0
DA:170,0
DA:171,0
DA:172,0
DA:174,0
DA:178,4
DA:180,4
DA:181,4
DA:182,1
DA:185,3
DA:197,3
DA:198,3
DA:199,3
DA:200,1
DA:201,1
DA:202,0
DA:206,1
DA:207,1
DA:225,1
DA:226,3
DA:230,3
DA:231,3
DA:232,3
LF:85
LH:56
BRDA:41,0,0,0
BRDA:59,1,0,0
BRDA:61,2,0,0
BRDA:61,2,1,0
BRDA:62,3,0,0
BRDA:62,3,1,0
BRDA:65,4,0,0
BRDA:65,4,1,0
BRDA:87,5,0,0
BRDA:93,6,0,1
BRDA:93,6,1,0
BRDA:108,7,0,1
BRDA:108,7,1,0
BRDA:120,8,0,1
BRDA:120,9,0,1
BRDA:120,10,0,1
BRDA:122,11,0,1
BRDA:122,11,1,5
BRDA:151,12,0,4
BRDA:151,12,1,1
BRDA:153,13,0,1
BRDA:153,13,1,1
BRDA:153,13,2,0
BRDA:154,14,0,0
BRDA:154,14,1,1
BRDA:154,15,0,1
BRDA:154,15,1,0
BRDA:162,16,0,1
BRDA:162,16,1,0
BRDA:164,17,0,1
BRDA:164,17,1,0
BRDA:165,18,0,0
BRDA:165,18,1,0
BRDA:168,19,0,1
BRDA:168,19,1,0
BRDA:169,20,0,0
BRDA:169,20,1,0
BRDA:181,21,0,1
BRDA:181,21,1,3
BRDA:188,22,0,3
BRDA:188,22,1,0
BRDA:189,23,0,3
BRDA:189,23,1,0
BRDA:190,24,0,3
BRDA:190,24,1,0
BRDA:190,25,0,3
BRDA:190,25,1,0
BRDA:197,26,0,0
BRDA:197,26,1,3
BRDA:199,27,0,2
BRDA:199,27,1,1
BRDA:201,28,0,1
BRDA:201,28,1,0
BRDA:208,29,0,1
BRDA:208,29,1,0
BRDA:211,30,0,0
BRDA:211,30,1,1
BRDA:214,31,0,1
BRDA:214,31,1,1
BRDA:215,32,0,1
BRDA:215,32,1,1
BRDA:216,33,0,1
BRDA:216,33,1,1
BRDA:218,34,0,1
BRDA:218,34,1,1
BRDA:219,35,0,1
BRDA:219,35,1,1
BRDA:220,36,0,1
BRDA:220,36,1,1
BRDA:221,37,0,1
BRDA:221,37,1,1
BRDA:226,38,0,0
BRDA:226,38,1,3
BRF:73
BRH:43
end_of_record
TN:
SF:src\background\gemini-client.js
FN:20,looksLikeMissingModelError
FN:33,stripModelsPrefix
FN:37,listModels
FN:41,(anonymous_3)
FN:45,(anonymous_4)
FN:47,(anonymous_5)
FN:55,pickFallbackModelId
FN:56,(anonymous_7)
FN:57,(anonymous_8)
FN:73,(anonymous_9)
FN:80,analyzeJobGemini
FN:103,parseResumeGemini
FN:124,generateTailoredResumeGemini
FN:142,generateCoverLetterGemini
FN:156,planSmartFormFillGemini
FN:177,testGeminiKey
FN:189,toGeminiContents
FN:200,callGemini
FN:216,(anonymous_18)
FN:241,(anonymous_19)
FN:246,(anonymous_20)
FN:252,(anonymous_21)
FN:267,(anonymous_22)
FN:274,(anonymous_23)
FN:275,(anonymous_24)
FN:289,validateAnalysisResult
FN:309,clamp
FN:310,ensureArray
FN:313,extractJson
FN:323,(anonymous_29)
FNF:30
FNH:20
FNDA:2,looksLikeMissingModelError
FNDA:1,stripModelsPrefix
FNDA:1,listModels
FNDA:0,(anonymous_3)
FNDA:0,(anonymous_4)
FNDA:1,(anonymous_5)
FNDA:1,pickFallbackModelId
FNDA:1,(anonymous_7)
FNDA:1,(anonymous_8)
FNDA:1,(anonymous_9)
FNDA:2,analyzeJobGemini
FNDA:0,parseResumeGemini
FNDA:1,generateTailoredResumeGemini
FNDA:0,generateCoverLetterGemini
FNDA:0,planSmartFormFillGemini
FNDA:2,testGeminiKey
FNDA:4,toGeminiContents
FNDA:5,callGemini
FNDA:5,(anonymous_18)
FNDA:0,(anonymous_19)
FNDA:0,(anonymous_20)
FNDA:0,(anonymous_21)
FNDA:0,(anonymous_22)
FNDA:0,(anonymous_23)
FNDA:3,(anonymous_24)
FNDA:1,validateAnalysisResult
FNDA:1,clamp
FNDA:3,ensureArray
FNDA:2,extractJson
FNDA:2,(anonymous_29)
DA:18,9
DA:21,2
DA:23,2
DA:27,2
DA:29,2
DA:30,2
DA:34,1
DA:38,1
DA:39,1
DA:40,1
DA:41,0
DA:42,0
DA:43,0
DA:45,1
DA:46,1
DA:47,1
DA:56,1
DA:57,1
DA:58,1
DA:60,1
DA:72,1
DA:73,1
DA:74,1
DA:77,0
DA:81,2
DA:82,2
DA:84,2
DA:94,1
DA:95,1
DA:97,0
DA:100,1
DA:104,0
DA:105,0
DA:106,0
DA:116,0
DA:117,0
DA:119,0
DA:121,0
DA:125,1
DA:134,1
DA:135,1
DA:137,0
DA:139,1
DA:143,0
DA:144,0
DA:145,0
DA:148,0
DA:149,0
DA:153,0
DA:157,0
DA:158,0
DA:159,0
DA:169,0
DA:170,0
DA:172,0
DA:174,0
DA:178,2
DA:179,2
DA:183,1
DA:185,1
DA:190,4
DA:191,4
DA:192,6
DA:193,6
DA:194,6
DA:195,6
DA:197,4
DA:201,5
DA:203,5
DA:204,1
DA:207,4
DA:216,4
DA:217,5
DA:218,5
DA:223,5
DA:227,4
DA:228,4
DA:229,4
DA:230,4
DA:232,4
DA:233,5
DA:234,5
DA:236,5
DA:238,2
DA:239,2
DA:240,0
DA:241,0
DA:242,0
DA:243,0
DA:246,2
DA:247,2
DA:248,2
DA:250,2
DA:251,1
DA:252,1
DA:253,1
DA:254,1
DA:255,1
DA:256,1
DA:260,1
DA:261,0
DA:262,0
DA:264,1
DA:265,0
DA:266,0
DA:267,0
DA:268,0
DA:270,0
DA:274,3
DA:275,3
DA:276,3
DA:277,0
DA:280,3
DA:286,3
DA:290,1
DA:291,1
DA:309,1
DA:310,3
DA:314,2
DA:315,2
DA:316,2
DA:317,2
DA:318,2
DA:319,0
DA:324,2
DA:325,2
DA:326,2
LF:127
LH:88
BRDA:21,0,0,2
BRDA:21,0,1,0
BRDA:23,1,0,2
BRDA:23,1,1,1
BRDA:23,1,2,1
BRDA:27,2,0,2
BRDA:27,2,1,2
BRDA:29,3,0,0
BRDA:29,3,1,2
BRDA:30,4,0,2
BRDA:30,4,1,1
BRDA:34,5,0,1
BRDA:34,5,1,0
BRDA:40,6,0,0
BRDA:40,6,1,1
BRDA:42,7,0,0
BRDA:42,7,1,0
BRDA:46,8,0,1
BRDA:46,8,1,0
BRDA:49,9,0,1
BRDA:49,9,1,0
BRDA:50,10,0,1
BRDA:50,10,1,0
BRDA:51,11,0,1
BRDA:51,11,1,0
BRDA:56,12,0,1
BRDA:56,12,1,0
BRDA:57,13,0,1
BRDA:57,13,1,0
BRDA:57,14,0,1
BRDA:57,14,1,1
BRDA:58,15,0,0
BRDA:58,15,1,1
BRDA:73,16,0,1
BRDA:73,16,1,1
BRDA:74,17,0,1
BRDA:74,17,1,0
BRDA:103,18,0,0
BRDA:130,19,0,1
BRDA:130,19,1,0
BRDA:142,20,0,0
BRDA:144,21,0,0
BRDA:144,21,1,0
BRDA:145,22,0,0
BRDA:145,22,1,0
BRDA:148,23,0,0
BRDA:148,23,1,0
BRDA:156,24,0,0
BRDA:164,25,0,0
BRDA:164,25,1,0
BRDA:191,26,0,4
BRDA:191,26,1,0
BRDA:192,27,0,2
BRDA:192,27,1,4
BRDA:192,28,0,0
BRDA:192,28,1,4
BRDA:193,29,0,6
BRDA:193,29,1,0
BRDA:194,30,0,0
BRDA:194,30,1,6
BRDA:200,31,0,2
BRDA:201,32,0,0
BRDA:201,33,0,0
BRDA:201,34,0,0
BRDA:203,35,0,1
BRDA:203,35,1,4
BRDA:212,36,0,2
BRDA:212,36,1,2
BRDA:229,37,0,4
BRDA:229,37,1,0
BRDA:229,38,0,4
BRDA:229,38,1,0
BRDA:236,39,0,3
BRDA:236,39,1,2
BRDA:238,40,0,2
BRDA:238,40,1,2
BRDA:238,40,2,0
BRDA:239,41,0,0
BRDA:239,41,1,2
BRDA:239,42,0,2
BRDA:239,42,1,0
BRDA:247,43,0,2
BRDA:247,43,1,0
BRDA:250,44,0,1
BRDA:250,44,1,1
BRDA:250,45,0,2
BRDA:250,45,1,2
BRDA:254,46,0,1
BRDA:254,46,1,0
BRDA:254,47,0,1
BRDA:254,47,1,1
BRDA:260,48,0,1
BRDA:260,48,1,0
BRDA:260,49,0,1
BRDA:260,49,1,1
BRDA:261,50,0,0
BRDA:261,50,1,0
BRDA:264,51,0,1
BRDA:264,51,1,0
BRDA:265,52,0,0
BRDA:265,52,1,0
BRDA:275,53,0,3
BRDA:275,53,1,0
BRDA:275,54,0,3
BRDA:275,54,1,0
BRDA:276,55,0,0
BRDA:276,55,1,3
BRDA:281,56,0,3
BRDA:281,56,1,0
BRDA:282,57,0,3
BRDA:282,57,1,0
BRDA:283,58,0,3
BRDA:283,58,1,0
BRDA:292,59,0,1
BRDA:292,59,1,0
BRDA:295,60,0,0
BRDA:295,60,1,1
BRDA:298,61,0,1
BRDA:298,61,1,1
BRDA:299,62,0,1
BRDA:299,62,1,1
BRDA:300,63,0,1
BRDA:300,63,1,1
BRDA:302,64,0,1
BRDA:302,64,1,1
BRDA:303,65,0,1
BRDA:303,65,1,1
BRDA:304,66,0,1
BRDA:304,66,1,1
BRDA:305,67,0,1
BRDA:305,67,1,1
BRDA:310,68,0,0
BRDA:310,68,1,3
BRDA:314,69,0,0
BRDA:314,69,1,2
BRDA:316,70,0,0
BRDA:316,70,1,2
BRDA:318,71,0,2
BRDA:318,71,1,0
BRF:139
BRH:81
end_of_record
TN:
SF:src\background\local-analyzer.js
FN:81,analyzeJobLocally
FN:99,(anonymous_1)
FN:107,(anonymous_2)
FN:117,(anonymous_3)
FN:118,(anonymous_4)
FN:124,(anonymous_5)
FN:126,(anonymous_6)
FN:130,(anonymous_7)
FN:132,(anonymous_8)
FN:156,(anonymous_9)
FN:165,extractTokens
FN:170,(anonymous_11)
FN:173,extractProfileTokens
FN:201,(anonymous_13)
FN:204,scoreKeywords
FN:222,(anonymous_15)
FN:230,(anonymous_16)
FN:247,(anonymous_17)
FN:251,extractJobMeta
FN:274,(anonymous_19)
FN:285,normalize
FN:289,capitalize
FNF:22
FNH:21
FNDA:2,analyzeJobLocally
FNDA:51,(anonymous_1)
FNDA:0,(anonymous_2)
FNDA:13,(anonymous_3)
FNDA:3,(anonymous_4)
FNDA:2,(anonymous_5)
FNDA:3,(anonymous_6)
FNDA:8,(anonymous_7)
FNDA:10,(anonymous_8)
FNDA:13,(anonymous_9)
FNDA:2,extractTokens
FNDA:18,(anonymous_11)
FNDA:2,extractProfileTokens
FNDA:11,(anonymous_13)
FNDA:2,scoreKeywords
FNDA:24,(anonymous_15)
FNDA:13,(anonymous_16)
FNDA:11,(anonymous_17)
FNDA:2,extractJobMeta
FNDA:2,(anonymous_19)
FNDA:24,normalize
FNDA:26,capitalize
DA:7,1
DA:41,1
DA:42,1
DA:43,30
DA:44,64
DA:49,1
DA:66,1
DA:82,2
DA:83,2
DA:85,2
DA:86,2
DA:89,2
DA:90,2
DA:92,2
DA:93,13
DA:94,13
DA:97,13
DA:100,51
DA:101,51
DA:107,0
DA:109,13
DA:110,3
DA:112,10
DA:117,13
DA:118,3
DA:119,2
DA:120,2
DA:123,2
DA:124,2
DA:126,3
DA:129,2
DA:130,8
DA:132,10
DA:135,2
DA:136,2
DA:137,2
DA:138,0
DA:139,0
DA:140,2
DA:141,1
DA:142,1
DA:146,2
DA:148,2
DA:156,13
DA:166,2
DA:170,18
DA:174,2
DA:176,2
DA:177,2
DA:178,2
DA:179,5
DA:183,2
DA:184,0
DA:187,2
DA:188,0
DA:191,2
DA:192,1
DA:195,2
DA:196,1
DA:197,1
DA:198,1
DA:201,11
DA:205,2
DA:208,2
DA:209,2
DA:210,13
DA:214,2
DA:215,11
DA:216,11
DA:217,11
DA:222,2
DA:223,24
DA:224,13
DA:225,13
DA:226,13
DA:230,2
DA:231,13
DA:233,13
DA:234,104
DA:235,104
DA:236,104
DA:237,104
DA:238,13
DA:242,13
DA:246,2
DA:247,11
DA:252,2
DA:253,2
DA:254,2
DA:255,2
DA:256,2
DA:257,2
DA:260,2
DA:261,2
DA:262,2
DA:263,2
DA:266,2
DA:267,1
DA:270,2
DA:271,2
DA:274,2
DA:275,2
DA:276,2
DA:277,2
DA:278,2
DA:282,2
DA:286,24
DA:290,26
DA:291,26
LF:109
LH:104
BRDA:94,0,0,13
BRDA:94,0,1,12
BRDA:97,1,0,13
BRDA:97,1,1,12
BRDA:97,1,2,11
BRDA:97,1,3,10
BRDA:100,2,0,51
BRDA:100,2,1,46
BRDA:101,3,0,51
BRDA:101,3,1,51
BRDA:101,3,2,51
BRDA:101,3,3,51
BRDA:101,3,4,51
BRDA:101,3,5,49
BRDA:101,3,6,49
BRDA:107,4,0,10
BRDA:107,4,1,10
BRDA:109,5,0,3
BRDA:109,5,1,10
BRDA:119,6,0,2
BRDA:119,6,1,0
BRDA:137,7,0,0
BRDA:137,7,1,2
BRDA:140,8,0,1
BRDA:140,8,1,1
BRDA:150,9,0,1
BRDA:150,9,1,1
BRDA:170,10,0,18
BRDA:170,10,1,18
BRDA:176,11,0,2
BRDA:176,11,1,0
BRDA:178,12,0,2
BRDA:178,12,1,0
BRDA:183,13,0,0
BRDA:183,13,1,2
BRDA:187,14,0,0
BRDA:187,14,1,2
BRDA:191,15,0,1
BRDA:191,15,1,1
BRDA:195,16,0,2
BRDA:195,16,1,1
BRDA:196,17,0,1
BRDA:196,17,1,0
BRDA:197,18,0,1
BRDA:197,18,1,0
BRDA:201,19,0,11
BRDA:201,19,1,11
BRDA:210,20,0,13
BRDA:210,20,1,13
BRDA:216,21,0,11
BRDA:216,21,1,0
BRDA:216,22,0,11
BRDA:216,22,1,11
BRDA:217,23,0,11
BRDA:217,23,1,11
BRDA:223,24,0,11
BRDA:223,24,1,13
BRDA:224,25,0,0
BRDA:224,25,1,13
BRDA:225,26,0,0
BRDA:225,26,1,13
BRDA:235,27,0,104
BRDA:235,27,1,0
BRDA:237,28,0,13
BRDA:237,28,1,91
BRDA:260,29,0,0
BRDA:260,29,1,2
BRDA:261,30,0,0
BRDA:261,30,1,2
BRDA:262,31,0,0
BRDA:262,31,1,2
BRDA:263,32,0,0
BRDA:263,32,1,2
BRDA:266,33,0,1
BRDA:266,33,1,1
BRDA:267,34,0,0
BRDA:267,34,1,1
BRDA:271,35,0,0
BRDA:271,35,1,2
BRDA:276,36,0,2
BRDA:276,36,1,0
BRDA:276,37,0,2
BRDA:276,37,1,2
BRDA:276,37,2,2
BRDA:286,38,0,24
BRDA:286,38,1,0
BRDA:290,39,0,0
BRDA:290,39,1,26
BRF:88
BRH:67
end_of_record
TN:
SF:src\background\openai-client.js
FN:19,analyzeJob
FN:40,parseResume
FN:56,generateCoverLetterOpenAI
FN:70,testApiKey
FN:82,planSmartFormFillOpenAI
FN:97,generateTailoredResumeOpenAI
FN:112,modelPrefersMaxCompletionTokens
FN:118,modelSupportsCustomTemperature
FN:124,buildChatCompletionsBody
FN:139,callOpenAI
FN:173,(anonymous_10)
FN:178,(anonymous_11)
FN:224,(anonymous_12)
FN:244,validateAnalysisResult
FN:264,clamp
FN:268,ensureArray
FN:273,(anonymous_16)
FNF:17
FNH:12
FNDA:7,analyzeJob
FNDA:0,parseResume
FNDA:0,generateCoverLetterOpenAI
FNDA:2,testApiKey
FNDA:1,planSmartFormFillOpenAI
FNDA:0,generateTailoredResumeOpenAI
FNDA:9,modelPrefersMaxCompletionTokens
FNDA:10,modelSupportsCustomTemperature
FNDA:10,buildChatCompletionsBody
FNDA:10,callOpenAI
FNDA:1,(anonymous_10)
FNDA:0,(anonymous_11)
FNDA:0,(anonymous_12)
FNDA:4,validateAnalysisResult
FNDA:4,clamp
FNDA:12,ensureArray
FNDA:4,(anonymous_16)
DA:20,7
DA:21,7
DA:23,7
DA:32,4
DA:34,4
DA:41,0
DA:42,0
DA:43,0
DA:52,0
DA:53,0
DA:57,0
DA:58,0
DA:59,0
DA:62,0
DA:63,0
DA:67,0
DA:71,2
DA:72,2
DA:76,1
DA:78,1
DA:83,1
DA:84,1
DA:85,1
DA:93,1
DA:94,1
DA:98,0
DA:99,0
DA:100,0
DA:108,0
DA:109,0
DA:115,9
DA:121,10
DA:125,10
DA:130,10
DA:131,7
DA:133,10
DA:134,10
DA:136,10
DA:140,10
DA:142,10
DA:143,1
DA:146,9
DA:148,9
DA:149,9
DA:152,9
DA:153,9
DA:154,9
DA:155,9
DA:157,9
DA:158,12
DA:159,12
DA:168,12
DA:170,5
DA:171,5
DA:172,1
DA:173,1
DA:174,1
DA:175,1
DA:178,4
DA:179,4
DA:180,4
DA:184,4
DA:186,2
DA:188,2
DA:189,1
DA:190,1
DA:191,1
DA:192,1
DA:198,3
DA:199,1
DA:200,1
DA:201,1
DA:202,1
DA:203,1
DA:204,1
DA:205,1
DA:207,0
DA:208,0
DA:209,0
DA:210,0
DA:211,0
DA:215,2
DA:216,1
DA:217,0
DA:219,0
DA:221,2
DA:222,0
DA:223,0
DA:224,0
DA:225,0
DA:227,0
DA:231,7
DA:232,7
DA:234,7
DA:235,1
DA:238,6
DA:245,4
DA:246,4
DA:265,4
DA:269,12
DA:274,4
DA:275,4
DA:276,4
LF:103
LH:75
BRDA:40,0,0,0
BRDA:56,1,0,0
BRDA:58,2,0,0
BRDA:58,2,1,0
BRDA:59,3,0,0
BRDA:59,3,1,0
BRDA:62,4,0,0
BRDA:62,4,1,0
BRDA:82,5,0,0
BRDA:90,6,0,1
BRDA:90,6,1,0
BRDA:105,7,0,0
BRDA:105,7,1,0
BRDA:115,8,0,9
BRDA:115,8,1,9
BRDA:121,9,0,10
BRDA:121,9,1,10
BRDA:121,9,2,9
BRDA:130,10,0,7
BRDA:130,10,1,3
BRDA:130,11,0,10
BRDA:130,11,1,7
BRDA:130,11,2,7
BRDA:133,12,0,10
BRDA:133,12,1,0
BRDA:133,13,0,10
BRDA:133,13,1,10
BRDA:133,13,2,10
BRDA:139,14,0,2
BRDA:142,15,0,1
BRDA:142,15,1,9
BRDA:148,16,0,1
BRDA:148,16,1,8
BRDA:168,17,0,7
BRDA:168,17,1,5
BRDA:170,18,0,5
BRDA:170,18,1,4
BRDA:170,18,2,0
BRDA:171,19,0,1
BRDA:171,19,1,4
BRDA:171,20,0,5
BRDA:171,20,1,1
BRDA:179,21,0,4
BRDA:179,21,1,0
BRDA:184,22,0,2
BRDA:184,22,1,2
BRDA:184,23,0,4
BRDA:184,23,1,2
BRDA:186,24,0,2
BRDA:186,24,1,1
BRDA:188,25,0,1
BRDA:188,25,1,1
BRDA:188,26,0,2
BRDA:188,26,1,1
BRDA:198,27,0,1
BRDA:198,27,1,2
BRDA:198,28,0,3
BRDA:198,28,1,1
BRDA:201,29,0,1
BRDA:201,29,1,0
BRDA:201,30,0,1
BRDA:201,30,1,1
BRDA:207,31,0,0
BRDA:207,31,1,0
BRDA:207,32,0,0
BRDA:207,32,1,0
BRDA:215,33,0,1
BRDA:215,33,1,1
BRDA:216,34,0,1
BRDA:216,34,1,0
BRDA:217,35,0,0
BRDA:217,35,1,0
BRDA:221,36,0,2
BRDA:221,36,1,0
BRDA:222,37,0,0
BRDA:222,37,1,0
BRDA:234,38,0,1
BRDA:234,38,1,6
BRDA:240,39,0,6
BRDA:240,39,1,0
BRDA:247,40,0,4
BRDA:247,40,1,0
BRDA:250,41,0,0
BRDA:250,41,1,4
BRDA:253,42,0,4
BRDA:253,42,1,4
BRDA:254,43,0,4
BRDA:254,43,1,4
BRDA:255,44,0,4
BRDA:255,44,1,4
BRDA:257,45,0,4
BRDA:257,45,1,4
BRDA:258,46,0,4
BRDA:258,46,1,4
BRDA:259,47,0,4
BRDA:259,47,1,4
BRDA:260,48,0,4
BRDA:260,48,1,4
BRDA:269,49,0,0
BRDA:269,49,1,12
BRF:100
BRH:70
end_of_record
TN:
SF:src\background\perplexity-client.js
FN:22,analyzeJobPerplexity
FN:44,parseResumePerplexity
FN:64,generateCoverLetterPerplexity
FN:78,findJobsPerplexity
FN:86,(anonymous_4)
FN:106,planSmartFormFillPerplexity
FN:126,generateTailoredResumePerplexity
FN:143,dedupeJobListings
FN:162,testPerplexityKey
FN:174,callPerplexity
FN:182,callPerplexityFull
FN:217,(anonymous_11)
FN:222,(anonymous_12)
FN:232,(anonymous_13)
FN:255,parseFindJobsJsonArray
FN:259,(anonymous_15)
FN:262,(anonymous_16)
FN:264,(anonymous_17)
FN:267,(anonymous_18)
FN:293,extractBalancedJsonArray
FN:323,normalizeJobListing
FN:338,normalizeSearchResultRow
FN:354,extractJson
FN:363,validateAnalysisResult
FN:383,clamp
FN:384,ensureArray
FN:387,(anonymous_26)
FNF:27
FNH:21
FNDA:1,analyzeJobPerplexity
FNDA:1,parseResumePerplexity
FNDA:0,generateCoverLetterPerplexity
FNDA:3,findJobsPerplexity
FNDA:1,(anonymous_4)
FNDA:1,planSmartFormFillPerplexity
FNDA:1,generateTailoredResumePerplexity
FNDA:3,dedupeJobListings
FNDA:2,testPerplexityKey
FNDA:6,callPerplexity
FNDA:9,callPerplexityFull
FNDA:0,(anonymous_11)
FNDA:0,(anonymous_12)
FNDA:0,(anonymous_13)
FNDA:3,parseFindJobsJsonArray
FNDA:4,(anonymous_15)
FNDA:3,(anonymous_16)
FNDA:0,(anonymous_17)
FNDA:0,(anonymous_18)
FNDA:1,extractBalancedJsonArray
FNDA:3,normalizeJobListing
FNDA:1,normalizeSearchResultRow
FNDA:4,extractJson
FNDA:1,validateAnalysisResult
FNDA:1,clamp
FNDA:3,ensureArray
FNDA:2,(anonymous_26)
DA:20,9
DA:23,1
DA:24,1
DA:26,1
DA:35,1
DA:36,1
DA:38,0
DA:41,1
DA:45,1
DA:46,1
DA:47,1
DA:56,1
DA:57,1
DA:59,1
DA:61,0
DA:65,0
DA:66,0
DA:67,0
DA:70,0
DA:71,0
DA:75,0
DA:79,3
DA:84,3
DA:85,3
DA:86,1
DA:89,3
DA:91,3
DA:92,0
DA:103,3
DA:107,1
DA:108,1
DA:109,1
DA:118,1
DA:119,1
DA:121,0
DA:123,1
DA:127,1
DA:135,1
DA:136,1
DA:138,0
DA:140,1
DA:144,3
DA:145,3
DA:146,3
DA:148,3
DA:149,4
DA:150,4
DA:151,4
DA:152,4
DA:153,4
DA:154,4
DA:155,3
DA:156,3
DA:159,3
DA:163,2
DA:164,2
DA:168,1
DA:170,1
DA:175,6
DA:176,5
DA:183,9
DA:185,9
DA:186,0
DA:189,9
DA:190,9
DA:198,9
DA:199,9
DA:201,9
DA:202,9
DA:203,9
DA:212,9
DA:214,1
DA:215,1
DA:216,0
DA:217,0
DA:218,0
DA:219,0
DA:222,1
DA:223,1
DA:224,1
DA:225,1
DA:226,0
DA:227,0
DA:229,1
DA:230,0
DA:231,0
DA:232,0
DA:233,0
DA:235,0
DA:239,8
DA:240,8
DA:241,8
DA:242,0
DA:245,8
DA:256,3
DA:258,3
DA:259,3
DA:260,4
DA:261,4
DA:262,3
DA:263,0
DA:264,0
DA:266,0
DA:267,0
DA:272,2
DA:275,3
DA:276,3
DA:278,2
DA:279,2
DA:280,1
DA:281,1
DA:284,1
DA:285,1
DA:286,0
DA:287,0
DA:290,1
DA:294,1
DA:295,1
DA:296,0
DA:297,0
DA:298,0
DA:299,0
DA:300,0
DA:301,0
DA:302,0
DA:303,0
DA:305,0
DA:306,0
DA:307,0
DA:309,0
DA:310,0
DA:311,0
DA:313,0
DA:314,0
DA:315,0
DA:316,0
DA:317,0
DA:320,0
DA:324,3
DA:325,0
DA:327,3
DA:339,1
DA:340,0
DA:342,1
DA:355,4
DA:356,4
DA:357,4
DA:358,2
DA:359,2
DA:360,1
DA:364,1
DA:365,1
DA:383,1
DA:384,3
DA:388,2
DA:389,2
DA:390,2
LF:157
LH:105
BRDA:44,0,0,0
BRDA:64,1,0,0
BRDA:66,2,0,0
BRDA:66,2,1,0
BRDA:67,3,0,0
BRDA:67,3,1,0
BRDA:70,4,0,0
BRDA:70,4,1,0
BRDA:85,5,0,1
BRDA:85,5,1,2
BRDA:85,6,0,3
BRDA:85,6,1,1
BRDA:85,6,2,1
BRDA:91,7,0,0
BRDA:91,7,1,3
BRDA:91,8,0,3
BRDA:91,8,1,0
BRDA:96,9,0,0
BRDA:96,9,1,0
BRDA:106,10,0,0
BRDA:114,11,0,1
BRDA:114,11,1,0
BRDA:132,12,0,1
BRDA:132,12,1,0
BRDA:144,13,0,0
BRDA:144,13,1,3
BRDA:144,14,0,3
BRDA:144,14,1,3
BRDA:149,15,0,4
BRDA:149,15,1,0
BRDA:150,16,0,4
BRDA:150,16,1,0
BRDA:151,17,0,4
BRDA:151,17,1,0
BRDA:153,18,0,4
BRDA:153,18,1,0
BRDA:153,19,0,0
BRDA:153,19,1,0
BRDA:154,20,0,1
BRDA:154,20,1,3
BRDA:183,21,0,0
BRDA:183,22,0,0
BRDA:183,23,0,0
BRDA:185,24,0,0
BRDA:185,24,1,9
BRDA:212,25,0,8
BRDA:212,25,1,1
BRDA:214,26,0,1
BRDA:214,26,1,1
BRDA:214,26,2,0
BRDA:215,27,0,0
BRDA:215,27,1,1
BRDA:215,28,0,1
BRDA:215,28,1,0
BRDA:223,29,0,1
BRDA:223,29,1,0
BRDA:225,30,0,1
BRDA:225,30,1,0
BRDA:226,31,0,0
BRDA:226,31,1,0
BRDA:229,32,0,1
BRDA:229,32,1,0
BRDA:230,33,0,0
BRDA:230,33,1,0
BRDA:241,34,0,0
BRDA:241,34,1,8
BRDA:247,35,0,8
BRDA:247,35,1,0
BRDA:256,36,0,0
BRDA:256,36,1,3
BRDA:256,37,0,3
BRDA:256,37,1,3
BRDA:262,38,0,2
BRDA:262,38,1,0
BRDA:262,39,0,3
BRDA:262,39,1,0
BRDA:263,40,0,0
BRDA:263,40,1,0
BRDA:263,41,0,0
BRDA:263,41,1,0
BRDA:263,41,2,0
BRDA:264,42,0,0
BRDA:264,42,1,0
BRDA:266,43,0,0
BRDA:266,43,1,0
BRDA:266,44,0,0
BRDA:266,44,1,0
BRDA:266,44,2,0
BRDA:267,45,0,0
BRDA:267,45,1,0
BRDA:276,46,0,1
BRDA:276,46,1,2
BRDA:279,47,0,1
BRDA:279,47,1,1
BRDA:281,48,0,1
BRDA:281,48,1,0
BRDA:285,49,0,0
BRDA:285,49,1,1
BRDA:287,50,0,0
BRDA:287,50,1,0
BRDA:295,51,0,1
BRDA:295,51,1,0
BRDA:301,52,0,0
BRDA:301,52,1,0
BRDA:305,53,0,0
BRDA:305,53,1,0
BRDA:305,54,0,0
BRDA:305,54,1,0
BRDA:309,55,0,0
BRDA:309,55,1,0
BRDA:309,56,0,0
BRDA:309,56,1,0
BRDA:313,57,0,0
BRDA:313,57,1,0
BRDA:314,58,0,0
BRDA:314,58,1,0
BRDA:315,59,0,0
BRDA:315,59,1,0
BRDA:317,60,0,0
BRDA:317,60,1,0
BRDA:324,61,0,0
BRDA:324,61,1,3
BRDA:324,62,0,3
BRDA:324,62,1,3
BRDA:328,63,0,3
BRDA:328,63,1,0
BRDA:328,63,2,0
BRDA:329,64,0,3
BRDA:329,64,1,0
BRDA:329,64,2,0
BRDA:330,65,0,3
BRDA:330,65,1,3
BRDA:331,66,0,3
BRDA:331,66,1,0
BRDA:332,67,0,3
BRDA:332,67,1,3
BRDA:332,67,2,3
BRDA:332,67,3,3
BRDA:333,68,0,3
BRDA:333,68,1,3
BRDA:333,68,2,3
BRDA:334,69,0,3
BRDA:334,69,1,3
BRDA:334,69,2,3
BRDA:334,69,3,3
BRDA:339,70,0,0
BRDA:339,70,1,1
BRDA:339,71,0,1
BRDA:339,71,1,1
BRDA:343,72,0,1
BRDA:343,72,1,0
BRDA:346,73,0,1
BRDA:346,73,1,0
BRDA:347,74,0,1
BRDA:347,74,1,0
BRDA:347,74,2,0
BRDA:349,75,0,1
BRDA:349,75,1,0
BRDA:355,76,0,0
BRDA:355,76,1,4
BRDA:357,77,0,2
BRDA:357,77,1,2
BRDA:359,78,0,1
BRDA:359,78,1,1
BRDA:366,79,0,1
BRDA:366,79,1,0
BRDA:369,80,0,0
BRDA:369,80,1,1
BRDA:372,81,0,1
BRDA:372,81,1,1
BRDA:373,82,0,1
BRDA:373,82,1,1
BRDA:374,83,0,1
BRDA:374,83,1,1
BRDA:376,84,0,1
BRDA:376,84,1,1
BRDA:377,85,0,1
BRDA:377,85,1,1
BRDA:378,86,0,1
BRDA:378,86,1,1
BRDA:379,87,0,1
BRDA:379,87,1,1
BRDA:384,88,0,0
BRDA:384,88,1,3
BRF:184
BRH:90
end_of_record
TN:
SF:src\shared\constants.js
FN:171,(anonymous_0)
FNF:1
FNH:1
FNDA:437,(anonymous_0)
DA:1,19
DA:93,19
DA:118,19
DA:135,19
DA:151,19
DA:157,19
DA:162,19
DA:170,19
DA:171,437
DA:177,19
DA:186,19
DA:187,19
DA:188,19
DA:189,19
DA:190,19
DA:191,19
DA:192,19
DA:193,19
LF:18
LH:18
BRF:0
BRH:0
end_of_record
TN:
SF:src\shared\prompts.js
FN:3,buildAnalysisPrompt
FN:40,normalizeResumeProfileDepth
FN:45,getParseResumeMaxTokens
FN:51,buildResumeParseSystem
FN:156,buildResumeParseRules
FN:202,buildResumeParsePrompt
FN:226,buildCoverLetterPrompt
FN:269,buildSmartFillSystem
FN:293,buildSmartFillPrompt
FN:294,(anonymous_9)
FN:332,buildSmartCoverLetterPrompt
FN:384,formatExperienceBullets
FN:389,(anonymous_12)
FN:399,buildFindJobsPrompt
FN:435,buildTailorResumeSystem
FN:449,buildTailorResumePrompt
FN:509,friendlyTailorResumeProviderHint
FN:515,profileGenerationDepthPreamble
FN:526,buildProfileGenerationPrompt
FNF:19
FNH:13
FNDA:13,buildAnalysisPrompt
FNDA:33,normalizeResumeProfileDepth
FNDA:2,getParseResumeMaxTokens
FNDA:21,buildResumeParseSystem
FNDA:4,buildResumeParseRules
FNDA:4,buildResumeParsePrompt
FNDA:2,buildCoverLetterPrompt
FNDA:4,buildSmartFillSystem
FNDA:4,buildSmartFillPrompt
FNDA:20,(anonymous_9)
FNDA:0,buildSmartCoverLetterPrompt
FNDA:0,formatExperienceBullets
FNDA:0,(anonymous_12)
FNDA:4,buildFindJobsPrompt
FNDA:4,buildTailorResumeSystem
FNDA:4,buildTailorResumePrompt
FNDA:0,friendlyTailorResumeProviderHint
FNDA:0,profileGenerationDepthPreamble
FNDA:0,buildProfileGenerationPrompt
DA:1,16
DA:4,13
DA:30,16
DA:33,16
DA:41,33
DA:42,33
DA:46,2
DA:47,2
DA:48,2
DA:52,21
DA:53,21
DA:54,21
DA:55,1
DA:57,20
DA:58,2
DA:60,18
DA:61,1
DA:63,17
DA:67,16
DA:69,16
DA:157,4
DA:158,4
DA:165,4
DA:166,1
DA:176,3
DA:177,2
DA:185,1
DA:186,0
DA:194,1
DA:203,4
DA:205,4
DA:211,4
DA:222,16
DA:227,2
DA:233,2
DA:234,2
DA:235,2
DA:236,2
DA:237,2
DA:238,2
DA:240,2
DA:270,4
DA:273,4
DA:294,20
DA:295,4
DA:333,0
DA:339,0
DA:340,0
DA:341,0
DA:342,0
DA:343,0
DA:344,0
DA:345,0
DA:346,0
DA:348,0
DA:385,0
DA:386,0
DA:387,0
DA:390,0
DA:391,0
DA:400,4
DA:401,4
DA:402,4
DA:403,4
DA:404,4
DA:406,4
DA:436,4
DA:450,4
DA:510,0
DA:516,0
DA:517,0
DA:523,0
DA:527,0
DA:528,0
DA:533,0
LF:75
LH:52
BRDA:41,0,0,33
BRDA:41,0,1,0
BRDA:42,1,0,32
BRDA:42,1,1,1
BRDA:48,2,0,2
BRDA:48,2,1,0
BRDA:51,3,0,0
BRDA:54,4,0,1
BRDA:54,4,1,20
BRDA:57,5,0,2
BRDA:57,5,1,18
BRDA:60,6,0,1
BRDA:60,6,1,17
BRDA:165,7,0,1
BRDA:165,7,1,3
BRDA:176,8,0,2
BRDA:176,8,1,1
BRDA:185,9,0,0
BRDA:185,9,1,1
BRDA:202,10,0,0
BRDA:205,11,0,1
BRDA:205,11,1,3
BRDA:207,12,0,1
BRDA:207,12,1,2
BRDA:226,13,0,0
BRDA:227,14,0,2
BRDA:227,14,1,1
BRDA:233,15,0,2
BRDA:233,15,1,0
BRDA:234,16,0,2
BRDA:234,16,1,0
BRDA:235,17,0,2
BRDA:235,17,1,0
BRDA:235,17,2,0
BRDA:236,18,0,1
BRDA:236,18,1,1
BRDA:237,19,0,2
BRDA:237,19,1,2
BRDA:238,20,0,2
BRDA:238,20,1,1
BRDA:246,21,0,2
BRDA:246,21,1,0
BRDA:250,22,0,0
BRDA:250,22,1,2
BRDA:252,23,0,2
BRDA:252,23,1,1
BRDA:254,24,0,2
BRDA:254,24,1,2
BRDA:269,25,0,0
BRDA:269,26,0,0
BRDA:270,27,0,3
BRDA:270,27,1,1
BRDA:294,28,0,17
BRDA:294,28,1,3
BRDA:294,29,0,20
BRDA:294,29,1,17
BRDA:294,30,0,3
BRDA:294,30,1,3
BRDA:310,31,0,4
BRDA:310,31,1,0
BRDA:313,32,0,4
BRDA:313,32,1,3
BRDA:316,33,0,4
BRDA:316,33,1,0
BRDA:319,34,0,4
BRDA:319,34,1,0
BRDA:322,35,0,4
BRDA:322,35,1,0
BRDA:332,36,0,0
BRDA:332,37,0,0
BRDA:333,38,0,0
BRDA:333,38,1,0
BRDA:339,39,0,0
BRDA:339,39,1,0
BRDA:340,40,0,0
BRDA:340,40,1,0
BRDA:341,41,0,0
BRDA:341,41,1,0
BRDA:341,41,2,0
BRDA:342,42,0,0
BRDA:342,42,1,0
BRDA:343,43,0,0
BRDA:343,43,1,0
BRDA:344,44,0,0
BRDA:344,44,1,0
BRDA:345,45,0,0
BRDA:345,45,1,0
BRDA:346,46,0,0
BRDA:346,46,1,0
BRDA:356,47,0,0
BRDA:356,47,1,0
BRDA:357,48,0,0
BRDA:357,48,1,0
BRDA:358,49,0,0
BRDA:358,49,1,0
BRDA:359,50,0,0
BRDA:359,50,1,0
BRDA:360,51,0,0
BRDA:360,51,1,0
BRDA:363,52,0,0
BRDA:363,52,1,0
BRDA:367,53,0,0
BRDA:367,53,1,0
BRDA:370,54,0,0
BRDA:370,54,1,0
BRDA:386,55,0,0
BRDA:386,55,1,0
BRDA:386,56,0,0
BRDA:386,56,1,0
BRDA:390,57,0,0
BRDA:390,57,1,0
BRDA:400,58,0,4
BRDA:400,58,1,3
BRDA:401,59,0,4
BRDA:401,59,1,3
BRDA:402,60,0,4
BRDA:402,60,1,3
BRDA:402,60,2,3
BRDA:403,61,0,0
BRDA:403,61,1,4
BRDA:403,62,0,0
BRDA:403,62,1,4
BRDA:404,63,0,4
BRDA:404,63,1,4
BRDA:411,64,0,4
BRDA:411,64,1,3
BRDA:412,65,0,0
BRDA:412,65,1,4
BRDA:526,66,0,0
BRF:129
BRH:64
end_of_record
TN:
SF:src\shared\utils.js
FN:3,sleep
FN:4,(anonymous_1)
FN:7,randomBetween
FN:11,generateId
FN:22,normalizeJobPageUrl
FN:41,(anonymous_5)
FN:47,(anonymous_6)
FN:56,normalizeCompanyTitleKey
FN:68,extractJobIdFromUrl
FN:115,buildJobPostingKey
FN:133,buildJobPostingKeyFromHints
FN:136,(anonymous_11)
FN:138,(anonymous_12)
FN:168,normalizeTextForCacheHash
FN:184,hashContent
FN:192,(anonymous_15)
FN:198,hashString
FN:204,(anonymous_17)
FN:214,monthYearToIsoDate
FN:223,isoDateToMonthYear
FN:231,truncateText
FN:236,formatDate
FN:245,formatNumber
FN:249,estimateCost
FN:255,debounce
FN:257,(anonymous_25)
FN:259,(anonymous_26)
FN:263,extractDomain
FN:271,sendMessage
FN:301,isExtensionContextInvalidatedError
FN:306,isRetryableMessagingError
FN:318,notifyExtensionContextInvalidated
FNF:32
FNH:22
FNDA:1,sleep
FNDA:1,(anonymous_1)
FNDA:0,randomBetween
FNDA:0,generateId
FNDA:9,normalizeJobPageUrl
FNDA:0,(anonymous_5)
FNDA:1,(anonymous_6)
FNDA:9,normalizeCompanyTitleKey
FNDA:13,extractJobIdFromUrl
FNDA:7,buildJobPostingKey
FNDA:3,buildJobPostingKeyFromHints
FNDA:1,(anonymous_11)
FNDA:0,(anonymous_12)
FNDA:0,normalizeTextForCacheHash
FNDA:0,hashContent
FNDA:0,(anonymous_15)
FNDA:1,hashString
FNDA:32,(anonymous_17)
FNDA:1,monthYearToIsoDate
FNDA:2,isoDateToMonthYear
FNDA:2,truncateText
FNDA:0,formatDate
FNDA:0,formatNumber
FNDA:1,estimateCost
FNDA:1,debounce
FNDA:2,(anonymous_25)
FNDA:1,(anonymous_26)
FNDA:0,extractDomain
FNDA:2,sendMessage
FNDA:2,isExtensionContextInvalidatedError
FNDA:1,isRetryableMessagingError
FNDA:1,notifyExtensionContextInvalidated
DA:4,1
DA:8,0
DA:12,0
DA:23,9
DA:24,9
DA:25,9
DA:26,9
DA:27,9
DA:28,9
DA:33,9
DA:34,9
DA:35,7
DA:36,7
DA:38,1
DA:39,1
DA:41,9
DA:43,9
DA:44,8
DA:46,1
DA:47,1
DA:49,1
DA:51,0
DA:57,9
DA:69,13
DA:70,13
DA:71,13
DA:72,13
DA:74,13
DA:75,13
DA:78,7
DA:81,7
DA:82,0
DA:83,0
DA:86,7
DA:87,7
DA:89,7
DA:90,7
DA:92,6
DA:93,1
DA:94,1
DA:97,5
DA:98,5
DA:100,4
DA:101,4
DA:103,4
DA:104,4
DA:106,4
DA:108,0
DA:116,7
DA:117,7
DA:118,7
DA:119,7
DA:120,7
DA:121,7
DA:122,4
DA:123,4
DA:125,0
DA:134,3
DA:135,3
DA:136,1
DA:138,0
DA:140,3
DA:141,1
DA:142,1
DA:143,1
DA:144,1
DA:150,2
DA:154,13
DA:169,0
DA:173,0
DA:174,0
DA:176,0
DA:177,0
DA:185,0
DA:186,0
DA:187,0
DA:188,0
DA:189,0
DA:190,0
DA:191,0
DA:192,0
DA:199,1
DA:200,1
DA:201,1
DA:202,1
DA:203,1
DA:204,32
DA:208,13
DA:215,1
DA:216,1
DA:217,1
DA:218,1
DA:219,1
DA:224,2
DA:225,1
DA:226,1
DA:227,1
DA:228,1
DA:232,2
DA:233,1
DA:237,0
DA:238,0
DA:246,0
DA:250,1
DA:251,1
DA:252,1
DA:257,1
DA:258,2
DA:259,2
DA:264,0
DA:265,0
DA:267,0
DA:272,2
DA:273,2
DA:275,2
DA:276,3
DA:278,3
DA:280,2
DA:282,2
DA:283,1
DA:284,1
DA:285,1
DA:288,1
DA:289,1
DA:290,1
DA:293,0
DA:294,0
DA:298,0
DA:302,2
DA:303,2
DA:307,1
DA:308,1
DA:317,13
DA:319,1
DA:320,1
DA:322,1
DA:323,1
LF:137
LH:107
BRDA:23,0,0,0
BRDA:23,0,1,9
BRDA:23,1,0,9
BRDA:23,1,1,9
BRDA:27,2,0,9
BRDA:27,2,1,0
BRDA:35,3,0,7
BRDA:35,3,1,0
BRDA:36,4,0,6
BRDA:36,4,1,1
BRDA:36,5,0,7
BRDA:36,5,1,7
BRDA:38,6,0,0
BRDA:38,6,1,1
BRDA:38,7,0,1
BRDA:38,7,1,1
BRDA:38,7,2,1
BRDA:39,8,0,1
BRDA:39,8,1,0
BRDA:43,9,0,8
BRDA:43,9,1,1
BRDA:57,10,0,9
BRDA:57,10,1,1
BRDA:69,11,0,0
BRDA:69,11,1,13
BRDA:69,12,0,13
BRDA:69,12,1,13
BRDA:75,13,0,6
BRDA:75,13,1,7
BRDA:75,14,0,13
BRDA:75,14,1,6
BRDA:78,15,0,7
BRDA:78,15,1,7
BRDA:78,15,2,7
BRDA:81,16,0,0
BRDA:81,16,1,7
BRDA:81,17,0,7
BRDA:81,17,1,0
BRDA:83,18,0,0
BRDA:83,18,1,0
BRDA:87,19,0,0
BRDA:87,19,1,7
BRDA:87,20,0,7
BRDA:87,20,1,0
BRDA:90,21,0,1
BRDA:90,21,1,6
BRDA:90,22,0,7
BRDA:90,22,1,6
BRDA:90,22,2,1
BRDA:92,23,0,1
BRDA:92,23,1,5
BRDA:92,24,0,6
BRDA:92,24,1,6
BRDA:94,25,0,1
BRDA:94,25,1,0
BRDA:98,26,0,1
BRDA:98,26,1,4
BRDA:98,27,0,5
BRDA:98,27,1,1
BRDA:98,27,2,1
BRDA:98,27,3,1
BRDA:101,28,0,0
BRDA:101,28,1,4
BRDA:101,29,0,4
BRDA:101,29,1,0
BRDA:104,30,0,0
BRDA:104,30,1,4
BRDA:116,31,0,0
BRDA:116,31,1,7
BRDA:116,32,0,7
BRDA:116,32,1,7
BRDA:121,33,0,3
BRDA:121,33,1,4
BRDA:123,34,0,4
BRDA:123,34,1,0
BRDA:133,35,0,0
BRDA:134,36,0,3
BRDA:134,36,1,0
BRDA:136,37,0,1
BRDA:136,37,1,0
BRDA:140,38,0,1
BRDA:140,38,1,2
BRDA:140,39,0,3
BRDA:140,39,1,1
BRDA:169,40,0,0
BRDA:169,40,1,0
BRDA:184,41,0,0
BRDA:187,42,0,0
BRDA:187,42,1,0
BRDA:199,43,0,1
BRDA:199,43,1,0
BRDA:215,44,0,0
BRDA:215,44,1,1
BRDA:217,45,0,0
BRDA:217,45,1,1
BRDA:224,46,0,1
BRDA:224,46,1,1
BRDA:224,47,0,2
BRDA:224,47,1,2
BRDA:227,48,0,0
BRDA:227,48,1,1
BRDA:227,49,0,1
BRDA:227,49,1,1
BRDA:232,50,0,1
BRDA:232,50,1,1
BRDA:251,51,0,0
BRDA:251,51,1,1
BRDA:271,52,0,1
BRDA:280,53,0,2
BRDA:280,53,1,0
BRDA:280,53,2,0
BRDA:282,54,0,1
BRDA:282,54,1,1
BRDA:288,55,0,1
BRDA:288,55,1,0
BRDA:288,56,0,1
BRDA:288,56,1,1
BRDA:294,57,0,0
BRDA:294,57,1,0
BRDA:302,58,0,2
BRDA:302,58,1,0
BRDA:303,59,0,2
BRDA:303,59,1,1
BRDA:307,60,0,1
BRDA:307,60,1,0
BRDA:309,61,0,1
BRDA:309,61,1,0
BRDA:309,61,2,0
BRDA:309,61,3,0
BRDA:309,61,4,0
BRDA:319,62,0,0
BRDA:319,62,1,1
BRF:132
BRH:89
end_of_record
