TN:
SF:src\background\anthropic-client.js
FN:18,analyzeJobAnthropic
FN:38,parseResumeAnthropic
FN:56,generateCoverLetterAnthropic
FN:71,testAnthropicKey
FN:84,planSmartFormFillAnthropic
FN:101,callAnthropic
FN:138,(anonymous_6)
FN:143,(anonymous_7)
FN:153,(anonymous_8)
FN:162,(anonymous_9)
FN:178,extractJson
FN:187,validateAnalysisResult
FN:206,clamp
FN:207,ensureArray
FN:210,(anonymous_14)
FNF:15
FNH:10
FNDA:2,analyzeJobAnthropic
FNDA:0,parseResumeAnthropic
FNDA:0,generateCoverLetterAnthropic
FNDA:2,testAnthropicKey
FNDA:1,planSmartFormFillAnthropic
FNDA:5,callAnthropic
FNDA:0,(anonymous_6)
FNDA:0,(anonymous_7)
FNDA:0,(anonymous_8)
FNDA:3,(anonymous_9)
FNDA:2,extractJson
FNDA:1,validateAnalysisResult
FNDA:1,clamp
FNDA:3,ensureArray
FNDA:3,(anonymous_14)
DA:15,6
DA:16,6
DA:19,2
DA:20,2
DA:22,2
DA:29,1
DA:30,1
DA:32,0
DA:35,1
DA:39,0
DA:40,0
DA:41,0
DA:48,0
DA:49,0
DA:51,0
DA:53,0
DA:57,0
DA:58,0
DA:59,0
DA:62,0
DA:63,0
DA:68,0
DA:72,2
DA:73,2
DA:78,0
DA:80,2
DA:85,1
DA:86,1
DA:87,1
DA:93,1
DA:94,1
DA:96,0
DA:98,1
DA:102,5
DA:104,5
DA:105,1
DA:108,4
DA:109,4
DA:118,4
DA:119,4
DA:121,4
DA:122,4
DA:123,4
DA:133,4
DA:135,1
DA:136,1
DA:137,0
DA:138,0
DA:139,0
DA:140,0
DA:143,1
DA:144,1
DA:145,1
DA:146,1
DA:147,0
DA:148,0
DA:150,1
DA:151,0
DA:152,0
DA:153,0
DA:154,0
DA:156,0
DA:160,3
DA:162,3
DA:163,3
DA:164,1
DA:167,2
DA:179,2
DA:180,2
DA:181,2
DA:182,0
DA:183,0
DA:184,0
DA:188,1
DA:206,1
DA:207,3
DA:211,3
DA:212,3
DA:213,3
LF:79
LH:49
BRDA:38,0,0,0
BRDA:56,1,0,0
BRDA:58,2,0,0
BRDA:58,2,1,0
BRDA:59,3,0,0
BRDA:59,3,1,0
BRDA:62,4,0,0
BRDA:62,4,1,0
BRDA:84,5,0,0
BRDA:90,6,0,1
BRDA:90,6,1,0
BRDA:102,7,0,1
BRDA:102,8,0,1
BRDA:102,9,0,1
BRDA:104,10,0,1
BRDA:104,10,1,4
BRDA:133,11,0,3
BRDA:133,11,1,1
BRDA:135,12,0,1
BRDA:135,12,1,1
BRDA:135,12,2,0
BRDA:136,13,0,0
BRDA:136,13,1,1
BRDA:136,14,0,1
BRDA:136,14,1,0
BRDA:144,15,0,1
BRDA:144,15,1,0
BRDA:146,16,0,1
BRDA:146,16,1,0
BRDA:147,17,0,0
BRDA:147,17,1,0
BRDA:150,18,0,1
BRDA:150,18,1,0
BRDA:151,19,0,0
BRDA:151,19,1,0
BRDA:163,20,0,1
BRDA:163,20,1,2
BRDA:170,21,0,2
BRDA:170,21,1,0
BRDA:171,22,0,2
BRDA:171,22,1,0
BRDA:172,23,0,2
BRDA:172,23,1,0
BRDA:172,24,0,2
BRDA:172,24,1,0
BRDA:179,25,0,0
BRDA:179,25,1,2
BRDA:181,26,0,2
BRDA:181,26,1,0
BRDA:183,27,0,0
BRDA:183,27,1,0
BRDA:189,28,0,1
BRDA:189,28,1,0
BRDA:192,29,0,0
BRDA:192,29,1,1
BRDA:195,30,0,1
BRDA:195,30,1,1
BRDA:196,31,0,1
BRDA:196,31,1,1
BRDA:197,32,0,1
BRDA:197,32,1,1
BRDA:199,33,0,1
BRDA:199,33,1,1
BRDA:200,34,0,1
BRDA:200,34,1,1
BRDA:201,35,0,1
BRDA:201,35,1,1
BRDA:202,36,0,1
BRDA:202,36,1,1
BRDA:207,37,0,0
BRDA:207,37,1,3
BRF:71
BRH:40
end_of_record
TN:
SF:src\background\gemini-client.js
FN:17,looksLikeMissingModelError
FN:30,stripModelsPrefix
FN:34,listModels
FN:38,(anonymous_3)
FN:42,(anonymous_4)
FN:44,(anonymous_5)
FN:52,pickFallbackModelId
FN:53,(anonymous_7)
FN:54,(anonymous_8)
FN:70,(anonymous_9)
FN:77,analyzeJobGemini
FN:100,parseResumeGemini
FN:121,generateCoverLetterGemini
FN:135,planSmartFormFillGemini
FN:156,testGeminiKey
FN:168,toGeminiContents
FN:179,callGemini
FN:195,(anonymous_17)
FN:220,(anonymous_18)
FN:225,(anonymous_19)
FN:231,(anonymous_20)
FN:246,(anonymous_21)
FN:253,(anonymous_22)
FN:254,(anonymous_23)
FN:268,validateAnalysisResult
FN:287,clamp
FN:288,ensureArray
FN:291,extractJson
FN:301,(anonymous_28)
FNF:29
FNH:19
FNDA:2,looksLikeMissingModelError
FNDA:1,stripModelsPrefix
FNDA:1,listModels
FNDA:0,(anonymous_3)
FNDA:0,(anonymous_4)
FNDA:1,(anonymous_5)
FNDA:1,pickFallbackModelId
FNDA:1,(anonymous_7)
FNDA:1,(anonymous_8)
FNDA:1,(anonymous_9)
FNDA:2,analyzeJobGemini
FNDA:0,parseResumeGemini
FNDA:0,generateCoverLetterGemini
FNDA:0,planSmartFormFillGemini
FNDA:2,testGeminiKey
FNDA:3,toGeminiContents
FNDA:4,callGemini
FNDA:4,(anonymous_17)
FNDA:0,(anonymous_18)
FNDA:0,(anonymous_19)
FNDA:0,(anonymous_20)
FNDA:0,(anonymous_21)
FNDA:0,(anonymous_22)
FNDA:2,(anonymous_23)
FNDA:1,validateAnalysisResult
FNDA:1,clamp
FNDA:3,ensureArray
FNDA:1,extractJson
FNDA:2,(anonymous_28)
DA:15,7
DA:18,2
DA:20,2
DA:24,2
DA:26,2
DA:27,2
DA:31,1
DA:35,1
DA:36,1
DA:37,1
DA:38,0
DA:39,0
DA:40,0
DA:42,1
DA:43,1
DA:44,1
DA:53,1
DA:54,1
DA:55,1
DA:57,1
DA:69,1
DA:70,1
DA:71,1
DA:74,0
DA:78,2
DA:79,2
DA:81,2
DA:91,1
DA:92,1
DA:94,0
DA:97,1
DA:101,0
DA:102,0
DA:103,0
DA:113,0
DA:114,0
DA:116,0
DA:118,0
DA:122,0
DA:123,0
DA:124,0
DA:127,0
DA:128,0
DA:132,0
DA:136,0
DA:137,0
DA:138,0
DA:148,0
DA:149,0
DA:151,0
DA:153,0
DA:157,2
DA:158,2
DA:162,1
DA:164,1
DA:169,3
DA:170,3
DA:171,4
DA:172,4
DA:173,4
DA:174,4
DA:176,3
DA:180,4
DA:182,4
DA:183,1
DA:186,3
DA:195,3
DA:196,4
DA:197,4
DA:202,4
DA:206,3
DA:207,3
DA:208,3
DA:209,3
DA:211,3
DA:212,4
DA:213,4
DA:215,4
DA:217,2
DA:218,2
DA:219,0
DA:220,0
DA:221,0
DA:222,0
DA:225,2
DA:226,2
DA:227,2
DA:229,2
DA:230,1
DA:231,1
DA:232,1
DA:233,1
DA:234,1
DA:235,1
DA:239,1
DA:240,0
DA:241,0
DA:243,1
DA:244,0
DA:245,0
DA:246,0
DA:247,0
DA:249,0
DA:253,2
DA:254,2
DA:255,2
DA:256,0
DA:259,2
DA:265,2
DA:269,1
DA:287,1
DA:288,3
DA:292,1
DA:293,1
DA:294,1
DA:295,1
DA:296,1
DA:297,0
DA:302,2
DA:303,2
DA:304,2
LF:121
LH:83
BRDA:18,0,0,2
BRDA:18,0,1,0
BRDA:20,1,0,2
BRDA:20,1,1,1
BRDA:20,1,2,1
BRDA:24,2,0,2
BRDA:24,2,1,2
BRDA:26,3,0,0
BRDA:26,3,1,2
BRDA:27,4,0,2
BRDA:27,4,1,1
BRDA:31,5,0,1
BRDA:31,5,1,0
BRDA:37,6,0,0
BRDA:37,6,1,1
BRDA:39,7,0,0
BRDA:39,7,1,0
BRDA:43,8,0,1
BRDA:43,8,1,0
BRDA:46,9,0,1
BRDA:46,9,1,0
BRDA:47,10,0,1
BRDA:47,10,1,0
BRDA:48,11,0,1
BRDA:48,11,1,0
BRDA:53,12,0,1
BRDA:53,12,1,0
BRDA:54,13,0,1
BRDA:54,13,1,0
BRDA:54,14,0,1
BRDA:54,14,1,1
BRDA:55,15,0,0
BRDA:55,15,1,1
BRDA:70,16,0,1
BRDA:70,16,1,1
BRDA:71,17,0,1
BRDA:71,17,1,0
BRDA:100,18,0,0
BRDA:121,19,0,0
BRDA:123,20,0,0
BRDA:123,20,1,0
BRDA:124,21,0,0
BRDA:124,21,1,0
BRDA:127,22,0,0
BRDA:127,22,1,0
BRDA:135,23,0,0
BRDA:143,24,0,0
BRDA:143,24,1,0
BRDA:170,25,0,3
BRDA:170,25,1,0
BRDA:171,26,0,1
BRDA:171,26,1,3
BRDA:171,27,0,0
BRDA:171,27,1,3
BRDA:172,28,0,4
BRDA:172,28,1,0
BRDA:173,29,0,0
BRDA:173,29,1,4
BRDA:179,30,0,2
BRDA:180,31,0,0
BRDA:180,32,0,0
BRDA:180,33,0,0
BRDA:182,34,0,1
BRDA:182,34,1,3
BRDA:191,35,0,1
BRDA:191,35,1,2
BRDA:208,36,0,3
BRDA:208,36,1,0
BRDA:208,37,0,3
BRDA:208,37,1,0
BRDA:215,38,0,2
BRDA:215,38,1,2
BRDA:217,39,0,2
BRDA:217,39,1,2
BRDA:217,39,2,0
BRDA:218,40,0,0
BRDA:218,40,1,2
BRDA:218,41,0,2
BRDA:218,41,1,0
BRDA:226,42,0,2
BRDA:226,42,1,0
BRDA:229,43,0,1
BRDA:229,43,1,1
BRDA:229,44,0,2
BRDA:229,44,1,2
BRDA:233,45,0,1
BRDA:233,45,1,0
BRDA:233,46,0,1
BRDA:233,46,1,1
BRDA:239,47,0,1
BRDA:239,47,1,0
BRDA:239,48,0,1
BRDA:239,48,1,1
BRDA:240,49,0,0
BRDA:240,49,1,0
BRDA:243,50,0,1
BRDA:243,50,1,0
BRDA:244,51,0,0
BRDA:244,51,1,0
BRDA:254,52,0,2
BRDA:254,52,1,0
BRDA:254,53,0,2
BRDA:254,53,1,0
BRDA:255,54,0,0
BRDA:255,54,1,2
BRDA:260,55,0,2
BRDA:260,55,1,0
BRDA:261,56,0,2
BRDA:261,56,1,0
BRDA:262,57,0,2
BRDA:262,57,1,0
BRDA:270,58,0,1
BRDA:270,58,1,0
BRDA:273,59,0,0
BRDA:273,59,1,1
BRDA:276,60,0,1
BRDA:276,60,1,1
BRDA:277,61,0,1
BRDA:277,61,1,1
BRDA:278,62,0,1
BRDA:278,62,1,1
BRDA:280,63,0,1
BRDA:280,63,1,1
BRDA:281,64,0,1
BRDA:281,64,1,1
BRDA:282,65,0,1
BRDA:282,65,1,1
BRDA:283,66,0,1
BRDA:283,66,1,1
BRDA:288,67,0,0
BRDA:288,67,1,3
BRDA:292,68,0,0
BRDA:292,68,1,1
BRDA:294,69,0,0
BRDA:294,69,1,1
BRDA:296,70,0,1
BRDA:296,70,1,0
BRF:137
BRH:80
end_of_record
TN:
SF:src\background\local-analyzer.js
FN:81,analyzeJobLocally
FN:99,(anonymous_1)
FN:107,(anonymous_2)
FN:117,(anonymous_3)
FN:118,(anonymous_4)
FN:124,(anonymous_5)
FN:126,(anonymous_6)
FN:130,(anonymous_7)
FN:132,(anonymous_8)
FN:156,(anonymous_9)
FN:165,extractTokens
FN:170,(anonymous_11)
FN:173,extractProfileTokens
FN:201,(anonymous_13)
FN:204,scoreKeywords
FN:222,(anonymous_15)
FN:230,(anonymous_16)
FN:247,(anonymous_17)
FN:251,extractJobMeta
FN:274,(anonymous_19)
FN:285,normalize
FN:289,capitalize
FNF:22
FNH:21
FNDA:2,analyzeJobLocally
FNDA:51,(anonymous_1)
FNDA:0,(anonymous_2)
FNDA:13,(anonymous_3)
FNDA:3,(anonymous_4)
FNDA:2,(anonymous_5)
FNDA:3,(anonymous_6)
FNDA:8,(anonymous_7)
FNDA:9,(anonymous_8)
FNDA:10,(anonymous_9)
FNDA:2,extractTokens
FNDA:18,(anonymous_11)
FNDA:2,extractProfileTokens
FNDA:11,(anonymous_13)
FNDA:2,scoreKeywords
FNDA:24,(anonymous_15)
FNDA:13,(anonymous_16)
FNDA:11,(anonymous_17)
FNDA:2,extractJobMeta
FNDA:2,(anonymous_19)
FNDA:24,normalize
FNDA:22,capitalize
DA:7,1
DA:41,1
DA:42,1
DA:43,30
DA:44,64
DA:49,1
DA:66,1
DA:82,2
DA:83,2
DA:85,2
DA:86,2
DA:89,2
DA:90,2
DA:92,2
DA:93,13
DA:94,13
DA:97,13
DA:100,51
DA:101,51
DA:107,0
DA:109,13
DA:110,3
DA:112,10
DA:117,13
DA:118,3
DA:119,2
DA:120,2
DA:123,2
DA:124,2
DA:126,3
DA:129,2
DA:130,8
DA:132,9
DA:135,2
DA:136,2
DA:137,2
DA:138,0
DA:139,0
DA:140,2
DA:141,1
DA:142,1
DA:146,2
DA:148,2
DA:156,10
DA:166,2
DA:170,18
DA:174,2
DA:176,2
DA:177,2
DA:178,2
DA:179,5
DA:183,2
DA:184,0
DA:187,2
DA:188,0
DA:191,2
DA:192,1
DA:195,2
DA:196,1
DA:197,1
DA:198,1
DA:201,11
DA:205,2
DA:208,2
DA:209,2
DA:210,13
DA:214,2
DA:215,11
DA:216,11
DA:217,11
DA:222,2
DA:223,24
DA:224,13
DA:225,13
DA:226,13
DA:230,2
DA:231,13
DA:233,13
DA:234,104
DA:235,104
DA:236,104
DA:237,104
DA:238,13
DA:242,13
DA:246,2
DA:247,11
DA:252,2
DA:253,2
DA:254,2
DA:255,2
DA:256,2
DA:257,2
DA:260,2
DA:261,2
DA:262,2
DA:263,2
DA:266,2
DA:267,1
DA:270,2
DA:271,2
DA:274,2
DA:275,2
DA:276,2
DA:277,2
DA:278,2
DA:282,2
DA:286,24
DA:290,22
DA:291,22
LF:109
LH:104
BRDA:94,0,0,13
BRDA:94,0,1,12
BRDA:97,1,0,13
BRDA:97,1,1,12
BRDA:97,1,2,11
BRDA:97,1,3,10
BRDA:100,2,0,51
BRDA:100,2,1,46
BRDA:101,3,0,51
BRDA:101,3,1,51
BRDA:101,3,2,51
BRDA:101,3,3,51
BRDA:101,3,4,51
BRDA:101,3,5,49
BRDA:101,3,6,49
BRDA:107,4,0,10
BRDA:107,4,1,10
BRDA:109,5,0,3
BRDA:109,5,1,10
BRDA:119,6,0,2
BRDA:119,6,1,0
BRDA:137,7,0,0
BRDA:137,7,1,2
BRDA:140,8,0,1
BRDA:140,8,1,1
BRDA:150,9,0,1
BRDA:150,9,1,1
BRDA:170,10,0,18
BRDA:170,10,1,18
BRDA:176,11,0,2
BRDA:176,11,1,0
BRDA:178,12,0,2
BRDA:178,12,1,0
BRDA:183,13,0,0
BRDA:183,13,1,2
BRDA:187,14,0,0
BRDA:187,14,1,2
BRDA:191,15,0,1
BRDA:191,15,1,1
BRDA:195,16,0,2
BRDA:195,16,1,1
BRDA:196,17,0,1
BRDA:196,17,1,0
BRDA:197,18,0,1
BRDA:197,18,1,0
BRDA:201,19,0,11
BRDA:201,19,1,11
BRDA:210,20,0,13
BRDA:210,20,1,13
BRDA:216,21,0,11
BRDA:216,21,1,0
BRDA:216,22,0,11
BRDA:216,22,1,11
BRDA:217,23,0,11
BRDA:217,23,1,11
BRDA:223,24,0,11
BRDA:223,24,1,13
BRDA:224,25,0,0
BRDA:224,25,1,13
BRDA:225,26,0,0
BRDA:225,26,1,13
BRDA:235,27,0,104
BRDA:235,27,1,0
BRDA:237,28,0,13
BRDA:237,28,1,91
BRDA:260,29,0,0
BRDA:260,29,1,2
BRDA:261,30,0,0
BRDA:261,30,1,2
BRDA:262,31,0,0
BRDA:262,31,1,2
BRDA:263,32,0,0
BRDA:263,32,1,2
BRDA:266,33,0,1
BRDA:266,33,1,1
BRDA:267,34,0,0
BRDA:267,34,1,1
BRDA:271,35,0,0
BRDA:271,35,1,2
BRDA:276,36,0,2
BRDA:276,36,1,0
BRDA:276,37,0,2
BRDA:276,37,1,2
BRDA:276,37,2,2
BRDA:286,38,0,24
BRDA:286,38,1,0
BRDA:290,39,0,0
BRDA:290,39,1,22
BRF:88
BRH:67
end_of_record
TN:
SF:src\background\openai-client.js
FN:16,analyzeJob
FN:37,parseResume
FN:53,generateCoverLetterOpenAI
FN:67,testApiKey
FN:79,planSmartFormFillOpenAI
FN:94,modelPrefersMaxCompletionTokens
FN:100,modelSupportsCustomTemperature
FN:106,buildChatCompletionsBody
FN:121,callOpenAI
FN:155,(anonymous_9)
FN:160,(anonymous_10)
FN:206,(anonymous_11)
FN:226,validateAnalysisResult
FN:245,clamp
FN:249,ensureArray
FN:254,(anonymous_15)
FNF:16
FNH:12
FNDA:7,analyzeJob
FNDA:0,parseResume
FNDA:0,generateCoverLetterOpenAI
FNDA:2,testApiKey
FNDA:1,planSmartFormFillOpenAI
FNDA:9,modelPrefersMaxCompletionTokens
FNDA:10,modelSupportsCustomTemperature
FNDA:10,buildChatCompletionsBody
FNDA:10,callOpenAI
FNDA:1,(anonymous_9)
FNDA:0,(anonymous_10)
FNDA:0,(anonymous_11)
FNDA:4,validateAnalysisResult
FNDA:4,clamp
FNDA:12,ensureArray
FNDA:4,(anonymous_15)
DA:17,7
DA:18,7
DA:20,7
DA:29,4
DA:31,4
DA:38,0
DA:39,0
DA:40,0
DA:49,0
DA:50,0
DA:54,0
DA:55,0
DA:56,0
DA:59,0
DA:60,0
DA:64,0
DA:68,2
DA:69,2
DA:73,1
DA:75,1
DA:80,1
DA:81,1
DA:82,1
DA:90,1
DA:91,1
DA:97,9
DA:103,10
DA:107,10
DA:112,10
DA:113,7
DA:115,10
DA:116,10
DA:118,10
DA:122,10
DA:124,10
DA:125,1
DA:128,9
DA:130,9
DA:131,9
DA:134,9
DA:135,9
DA:136,9
DA:137,9
DA:139,9
DA:140,12
DA:141,12
DA:150,12
DA:152,5
DA:153,5
DA:154,1
DA:155,1
DA:156,1
DA:157,1
DA:160,4
DA:161,4
DA:162,4
DA:166,4
DA:168,2
DA:170,2
DA:171,1
DA:172,1
DA:173,1
DA:174,1
DA:180,3
DA:181,1
DA:182,1
DA:183,1
DA:184,1
DA:185,1
DA:186,1
DA:187,1
DA:189,0
DA:190,0
DA:191,0
DA:192,0
DA:193,0
DA:197,2
DA:198,1
DA:199,0
DA:201,0
DA:203,2
DA:204,0
DA:205,0
DA:206,0
DA:207,0
DA:209,0
DA:213,7
DA:214,7
DA:216,7
DA:217,1
DA:220,6
DA:227,4
DA:246,4
DA:250,12
DA:255,4
DA:256,4
DA:257,4
LF:97
LH:74
BRDA:37,0,0,0
BRDA:53,1,0,0
BRDA:55,2,0,0
BRDA:55,2,1,0
BRDA:56,3,0,0
BRDA:56,3,1,0
BRDA:59,4,0,0
BRDA:59,4,1,0
BRDA:79,5,0,0
BRDA:87,6,0,1
BRDA:87,6,1,0
BRDA:97,7,0,9
BRDA:97,7,1,9
BRDA:103,8,0,10
BRDA:103,8,1,10
BRDA:103,8,2,9
BRDA:112,9,0,7
BRDA:112,9,1,3
BRDA:112,10,0,10
BRDA:112,10,1,7
BRDA:112,10,2,7
BRDA:115,11,0,10
BRDA:115,11,1,0
BRDA:115,12,0,10
BRDA:115,12,1,10
BRDA:115,12,2,10
BRDA:121,13,0,2
BRDA:124,14,0,1
BRDA:124,14,1,9
BRDA:130,15,0,1
BRDA:130,15,1,8
BRDA:150,16,0,7
BRDA:150,16,1,5
BRDA:152,17,0,5
BRDA:152,17,1,4
BRDA:152,17,2,0
BRDA:153,18,0,1
BRDA:153,18,1,4
BRDA:153,19,0,5
BRDA:153,19,1,1
BRDA:161,20,0,4
BRDA:161,20,1,0
BRDA:166,21,0,2
BRDA:166,21,1,2
BRDA:166,22,0,4
BRDA:166,22,1,2
BRDA:168,23,0,2
BRDA:168,23,1,1
BRDA:170,24,0,1
BRDA:170,24,1,1
BRDA:170,25,0,2
BRDA:170,25,1,1
BRDA:180,26,0,1
BRDA:180,26,1,2
BRDA:180,27,0,3
BRDA:180,27,1,1
BRDA:183,28,0,1
BRDA:183,28,1,0
BRDA:183,29,0,1
BRDA:183,29,1,1
BRDA:189,30,0,0
BRDA:189,30,1,0
BRDA:189,31,0,0
BRDA:189,31,1,0
BRDA:197,32,0,1
BRDA:197,32,1,1
BRDA:198,33,0,1
BRDA:198,33,1,0
BRDA:199,34,0,0
BRDA:199,34,1,0
BRDA:203,35,0,2
BRDA:203,35,1,0
BRDA:204,36,0,0
BRDA:204,36,1,0
BRDA:216,37,0,1
BRDA:216,37,1,6
BRDA:222,38,0,6
BRDA:222,38,1,0
BRDA:228,39,0,4
BRDA:228,39,1,0
BRDA:231,40,0,0
BRDA:231,40,1,4
BRDA:234,41,0,4
BRDA:234,41,1,4
BRDA:235,42,0,4
BRDA:235,42,1,4
BRDA:236,43,0,4
BRDA:236,43,1,4
BRDA:238,44,0,4
BRDA:238,44,1,4
BRDA:239,45,0,4
BRDA:239,45,1,4
BRDA:240,46,0,4
BRDA:240,46,1,4
BRDA:241,47,0,4
BRDA:241,47,1,4
BRDA:250,48,0,0
BRDA:250,48,1,12
BRF:98
BRH:70
end_of_record
TN:
SF:src\background\perplexity-client.js
FN:19,analyzeJobPerplexity
FN:41,parseResumePerplexity
FN:61,generateCoverLetterPerplexity
FN:75,findJobsPerplexity
FN:83,(anonymous_4)
FN:103,planSmartFormFillPerplexity
FN:123,dedupeJobListings
FN:142,testPerplexityKey
FN:154,callPerplexity
FN:162,callPerplexityFull
FN:197,(anonymous_10)
FN:202,(anonymous_11)
FN:212,(anonymous_12)
FN:235,parseFindJobsJsonArray
FN:239,(anonymous_14)
FN:242,(anonymous_15)
FN:244,(anonymous_16)
FN:247,(anonymous_17)
FN:273,extractBalancedJsonArray
FN:303,normalizeJobListing
FN:318,normalizeSearchResultRow
FN:334,extractJson
FN:343,validateAnalysisResult
FN:362,clamp
FN:363,ensureArray
FN:366,(anonymous_25)
FNF:26
FNH:20
FNDA:1,analyzeJobPerplexity
FNDA:1,parseResumePerplexity
FNDA:0,generateCoverLetterPerplexity
FNDA:3,findJobsPerplexity
FNDA:1,(anonymous_4)
FNDA:1,planSmartFormFillPerplexity
FNDA:3,dedupeJobListings
FNDA:2,testPerplexityKey
FNDA:5,callPerplexity
FNDA:8,callPerplexityFull
FNDA:0,(anonymous_10)
FNDA:0,(anonymous_11)
FNDA:0,(anonymous_12)
FNDA:3,parseFindJobsJsonArray
FNDA:4,(anonymous_14)
FNDA:3,(anonymous_15)
FNDA:0,(anonymous_16)
FNDA:0,(anonymous_17)
FNDA:1,extractBalancedJsonArray
FNDA:3,normalizeJobListing
FNDA:1,normalizeSearchResultRow
FNDA:3,extractJson
FNDA:1,validateAnalysisResult
FNDA:1,clamp
FNDA:3,ensureArray
FNDA:2,(anonymous_25)
DA:17,7
DA:20,1
DA:21,1
DA:23,1
DA:32,1
DA:33,1
DA:35,0
DA:38,1
DA:42,1
DA:43,1
DA:44,1
DA:53,1
DA:54,1
DA:56,1
DA:58,0
DA:62,0
DA:63,0
DA:64,0
DA:67,0
DA:68,0
DA:72,0
DA:76,3
DA:81,3
DA:82,3
DA:83,1
DA:86,3
DA:88,3
DA:89,0
DA:100,3
DA:104,1
DA:105,1
DA:106,1
DA:115,1
DA:116,1
DA:118,0
DA:120,1
DA:124,3
DA:125,3
DA:126,3
DA:128,3
DA:129,4
DA:130,4
DA:131,4
DA:132,4
DA:133,4
DA:134,4
DA:135,3
DA:136,3
DA:139,3
DA:143,2
DA:144,2
DA:148,1
DA:150,1
DA:155,5
DA:156,4
DA:163,8
DA:165,8
DA:166,0
DA:169,8
DA:170,8
DA:178,8
DA:179,8
DA:181,8
DA:182,8
DA:183,8
DA:192,8
DA:194,1
DA:195,1
DA:196,0
DA:197,0
DA:198,0
DA:199,0
DA:202,1
DA:203,1
DA:204,1
DA:205,1
DA:206,0
DA:207,0
DA:209,1
DA:210,0
DA:211,0
DA:212,0
DA:213,0
DA:215,0
DA:219,7
DA:220,7
DA:221,7
DA:222,0
DA:225,7
DA:236,3
DA:238,3
DA:239,3
DA:240,4
DA:241,4
DA:242,3
DA:243,0
DA:244,0
DA:246,0
DA:247,0
DA:252,2
DA:255,3
DA:256,3
DA:258,2
DA:259,2
DA:260,1
DA:261,1
DA:264,1
DA:265,1
DA:266,0
DA:267,0
DA:270,1
DA:274,1
DA:275,1
DA:276,0
DA:277,0
DA:278,0
DA:279,0
DA:280,0
DA:281,0
DA:282,0
DA:283,0
DA:285,0
DA:286,0
DA:287,0
DA:289,0
DA:290,0
DA:291,0
DA:293,0
DA:294,0
DA:295,0
DA:296,0
DA:297,0
DA:300,0
DA:304,3
DA:305,0
DA:307,3
DA:319,1
DA:320,0
DA:322,1
DA:335,3
DA:336,3
DA:337,3
DA:338,1
DA:339,1
DA:340,1
DA:344,1
DA:362,1
DA:363,3
DA:367,2
DA:368,2
DA:369,2
LF:151
LH:100
BRDA:41,0,0,0
BRDA:61,1,0,0
BRDA:63,2,0,0
BRDA:63,2,1,0
BRDA:64,3,0,0
BRDA:64,3,1,0
BRDA:67,4,0,0
BRDA:67,4,1,0
BRDA:82,5,0,1
BRDA:82,5,1,2
BRDA:82,6,0,3
BRDA:82,6,1,1
BRDA:82,6,2,1
BRDA:88,7,0,0
BRDA:88,7,1,3
BRDA:88,8,0,3
BRDA:88,8,1,0
BRDA:93,9,0,0
BRDA:93,9,1,0
BRDA:103,10,0,0
BRDA:111,11,0,1
BRDA:111,11,1,0
BRDA:124,12,0,0
BRDA:124,12,1,3
BRDA:124,13,0,3
BRDA:124,13,1,3
BRDA:129,14,0,4
BRDA:129,14,1,0
BRDA:130,15,0,4
BRDA:130,15,1,0
BRDA:131,16,0,4
BRDA:131,16,1,0
BRDA:133,17,0,4
BRDA:133,17,1,0
BRDA:133,18,0,0
BRDA:133,18,1,0
BRDA:134,19,0,1
BRDA:134,19,1,3
BRDA:163,20,0,0
BRDA:163,21,0,0
BRDA:163,22,0,0
BRDA:165,23,0,0
BRDA:165,23,1,8
BRDA:192,24,0,7
BRDA:192,24,1,1
BRDA:194,25,0,1
BRDA:194,25,1,1
BRDA:194,25,2,0
BRDA:195,26,0,0
BRDA:195,26,1,1
BRDA:195,27,0,1
BRDA:195,27,1,0
BRDA:203,28,0,1
BRDA:203,28,1,0
BRDA:205,29,0,1
BRDA:205,29,1,0
BRDA:206,30,0,0
BRDA:206,30,1,0
BRDA:209,31,0,1
BRDA:209,31,1,0
BRDA:210,32,0,0
BRDA:210,32,1,0
BRDA:221,33,0,0
BRDA:221,33,1,7
BRDA:227,34,0,7
BRDA:227,34,1,0
BRDA:236,35,0,0
BRDA:236,35,1,3
BRDA:236,36,0,3
BRDA:236,36,1,3
BRDA:242,37,0,2
BRDA:242,37,1,0
BRDA:242,38,0,3
BRDA:242,38,1,0
BRDA:243,39,0,0
BRDA:243,39,1,0
BRDA:243,40,0,0
BRDA:243,40,1,0
BRDA:243,40,2,0
BRDA:244,41,0,0
BRDA:244,41,1,0
BRDA:246,42,0,0
BRDA:246,42,1,0
BRDA:246,43,0,0
BRDA:246,43,1,0
BRDA:246,43,2,0
BRDA:247,44,0,0
BRDA:247,44,1,0
BRDA:256,45,0,1
BRDA:256,45,1,2
BRDA:259,46,0,1
BRDA:259,46,1,1
BRDA:261,47,0,1
BRDA:261,47,1,0
BRDA:265,48,0,0
BRDA:265,48,1,1
BRDA:267,49,0,0
BRDA:267,49,1,0
BRDA:275,50,0,1
BRDA:275,50,1,0
BRDA:281,51,0,0
BRDA:281,51,1,0
BRDA:285,52,0,0
BRDA:285,52,1,0
BRDA:285,53,0,0
BRDA:285,53,1,0
BRDA:289,54,0,0
BRDA:289,54,1,0
BRDA:289,55,0,0
BRDA:289,55,1,0
BRDA:293,56,0,0
BRDA:293,56,1,0
BRDA:294,57,0,0
BRDA:294,57,1,0
BRDA:295,58,0,0
BRDA:295,58,1,0
BRDA:297,59,0,0
BRDA:297,59,1,0
BRDA:304,60,0,0
BRDA:304,60,1,3
BRDA:304,61,0,3
BRDA:304,61,1,3
BRDA:308,62,0,3
BRDA:308,62,1,0
BRDA:308,62,2,0
BRDA:309,63,0,3
BRDA:309,63,1,0
BRDA:309,63,2,0
BRDA:310,64,0,3
BRDA:310,64,1,3
BRDA:311,65,0,3
BRDA:311,65,1,0
BRDA:312,66,0,3
BRDA:312,66,1,3
BRDA:312,66,2,3
BRDA:312,66,3,3
BRDA:313,67,0,3
BRDA:313,67,1,3
BRDA:313,67,2,3
BRDA:314,68,0,3
BRDA:314,68,1,3
BRDA:314,68,2,3
BRDA:314,68,3,3
BRDA:319,69,0,0
BRDA:319,69,1,1
BRDA:319,70,0,1
BRDA:319,70,1,1
BRDA:323,71,0,1
BRDA:323,71,1,0
BRDA:326,72,0,1
BRDA:326,72,1,0
BRDA:327,73,0,1
BRDA:327,73,1,0
BRDA:327,73,2,0
BRDA:329,74,0,1
BRDA:329,74,1,0
BRDA:335,75,0,0
BRDA:335,75,1,3
BRDA:337,76,0,2
BRDA:337,76,1,1
BRDA:339,77,0,0
BRDA:339,77,1,1
BRDA:345,78,0,1
BRDA:345,78,1,0
BRDA:348,79,0,0
BRDA:348,79,1,1
BRDA:351,80,0,1
BRDA:351,80,1,1
BRDA:352,81,0,1
BRDA:352,81,1,1
BRDA:353,82,0,1
BRDA:353,82,1,1
BRDA:355,83,0,1
BRDA:355,83,1,1
BRDA:356,84,0,1
BRDA:356,84,1,1
BRDA:357,85,0,1
BRDA:357,85,1,1
BRDA:358,86,0,1
BRDA:358,86,1,1
BRDA:363,87,0,0
BRDA:363,87,1,3
BRF:182
BRH:88
end_of_record
TN:
SF:src\shared\constants.js
FN:158,(anonymous_0)
FNF:1
FNH:1
FNDA:345,(anonymous_0)
DA:1,15
DA:82,15
DA:105,15
DA:122,15
DA:138,15
DA:144,15
DA:149,15
DA:157,15
DA:158,345
DA:164,15
DA:173,15
DA:174,15
DA:175,15
DA:176,15
DA:177,15
DA:178,15
DA:179,15
DA:180,15
LF:18
LH:18
BRF:0
BRH:0
end_of_record
TN:
SF:src\shared\prompts.js
FN:3,buildAnalysisPrompt
FN:40,normalizeResumeProfileDepth
FN:45,getParseResumeMaxTokens
FN:51,buildResumeParseSystem
FN:156,buildResumeParseRules
FN:202,buildResumeParsePrompt
FN:226,buildCoverLetterPrompt
FN:269,buildSmartFillSystem
FN:293,buildSmartFillPrompt
FN:294,(anonymous_9)
FN:332,buildSmartCoverLetterPrompt
FN:384,formatExperienceBullets
FN:389,(anonymous_12)
FN:399,buildFindJobsPrompt
FN:435,profileGenerationDepthPreamble
FN:446,buildProfileGenerationPrompt
FNF:16
FNH:11
FNDA:13,buildAnalysisPrompt
FNDA:29,normalizeResumeProfileDepth
FNDA:2,getParseResumeMaxTokens
FNDA:17,buildResumeParseSystem
FNDA:4,buildResumeParseRules
FNDA:4,buildResumeParsePrompt
FNDA:2,buildCoverLetterPrompt
FNDA:4,buildSmartFillSystem
FNDA:4,buildSmartFillPrompt
FNDA:20,(anonymous_9)
FNDA:0,buildSmartCoverLetterPrompt
FNDA:0,formatExperienceBullets
FNDA:0,(anonymous_12)
FNDA:4,buildFindJobsPrompt
FNDA:0,profileGenerationDepthPreamble
FNDA:0,buildProfileGenerationPrompt
DA:1,12
DA:4,13
DA:30,12
DA:33,12
DA:41,29
DA:42,29
DA:46,2
DA:47,2
DA:48,2
DA:52,17
DA:53,17
DA:54,17
DA:55,1
DA:57,16
DA:58,2
DA:60,14
DA:61,1
DA:63,13
DA:67,12
DA:69,12
DA:157,4
DA:158,4
DA:165,4
DA:166,1
DA:176,3
DA:177,2
DA:185,1
DA:186,0
DA:194,1
DA:203,4
DA:205,4
DA:211,4
DA:222,12
DA:227,2
DA:233,2
DA:234,2
DA:235,2
DA:236,2
DA:237,2
DA:238,2
DA:240,2
DA:270,4
DA:273,4
DA:294,20
DA:295,4
DA:333,0
DA:339,0
DA:340,0
DA:341,0
DA:342,0
DA:343,0
DA:344,0
DA:345,0
DA:346,0
DA:348,0
DA:385,0
DA:386,0
DA:387,0
DA:390,0
DA:391,0
DA:400,4
DA:401,4
DA:402,4
DA:403,4
DA:404,4
DA:406,4
DA:436,0
DA:437,0
DA:443,0
DA:447,0
DA:448,0
DA:453,0
LF:72
LH:50
BRDA:41,0,0,29
BRDA:41,0,1,0
BRDA:42,1,0,28
BRDA:42,1,1,1
BRDA:48,2,0,2
BRDA:48,2,1,0
BRDA:51,3,0,0
BRDA:54,4,0,1
BRDA:54,4,1,16
BRDA:57,5,0,2
BRDA:57,5,1,14
BRDA:60,6,0,1
BRDA:60,6,1,13
BRDA:165,7,0,1
BRDA:165,7,1,3
BRDA:176,8,0,2
BRDA:176,8,1,1
BRDA:185,9,0,0
BRDA:185,9,1,1
BRDA:202,10,0,0
BRDA:205,11,0,1
BRDA:205,11,1,3
BRDA:207,12,0,1
BRDA:207,12,1,2
BRDA:226,13,0,0
BRDA:227,14,0,2
BRDA:227,14,1,1
BRDA:233,15,0,2
BRDA:233,15,1,0
BRDA:234,16,0,2
BRDA:234,16,1,0
BRDA:235,17,0,2
BRDA:235,17,1,0
BRDA:235,17,2,0
BRDA:236,18,0,1
BRDA:236,18,1,1
BRDA:237,19,0,2
BRDA:237,19,1,2
BRDA:238,20,0,2
BRDA:238,20,1,1
BRDA:246,21,0,2
BRDA:246,21,1,0
BRDA:250,22,0,0
BRDA:250,22,1,2
BRDA:252,23,0,2
BRDA:252,23,1,1
BRDA:254,24,0,2
BRDA:254,24,1,2
BRDA:269,25,0,0
BRDA:269,26,0,0
BRDA:270,27,0,3
BRDA:270,27,1,1
BRDA:294,28,0,17
BRDA:294,28,1,3
BRDA:294,29,0,20
BRDA:294,29,1,17
BRDA:294,30,0,3
BRDA:294,30,1,3
BRDA:310,31,0,4
BRDA:310,31,1,0
BRDA:313,32,0,4
BRDA:313,32,1,3
BRDA:316,33,0,4
BRDA:316,33,1,0
BRDA:319,34,0,4
BRDA:319,34,1,0
BRDA:322,35,0,4
BRDA:322,35,1,0
BRDA:332,36,0,0
BRDA:332,37,0,0
BRDA:333,38,0,0
BRDA:333,38,1,0
BRDA:339,39,0,0
BRDA:339,39,1,0
BRDA:340,40,0,0
BRDA:340,40,1,0
BRDA:341,41,0,0
BRDA:341,41,1,0
BRDA:341,41,2,0
BRDA:342,42,0,0
BRDA:342,42,1,0
BRDA:343,43,0,0
BRDA:343,43,1,0
BRDA:344,44,0,0
BRDA:344,44,1,0
BRDA:345,45,0,0
BRDA:345,45,1,0
BRDA:346,46,0,0
BRDA:346,46,1,0
BRDA:356,47,0,0
BRDA:356,47,1,0
BRDA:357,48,0,0
BRDA:357,48,1,0
BRDA:358,49,0,0
BRDA:358,49,1,0
BRDA:359,50,0,0
BRDA:359,50,1,0
BRDA:360,51,0,0
BRDA:360,51,1,0
BRDA:363,52,0,0
BRDA:363,52,1,0
BRDA:367,53,0,0
BRDA:367,53,1,0
BRDA:370,54,0,0
BRDA:370,54,1,0
BRDA:386,55,0,0
BRDA:386,55,1,0
BRDA:386,56,0,0
BRDA:386,56,1,0
BRDA:390,57,0,0
BRDA:390,57,1,0
BRDA:400,58,0,4
BRDA:400,58,1,3
BRDA:401,59,0,4
BRDA:401,59,1,3
BRDA:402,60,0,4
BRDA:402,60,1,3
BRDA:402,60,2,3
BRDA:403,61,0,0
BRDA:403,61,1,4
BRDA:403,62,0,0
BRDA:403,62,1,4
BRDA:404,63,0,4
BRDA:404,63,1,4
BRDA:411,64,0,4
BRDA:411,64,1,3
BRDA:412,65,0,0
BRDA:412,65,1,4
BRDA:446,66,0,0
BRF:129
BRH:64
end_of_record
TN:
SF:src\shared\utils.js
FN:3,sleep
FN:4,(anonymous_1)
FN:7,randomBetween
FN:11,generateId
FN:22,normalizeJobPageUrl
FN:41,(anonymous_5)
FN:47,(anonymous_6)
FN:56,normalizeCompanyTitleKey
FN:68,extractJobIdFromUrl
FN:115,buildJobPostingKey
FN:133,buildJobPostingKeyFromHints
FN:136,(anonymous_11)
FN:138,(anonymous_12)
FN:168,normalizeTextForCacheHash
FN:184,hashContent
FN:192,(anonymous_15)
FN:198,hashString
FN:204,(anonymous_17)
FN:214,monthYearToIsoDate
FN:223,isoDateToMonthYear
FN:231,truncateText
FN:236,formatDate
FN:245,formatNumber
FN:249,estimateCost
FN:255,debounce
FN:257,(anonymous_25)
FN:259,(anonymous_26)
FN:263,extractDomain
FN:271,sendMessage
FN:301,isExtensionContextInvalidatedError
FN:306,isRetryableMessagingError
FN:318,notifyExtensionContextInvalidated
FNF:32
FNH:22
FNDA:1,sleep
FNDA:1,(anonymous_1)
FNDA:0,randomBetween
FNDA:0,generateId
FNDA:9,normalizeJobPageUrl
FNDA:0,(anonymous_5)
FNDA:1,(anonymous_6)
FNDA:9,normalizeCompanyTitleKey
FNDA:13,extractJobIdFromUrl
FNDA:7,buildJobPostingKey
FNDA:3,buildJobPostingKeyFromHints
FNDA:1,(anonymous_11)
FNDA:0,(anonymous_12)
FNDA:0,normalizeTextForCacheHash
FNDA:0,hashContent
FNDA:0,(anonymous_15)
FNDA:1,hashString
FNDA:32,(anonymous_17)
FNDA:1,monthYearToIsoDate
FNDA:2,isoDateToMonthYear
FNDA:2,truncateText
FNDA:0,formatDate
FNDA:0,formatNumber
FNDA:1,estimateCost
FNDA:1,debounce
FNDA:2,(anonymous_25)
FNDA:1,(anonymous_26)
FNDA:0,extractDomain
FNDA:2,sendMessage
FNDA:2,isExtensionContextInvalidatedError
FNDA:1,isRetryableMessagingError
FNDA:1,notifyExtensionContextInvalidated
DA:4,1
DA:8,0
DA:12,0
DA:23,9
DA:24,9
DA:25,9
DA:26,9
DA:27,9
DA:28,9
DA:33,9
DA:34,9
DA:35,7
DA:36,7
DA:38,1
DA:39,1
DA:41,9
DA:43,9
DA:44,8
DA:46,1
DA:47,1
DA:49,1
DA:51,0
DA:57,9
DA:69,13
DA:70,13
DA:71,13
DA:72,13
DA:74,13
DA:75,13
DA:78,7
DA:81,7
DA:82,0
DA:83,0
DA:86,7
DA:87,7
DA:89,7
DA:90,7
DA:92,6
DA:93,1
DA:94,1
DA:97,5
DA:98,5
DA:100,4
DA:101,4
DA:103,4
DA:104,4
DA:106,4
DA:108,0
DA:116,7
DA:117,7
DA:118,7
DA:119,7
DA:120,7
DA:121,7
DA:122,4
DA:123,4
DA:125,0
DA:134,3
DA:135,3
DA:136,1
DA:138,0
DA:140,3
DA:141,1
DA:142,1
DA:143,1
DA:144,1
DA:150,2
DA:154,11
DA:169,0
DA:173,0
DA:174,0
DA:176,0
DA:177,0
DA:185,0
DA:186,0
DA:187,0
DA:188,0
DA:189,0
DA:190,0
DA:191,0
DA:192,0
DA:199,1
DA:200,1
DA:201,1
DA:202,1
DA:203,1
DA:204,32
DA:208,11
DA:215,1
DA:216,1
DA:217,1
DA:218,1
DA:219,1
DA:224,2
DA:225,1
DA:226,1
DA:227,1
DA:228,1
DA:232,2
DA:233,1
DA:237,0
DA:238,0
DA:246,0
DA:250,1
DA:251,1
DA:252,1
DA:257,1
DA:258,2
DA:259,2
DA:264,0
DA:265,0
DA:267,0
DA:272,2
DA:273,2
DA:275,2
DA:276,3
DA:278,3
DA:280,2
DA:282,2
DA:283,1
DA:284,1
DA:285,1
DA:288,1
DA:289,1
DA:290,1
DA:293,0
DA:294,0
DA:298,0
DA:302,2
DA:303,2
DA:307,1
DA:308,1
DA:317,11
DA:319,1
DA:320,1
DA:322,1
DA:323,1
LF:137
LH:107
BRDA:23,0,0,0
BRDA:23,0,1,9
BRDA:23,1,0,9
BRDA:23,1,1,9
BRDA:27,2,0,9
BRDA:27,2,1,0
BRDA:35,3,0,7
BRDA:35,3,1,0
BRDA:36,4,0,6
BRDA:36,4,1,1
BRDA:36,5,0,7
BRDA:36,5,1,7
BRDA:38,6,0,0
BRDA:38,6,1,1
BRDA:38,7,0,1
BRDA:38,7,1,1
BRDA:38,7,2,1
BRDA:39,8,0,1
BRDA:39,8,1,0
BRDA:43,9,0,8
BRDA:43,9,1,1
BRDA:57,10,0,9
BRDA:57,10,1,1
BRDA:69,11,0,0
BRDA:69,11,1,13
BRDA:69,12,0,13
BRDA:69,12,1,13
BRDA:75,13,0,6
BRDA:75,13,1,7
BRDA:75,14,0,13
BRDA:75,14,1,6
BRDA:78,15,0,7
BRDA:78,15,1,7
BRDA:78,15,2,7
BRDA:81,16,0,0
BRDA:81,16,1,7
BRDA:81,17,0,7
BRDA:81,17,1,0
BRDA:83,18,0,0
BRDA:83,18,1,0
BRDA:87,19,0,0
BRDA:87,19,1,7
BRDA:87,20,0,7
BRDA:87,20,1,0
BRDA:90,21,0,1
BRDA:90,21,1,6
BRDA:90,22,0,7
BRDA:90,22,1,6
BRDA:90,22,2,1
BRDA:92,23,0,1
BRDA:92,23,1,5
BRDA:92,24,0,6
BRDA:92,24,1,6
BRDA:94,25,0,1
BRDA:94,25,1,0
BRDA:98,26,0,1
BRDA:98,26,1,4
BRDA:98,27,0,5
BRDA:98,27,1,1
BRDA:98,27,2,1
BRDA:98,27,3,1
BRDA:101,28,0,0
BRDA:101,28,1,4
BRDA:101,29,0,4
BRDA:101,29,1,0
BRDA:104,30,0,0
BRDA:104,30,1,4
BRDA:116,31,0,0
BRDA:116,31,1,7
BRDA:116,32,0,7
BRDA:116,32,1,7
BRDA:121,33,0,3
BRDA:121,33,1,4
BRDA:123,34,0,4
BRDA:123,34,1,0
BRDA:133,35,0,0
BRDA:134,36,0,3
BRDA:134,36,1,0
BRDA:136,37,0,1
BRDA:136,37,1,0
BRDA:140,38,0,1
BRDA:140,38,1,2
BRDA:140,39,0,3
BRDA:140,39,1,1
BRDA:169,40,0,0
BRDA:169,40,1,0
BRDA:184,41,0,0
BRDA:187,42,0,0
BRDA:187,42,1,0
BRDA:199,43,0,1
BRDA:199,43,1,0
BRDA:215,44,0,0
BRDA:215,44,1,1
BRDA:217,45,0,0
BRDA:217,45,1,1
BRDA:224,46,0,1
BRDA:224,46,1,1
BRDA:224,47,0,2
BRDA:224,47,1,2
BRDA:227,48,0,0
BRDA:227,48,1,1
BRDA:227,49,0,1
BRDA:227,49,1,1
BRDA:232,50,0,1
BRDA:232,50,1,1
BRDA:251,51,0,0
BRDA:251,51,1,1
BRDA:271,52,0,1
BRDA:280,53,0,2
BRDA:280,53,1,0
BRDA:280,53,2,0
BRDA:282,54,0,1
BRDA:282,54,1,1
BRDA:288,55,0,1
BRDA:288,55,1,0
BRDA:288,56,0,1
BRDA:288,56,1,1
BRDA:294,57,0,0
BRDA:294,57,1,0
BRDA:302,58,0,2
BRDA:302,58,1,0
BRDA:303,59,0,2
BRDA:303,59,1,1
BRDA:307,60,0,1
BRDA:307,60,1,0
BRDA:309,61,0,1
BRDA:309,61,1,0
BRDA:309,61,2,0
BRDA:309,61,3,0
BRDA:309,61,4,0
BRDA:319,62,0,0
BRDA:319,62,1,1
BRF:132
BRH:89
end_of_record
